[2017-07-14 09:37:47.666] [INFO] http - ACCOUNT HTTP SERVICE READY.
[2017-07-14 09:37:47.620] [INFO] http - HALL HTTP SERVICE READY.
[2017-07-14 09:37:48.148] [INFO] http - POKER SANDAHA HTTP SERVICE READY.
[2017-07-14 09:37:48.211] [INFO] http - POKER TAXAS HTTP SERVICE READY.
[2017-07-14 09:37:48.196] [INFO] http - POKER SANGONG HTTP SERVICE READY.
[2017-07-14 09:37:47.698] [INFO] http - POKER RUNNING HTTP SERVICE READY.
[2017-07-14 09:37:47.744] [INFO] http - POKER OX HTTP SERVICE READY.
[2017-07-14 09:37:48.086] [INFO] http - POKER 21 POINTS HTTP SERVICE READY.
[2017-07-14 09:37:48.336] [INFO] http - POKER SHISANSHUI HTTP SERVICE READY.
[2017-07-14 09:37:48.398] [INFO] http - POKER 10.5 POINTS HTTP SERVICE READY.
[2017-07-14 09:37:48.446] [INFO] http - POKER LANDLORD HTTP SERVICE READY.
[2017-07-14 09:37:48.476] [INFO] http - POKER GOLDFLOWER HTTP SERVICE READY.
[2017-07-14 23:38:12.057] [INFO] http - ACCOUNT HTTP SERVICE READY.
[2017-07-14 23:38:12.230] [INFO] http - HALL HTTP SERVICE READY.
[2017-07-14 23:38:12.146] [INFO] http - POKER RUNNING HTTP SERVICE READY.
[2017-07-14 23:38:12.181] [INFO] http - POKER OX HTTP SERVICE READY.
[2017-07-14 23:38:12.217] [INFO] http - POKER LANDLORD HTTP SERVICE READY.
[2017-07-14 23:38:12.351] [INFO] http - POKER GOLDFLOWER HTTP SERVICE READY.
[2017-07-14 23:38:12.404] [INFO] http - POKER TAXAS HTTP SERVICE READY.
[2017-07-14 23:38:12.469] [INFO] http - POKER SHISANSHUI HTTP SERVICE READY.
[2017-07-14 23:38:12.628] [INFO] http - POKER SANGONG HTTP SERVICE READY.
[2017-07-14 23:38:12.733] [INFO] http - POKER 21 POINTS HTTP SERVICE READY.
[2017-07-14 23:38:12.776] [INFO] http - POKER 10.5 POINTS HTTP SERVICE READY.
[2017-07-14 23:38:12.981] [INFO] http - POKER SANDAHA HTTP SERVICE READY.
[2017-07-14 23:58:27.168] [INFO] http - ACCOUNT HTTP SERVICE READY.
[2017-07-14 23:58:27.204] [INFO] http - HALL HTTP SERVICE READY.
[2017-07-14 23:58:28.680] [INFO] http - POKER RUNNING HTTP SERVICE READY.
[2017-07-14 23:58:28.740] [INFO] http - POKER LANDLORD HTTP SERVICE READY.
[2017-07-14 23:58:30.062] [INFO] http - POKER OX HTTP SERVICE READY.
[2017-07-14 23:58:30.243] [INFO] http - POKER GOLDFLOWER HTTP SERVICE READY.
[2017-07-14 23:58:31.568] [INFO] http - POKER TAXAS HTTP SERVICE READY.
[2017-07-14 23:58:31.800] [INFO] http - POKER SANGONG HTTP SERVICE READY.
[2017-07-14 23:58:32.953] [INFO] http - POKER SHISANSHUI HTTP SERVICE READY.
[2017-07-14 23:58:33.349] [INFO] http - POKER 21 POINTS HTTP SERVICE READY.
[2017-07-14 23:58:34.323] [INFO] http - POKER 10.5 POINTS HTTP SERVICE READY.
[2017-07-14 23:58:34.676] [INFO] http - POKER SANDAHA HTTP SERVICE READY.
[2017-07-14 23:58:50.631] [INFO] http - ACCOUNT HTTP SERVICE READY.
[2017-07-14 23:58:50.641] [INFO] http - HALL HTTP SERVICE READY.
[2017-07-14 23:58:50.696] [INFO] http - POKER RUNNING HTTP SERVICE READY.
[2017-07-14 23:58:50.754] [INFO] http - POKER LANDLORD HTTP SERVICE READY.
[2017-07-14 23:58:50.833] [INFO] http - POKER OX HTTP SERVICE READY.
[2017-07-14 23:58:50.983] [INFO] http - POKER SANGONG HTTP SERVICE READY.
[2017-07-14 23:58:50.988] [INFO] http - POKER GOLDFLOWER HTTP SERVICE READY.
[2017-07-14 23:58:50.952] [INFO] http - POKER TAXAS HTTP SERVICE READY.
[2017-07-14 23:58:51.159] [INFO] http - POKER SHISANSHUI HTTP SERVICE READY.
[2017-07-14 23:58:51.250] [INFO] http - POKER 21 POINTS HTTP SERVICE READY.
[2017-07-14 23:58:51.321] [INFO] http - POKER SANDAHA HTTP SERVICE READY.
[2017-07-14 23:58:51.440] [INFO] http - POKER 10.5 POINTS HTTP SERVICE READY.
