[2017-07-13 09:53:50.778] [INFO] log - ACCOUNT LOG MANAGER READY.
[2017-07-13 09:53:50.879] [INFO] log - HALL LOG MANAGER READY.
[2017-07-13 09:53:50.828] [INFO] log - POKER SHISANSHUI LOG MANAGER READY.
[2017-07-13 09:53:50.846] [INFO] log - POKER SANGONG LOG MANAGER READY.
[2017-07-13 09:53:50.782] [INFO] log - POKER 21 POINTS LOG MANAGER READY.
[2017-07-13 09:53:50.806] [INFO] log - POKER 10.5 POINTS LOG MANAGER READY.
[2017-07-13 09:53:50.779] [INFO] log - POKER GOLDFLOWER LOG MANAGER READY.
[2017-07-13 09:53:50.837] [INFO] log - POKER RUNNING LOG MANAGER READY.
[2017-07-13 09:53:50.781] [INFO] log - POKER OX LOG MANAGER READY.
[2017-07-13 09:53:50.831] [INFO] log - POKER SANDAHA LOG MANAGER READY.
[2017-07-13 09:53:50.792] [INFO] log - POKER LANDLORD LOG MANAGER READY.
[2017-07-13 09:53:50.787] [INFO] log - POKER TAXAS LOG MANAGER READY.
[2017-07-13 14:38:40.216] [INFO] log - HALL LOG MANAGER READY.
[2017-07-13 14:39:56.986] [INFO] log - HALL LOG MANAGER READY.
[2017-07-13 14:57:25.311] [INFO] log - HALL LOG MANAGER READY.
[2017-07-13 14:58:53.799] [INFO] log - HALL LOG MANAGER READY.
[2017-07-13 15:03:25.307] [INFO] log - HALL LOG MANAGER READY.
[2017-07-13 15:06:40.931] [INFO] log - HALL LOG MANAGER READY.
[2017-07-13 15:08:50.702] [INFO] log - HALL LOG MANAGER READY.
[2017-07-13 15:11:51.648] [INFO] log - HALL LOG MANAGER READY.
[2017-07-13 15:12:55.649] [INFO] log - HALL LOG MANAGER READY.
[2017-07-13 15:24:46.286] [INFO] log - HALL LOG MANAGER READY.
[2017-07-13 15:29:24.138] [INFO] log - HALL LOG MANAGER READY.
[2017-07-13 15:34:03.209] [INFO] log - HALL LOG MANAGER READY.
[2017-07-13 15:53:32.412] [INFO] log - HALL LOG MANAGER READY.
[2017-07-13 15:54:50.672] [INFO] log - HALL LOG MANAGER READY.
[2017-07-13 16:00:14.217] [INFO] log - ACCOUNT LOG MANAGER READY.
[2017-07-13 16:00:14.319] [INFO] log - HALL LOG MANAGER READY.
[2017-07-13 16:00:14.318] [INFO] log - POKER OX LOG MANAGER READY.
[2017-07-13 16:00:14.343] [INFO] log - POKER RUNNING LOG MANAGER READY.
[2017-07-13 16:00:14.346] [INFO] log - POKER LANDLORD LOG MANAGER READY.
[2017-07-13 16:00:14.721] [INFO] log - POKER SANGONG LOG MANAGER READY.
[2017-07-13 16:00:14.847] [INFO] log - POKER SHISANSHUI LOG MANAGER READY.
[2017-07-13 16:00:14.839] [INFO] log - POKER GOLDFLOWER LOG MANAGER READY.
[2017-07-13 16:00:15.072] [INFO] log - POKER 10.5 POINTS LOG MANAGER READY.
[2017-07-13 16:00:15.069] [INFO] log - POKER TAXAS LOG MANAGER READY.
[2017-07-13 16:00:15.184] [INFO] log - POKER 21 POINTS LOG MANAGER READY.
[2017-07-13 16:00:15.227] [INFO] log - POKER SANDAHA LOG MANAGER READY.
[2017-07-13 16:00:29.117] [INFO] log - HALL LOG MANAGER READY.
[2017-07-13 16:07:24.862] [INFO] log - HALL LOG MANAGER READY.
[2017-07-13 16:08:42.961] [INFO] log - HALL LOG MANAGER READY.
[2017-07-13 16:09:50.297] [INFO] log - HALL LOG MANAGER READY.
[2017-07-13 16:11:20.471] [INFO] log - HALL LOG MANAGER READY.
[2017-07-13 16:15:16.481] [INFO] log - ACCOUNT LOG MANAGER READY.
[2017-07-13 16:15:16.584] [INFO] log - HALL LOG MANAGER READY.
[2017-07-13 16:15:16.437] [INFO] log - POKER LANDLORD LOG MANAGER READY.
[2017-07-13 16:15:16.512] [INFO] log - POKER 10.5 POINTS LOG MANAGER READY.
[2017-07-13 16:15:16.625] [INFO] log - POKER RUNNING LOG MANAGER READY.
[2017-07-13 16:15:16.657] [INFO] log - POKER SHISANSHUI LOG MANAGER READY.
[2017-07-13 16:15:16.685] [INFO] log - POKER GOLDFLOWER LOG MANAGER READY.
[2017-07-13 16:15:16.862] [INFO] log - POKER 21 POINTS LOG MANAGER READY.
[2017-07-13 16:15:16.955] [INFO] log - POKER TAXAS LOG MANAGER READY.
[2017-07-13 16:15:17.157] [INFO] log - POKER OX LOG MANAGER READY.
[2017-07-13 16:15:17.196] [INFO] log - POKER SANGONG LOG MANAGER READY.
[2017-07-13 16:15:17.288] [INFO] log - POKER SANDAHA LOG MANAGER READY.
[2017-07-13 16:15:34.978] [INFO] log - HALL LOG MANAGER READY.
[2017-07-13 16:16:39.311] [INFO] log - POKER SANDAHA LOG MANAGER READY.
[2017-07-13 16:20:22.740] [INFO] log - ACCOUNT LOG MANAGER READY.
[2017-07-13 16:20:22.739] [INFO] log - POKER GOLDFLOWER LOG MANAGER READY.
[2017-07-13 16:20:22.804] [INFO] log - POKER 10.5 POINTS LOG MANAGER READY.
[2017-07-13 16:20:22.865] [INFO] log - POKER RUNNING LOG MANAGER READY.
[2017-07-13 16:20:22.977] [INFO] log - POKER TAXAS LOG MANAGER READY.
[2017-07-13 16:20:23.415] [INFO] log - HALL LOG MANAGER READY.
[2017-07-13 16:20:23.309] [INFO] log - POKER LANDLORD LOG MANAGER READY.
[2017-07-13 16:20:23.463] [INFO] log - POKER 21 POINTS LOG MANAGER READY.
[2017-07-13 16:20:23.462] [INFO] log - POKER SANDAHA LOG MANAGER READY.
[2017-07-13 16:20:23.626] [INFO] log - POKER OX LOG MANAGER READY.
[2017-07-13 16:20:23.700] [INFO] log - POKER SANGONG LOG MANAGER READY.
[2017-07-13 16:20:23.825] [INFO] log - POKER SHISANSHUI LOG MANAGER READY.
[2017-07-13 16:20:35.366] [INFO] log - HALL LOG MANAGER READY.
[2017-07-13 16:21:44.847] [INFO] log - POKER SANDAHA LOG MANAGER READY.
[2017-07-13 16:23:17.272] [INFO] log - HALL LOG MANAGER READY.
[2017-07-13 16:27:39.921] [INFO] log - HALL LOG MANAGER READY.
[2017-07-13 16:29:31.837] [INFO] log - HALL LOG MANAGER READY.
[2017-07-13 16:35:32.584] [INFO] log - HALL LOG MANAGER READY.
[2017-07-13 16:44:37.273] [INFO] log - POKER SANDAHA LOG MANAGER READY.
[2017-07-13 16:46:38.475] [INFO] log - POKER SANDAHA LOG MANAGER READY.
[2017-07-13 16:49:45.065] [INFO] log - HALL LOG MANAGER READY.
