[2017-07-13 09:53:50.775] [INFO] account - ACCOUNT DB READY.
[2017-07-13 09:53:50.780] [INFO] account - ACCOUNT SERVER RUNNING ON: 9000
[2017-07-13 09:53:50.781] [INFO] account - AGENT CHALLENGE READY FOR CLIENT.
[2017-07-13 09:53:50.783] [INFO] account - AGENT API RUNING ON: 127.0.0.1:12581
[2017-07-13 16:00:14.213] [INFO] account - ACCOUNT DB READY.
[2017-07-13 16:00:14.221] [INFO] account - ACCOUNT SERVER RUNNING ON: 9000
[2017-07-13 16:00:14.222] [INFO] account - AGENT CHALLENGE READY FOR CLIENT.
[2017-07-13 16:00:14.223] [INFO] account - AGENT API RUNING ON: 127.0.0.1:12581
[2017-07-13 16:15:16.476] [INFO] account - ACCOUNT DB READY.
[2017-07-13 16:15:16.485] [INFO] account - ACCOUNT SERVER RUNNING ON: 9000
[2017-07-13 16:15:16.486] [INFO] account - AGENT CHALLENGE READY FOR CLIENT.
[2017-07-13 16:15:16.488] [INFO] account - AGENT API RUNING ON: 127.0.0.1:12581
[2017-07-13 16:18:19.948] [WARN] account - get_serverinfo: error sign===> { time: '1499933679', sign: 'fb9a55fb53f699ee' }
[2017-07-13 16:18:29.944] [WARN] account - get_serverinfo: error sign===> { time: '1499933689', sign: '517a7cef2801ddf8' }
[2017-07-13 16:18:39.948] [WARN] account - get_serverinfo: error sign===> { time: '1499933699', sign: '86be08268ccf2aa2' }
[2017-07-13 16:18:49.954] [WARN] account - get_serverinfo: error sign===> { time: '1499933709', sign: '8a2a873017680abd' }
[2017-07-13 16:18:59.954] [WARN] account - get_serverinfo: error sign===> { time: '1499933719', sign: 'f103cb6ebd73d0f4' }
[2017-07-13 16:19:09.952] [WARN] account - get_serverinfo: error sign===> { time: '1499933729', sign: 'd863e86528ef8534' }
[2017-07-13 16:19:19.954] [WARN] account - get_serverinfo: error sign===> { time: '1499933739', sign: 'c1968461efa2ac23' }
[2017-07-13 16:19:29.955] [WARN] account - get_serverinfo: error sign===> { time: '1499933749', sign: 'a9aaa78463a644dd' }
[2017-07-13 16:19:39.957] [WARN] account - get_serverinfo: error sign===> { time: '1499933759', sign: '5ced5fc27c30af8a' }
[2017-07-13 16:19:49.957] [WARN] account - get_serverinfo: error sign===> { time: '1499933769', sign: 'aeadd127f614ff15' }
[2017-07-13 16:19:56.983] [WARN] account - get_serverinfo: error sign===> { time: '1499933776', sign: '8171eae797840856' }
[2017-07-13 16:20:06.985] [WARN] account - get_serverinfo: error sign===> { time: '1499933786', sign: '070737bbdf74de34' }
[2017-07-13 16:20:22.736] [INFO] account - ACCOUNT DB READY.
[2017-07-13 16:20:22.744] [INFO] account - ACCOUNT SERVER RUNNING ON: 9000
[2017-07-13 16:20:22.745] [INFO] account - AGENT CHALLENGE READY FOR CLIENT.
[2017-07-13 16:20:22.746] [INFO] account - AGENT API RUNING ON: 127.0.0.1:12581
[2017-07-13 16:21:49.411] [DEBUG] account - SELECT name,sex,headimg FROM users WHERE userid=12
[2017-07-13 16:22:15.745] [DEBUG] account - SELECT name,sex,headimg FROM users WHERE userid=12
[2017-07-13 16:23:02.518] [DEBUG] account - SELECT name,sex,headimg FROM users WHERE userid=12
[2017-07-13 16:23:42.256] [DEBUG] account - SELECT name,sex,headimg FROM users WHERE userid=12
[2017-07-13 16:23:43.392] [DEBUG] account - SELECT name,sex,headimg FROM users WHERE userid=13
[2017-07-13 16:23:43.400] [DEBUG] account - SELECT name,sex,headimg FROM users WHERE userid=14
[2017-07-13 16:24:02.455] [DEBUG] account - SELECT name,sex,headimg FROM users WHERE userid=13
[2017-07-13 16:24:03.528] [DEBUG] account - SELECT name,sex,headimg FROM users WHERE userid=12
[2017-07-13 16:24:03.534] [DEBUG] account - SELECT name,sex,headimg FROM users WHERE userid=14
[2017-07-13 16:24:05.023] [DEBUG] account - SELECT name,sex,headimg FROM users WHERE userid=14
[2017-07-13 16:24:05.989] [DEBUG] account - SELECT name,sex,headimg FROM users WHERE userid=12
[2017-07-13 16:24:05.992] [DEBUG] account - SELECT name,sex,headimg FROM users WHERE userid=13
[2017-07-13 16:27:19.886] [DEBUG] account - SELECT name,sex,headimg FROM users WHERE userid=12
[2017-07-13 16:27:21.159] [DEBUG] account - SELECT name,sex,headimg FROM users WHERE userid=13
[2017-07-13 16:27:21.162] [DEBUG] account - SELECT name,sex,headimg FROM users WHERE userid=14
[2017-07-13 16:28:24.665] [DEBUG] account - SELECT name,sex,headimg FROM users WHERE userid=12
[2017-07-13 16:28:25.923] [DEBUG] account - SELECT name,sex,headimg FROM users WHERE userid=13
[2017-07-13 16:28:25.925] [DEBUG] account - SELECT name,sex,headimg FROM users WHERE userid=14
[2017-07-13 16:30:48.456] [DEBUG] account - SELECT name,sex,headimg FROM users WHERE userid=12
[2017-07-13 16:30:49.626] [DEBUG] account - SELECT name,sex,headimg FROM users WHERE userid=13
[2017-07-13 16:30:49.629] [DEBUG] account - SELECT name,sex,headimg FROM users WHERE userid=14
[2017-07-13 16:30:51.423] [DEBUG] account - SELECT name,sex,headimg FROM users WHERE userid=13
[2017-07-13 16:30:52.452] [DEBUG] account - SELECT name,sex,headimg FROM users WHERE userid=12
[2017-07-13 16:30:52.459] [DEBUG] account - SELECT name,sex,headimg FROM users WHERE userid=14
[2017-07-13 16:30:54.106] [DEBUG] account - SELECT name,sex,headimg FROM users WHERE userid=14
[2017-07-13 16:30:54.998] [DEBUG] account - SELECT name,sex,headimg FROM users WHERE userid=12
[2017-07-13 16:30:55.001] [DEBUG] account - SELECT name,sex,headimg FROM users WHERE userid=13
[2017-07-13 16:31:45.335] [DEBUG] account - SELECT name,sex,headimg FROM users WHERE userid=15
[2017-07-13 16:31:50.502] [DEBUG] account - SELECT name,sex,headimg FROM users WHERE userid=15
[2017-07-13 16:31:50.508] [DEBUG] account - SELECT name,sex,headimg FROM users WHERE userid=15
[2017-07-13 16:31:50.519] [DEBUG] account - SELECT name,sex,headimg FROM users WHERE userid=15
[2017-07-13 16:31:50.524] [DEBUG] account - SELECT name,sex,headimg FROM users WHERE userid=15
[2017-07-13 16:31:50.528] [DEBUG] account - SELECT name,sex,headimg FROM users WHERE userid=15
[2017-07-13 16:31:50.534] [DEBUG] account - SELECT name,sex,headimg FROM users WHERE userid=15
[2017-07-13 16:31:51.459] [DEBUG] account - SELECT name,sex,headimg FROM users WHERE userid=12
[2017-07-13 16:31:51.462] [DEBUG] account - SELECT name,sex,headimg FROM users WHERE userid=12
[2017-07-13 16:31:51.465] [DEBUG] account - SELECT name,sex,headimg FROM users WHERE userid=13
[2017-07-13 16:31:51.468] [DEBUG] account - SELECT name,sex,headimg FROM users WHERE userid=14
[2017-07-13 16:31:51.469] [DEBUG] account - SELECT name,sex,headimg FROM users WHERE userid=13
[2017-07-13 16:31:51.471] [DEBUG] account - SELECT name,sex,headimg FROM users WHERE userid=14
[2017-07-13 16:34:33.825] [DEBUG] account - SELECT name,sex,headimg FROM users WHERE userid=12
[2017-07-13 16:34:50.084] [DEBUG] account - SELECT name,sex,headimg FROM users WHERE userid=12
[2017-07-13 16:36:20.469] [DEBUG] account - SELECT name,sex,headimg FROM users WHERE userid=12
[2017-07-13 16:36:21.514] [DEBUG] account - SELECT name,sex,headimg FROM users WHERE userid=13
[2017-07-13 16:36:21.516] [DEBUG] account - SELECT name,sex,headimg FROM users WHERE userid=14
[2017-07-13 16:36:21.519] [DEBUG] account - SELECT name,sex,headimg FROM users WHERE userid=15
[2017-07-13 16:36:26.755] [DEBUG] account - SELECT name,sex,headimg FROM users WHERE userid=13
[2017-07-13 16:36:27.719] [DEBUG] account - SELECT name,sex,headimg FROM users WHERE userid=12
[2017-07-13 16:36:27.721] [DEBUG] account - SELECT name,sex,headimg FROM users WHERE userid=14
[2017-07-13 16:36:27.723] [DEBUG] account - SELECT name,sex,headimg FROM users WHERE userid=15
[2017-07-13 16:36:40.510] [DEBUG] account - SELECT name,sex,headimg FROM users WHERE userid=14
[2017-07-13 16:36:41.555] [DEBUG] account - SELECT name,sex,headimg FROM users WHERE userid=12
[2017-07-13 16:36:41.557] [DEBUG] account - SELECT name,sex,headimg FROM users WHERE userid=13
[2017-07-13 16:36:41.560] [DEBUG] account - SELECT name,sex,headimg FROM users WHERE userid=15
[2017-07-13 16:36:44.582] [DEBUG] account - SELECT name,sex,headimg FROM users WHERE userid=15
[2017-07-13 16:36:45.533] [DEBUG] account - SELECT name,sex,headimg FROM users WHERE userid=12
[2017-07-13 16:36:45.535] [DEBUG] account - SELECT name,sex,headimg FROM users WHERE userid=13
[2017-07-13 16:36:45.537] [DEBUG] account - SELECT name,sex,headimg FROM users WHERE userid=14
[2017-07-13 16:39:14.371] [DEBUG] account - SELECT name,sex,headimg FROM users WHERE userid=12
[2017-07-13 16:39:22.826] [DEBUG] account - SELECT name,sex,headimg FROM users WHERE userid=13
[2017-07-13 16:39:27.912] [DEBUG] account - SELECT name,sex,headimg FROM users WHERE userid=14
[2017-07-13 16:39:32.397] [DEBUG] account - SELECT name,sex,headimg FROM users WHERE userid=13
[2017-07-13 16:39:32.401] [DEBUG] account - SELECT name,sex,headimg FROM users WHERE userid=13
[2017-07-13 16:39:33.310] [DEBUG] account - SELECT name,sex,headimg FROM users WHERE userid=12
[2017-07-13 16:39:33.313] [DEBUG] account - SELECT name,sex,headimg FROM users WHERE userid=12
[2017-07-13 16:39:41.062] [DEBUG] account - SELECT name,sex,headimg FROM users WHERE userid=14
[2017-07-13 16:39:41.070] [DEBUG] account - SELECT name,sex,headimg FROM users WHERE userid=14
[2017-07-13 16:39:41.075] [DEBUG] account - SELECT name,sex,headimg FROM users WHERE userid=14
[2017-07-13 16:39:41.078] [DEBUG] account - SELECT name,sex,headimg FROM users WHERE userid=14
[2017-07-13 16:39:41.831] [DEBUG] account - SELECT name,sex,headimg FROM users WHERE userid=12
[2017-07-13 16:39:41.832] [DEBUG] account - SELECT name,sex,headimg FROM users WHERE userid=13
[2017-07-13 16:39:41.835] [DEBUG] account - SELECT name,sex,headimg FROM users WHERE userid=12
[2017-07-13 16:39:41.835] [DEBUG] account - SELECT name,sex,headimg FROM users WHERE userid=13
[2017-07-13 16:40:36.125] [DEBUG] account - SELECT name,sex,headimg FROM users WHERE userid=21
[2017-07-13 16:44:58.365] [DEBUG] account - SELECT name,sex,headimg FROM users WHERE userid=12
[2017-07-13 16:45:06.788] [DEBUG] account - SELECT name,sex,headimg FROM users WHERE userid=13
[2017-07-13 16:45:09.024] [DEBUG] account - SELECT name,sex,headimg FROM users WHERE userid=14
[2017-07-13 16:45:11.970] [DEBUG] account - SELECT name,sex,headimg FROM users WHERE userid=15
[2017-07-13 16:45:18.592] [DEBUG] account - SELECT name,sex,headimg FROM users WHERE userid=15
[2017-07-13 16:45:18.605] [DEBUG] account - SELECT name,sex,headimg FROM users WHERE userid=15
[2017-07-13 16:45:19.917] [DEBUG] account - SELECT name,sex,headimg FROM users WHERE userid=12
[2017-07-13 16:45:19.921] [DEBUG] account - SELECT name,sex,headimg FROM users WHERE userid=12
[2017-07-13 16:45:27.249] [DEBUG] account - SELECT name,sex,headimg FROM users WHERE userid=13
[2017-07-13 16:45:27.252] [DEBUG] account - SELECT name,sex,headimg FROM users WHERE userid=13
[2017-07-13 16:45:27.254] [DEBUG] account - SELECT name,sex,headimg FROM users WHERE userid=13
[2017-07-13 16:45:27.257] [DEBUG] account - SELECT name,sex,headimg FROM users WHERE userid=13
[2017-07-13 16:45:28.146] [DEBUG] account - SELECT name,sex,headimg FROM users WHERE userid=12
[2017-07-13 16:45:28.149] [DEBUG] account - SELECT name,sex,headimg FROM users WHERE userid=12
[2017-07-13 16:45:28.152] [DEBUG] account - SELECT name,sex,headimg FROM users WHERE userid=15
[2017-07-13 16:45:28.154] [DEBUG] account - SELECT name,sex,headimg FROM users WHERE userid=15
[2017-07-13 16:45:34.542] [DEBUG] account - SELECT name,sex,headimg FROM users WHERE userid=14
[2017-07-13 16:45:34.546] [DEBUG] account - SELECT name,sex,headimg FROM users WHERE userid=14
[2017-07-13 16:45:34.554] [DEBUG] account - SELECT name,sex,headimg FROM users WHERE userid=14
[2017-07-13 16:45:34.556] [DEBUG] account - SELECT name,sex,headimg FROM users WHERE userid=14
[2017-07-13 16:45:34.559] [DEBUG] account - SELECT name,sex,headimg FROM users WHERE userid=14
[2017-07-13 16:45:34.564] [DEBUG] account - SELECT name,sex,headimg FROM users WHERE userid=14
[2017-07-13 16:45:35.365] [DEBUG] account - SELECT name,sex,headimg FROM users WHERE userid=12
[2017-07-13 16:45:35.368] [DEBUG] account - SELECT name,sex,headimg FROM users WHERE userid=15
[2017-07-13 16:45:35.371] [DEBUG] account - SELECT name,sex,headimg FROM users WHERE userid=13
[2017-07-13 16:45:35.371] [DEBUG] account - SELECT name,sex,headimg FROM users WHERE userid=12
[2017-07-13 16:45:35.373] [DEBUG] account - SELECT name,sex,headimg FROM users WHERE userid=15
[2017-07-13 16:45:35.378] [DEBUG] account - SELECT name,sex,headimg FROM users WHERE userid=13
[2017-07-13 16:46:56.066] [DEBUG] account - SELECT name,sex,headimg FROM users WHERE userid=12
[2017-07-13 16:47:17.276] [DEBUG] account - SELECT name,sex,headimg FROM users WHERE userid=12
[2017-07-13 16:47:30.372] [DEBUG] account - SELECT name,sex,headimg FROM users WHERE userid=13
[2017-07-13 16:47:43.487] [DEBUG] account - SELECT name,sex,headimg FROM users WHERE userid=13
[2017-07-13 16:47:43.491] [DEBUG] account - SELECT name,sex,headimg FROM users WHERE userid=13
[2017-07-13 16:47:44.173] [DEBUG] account - SELECT name,sex,headimg FROM users WHERE userid=12
[2017-07-13 16:47:44.176] [DEBUG] account - SELECT name,sex,headimg FROM users WHERE userid=12
[2017-07-13 16:47:48.571] [DEBUG] account - SELECT name,sex,headimg FROM users WHERE userid=14
[2017-07-13 16:47:53.729] [DEBUG] account - SELECT name,sex,headimg FROM users WHERE userid=14
[2017-07-13 16:47:53.732] [DEBUG] account - SELECT name,sex,headimg FROM users WHERE userid=14
[2017-07-13 16:47:53.734] [DEBUG] account - SELECT name,sex,headimg FROM users WHERE userid=14
[2017-07-13 16:47:53.738] [DEBUG] account - SELECT name,sex,headimg FROM users WHERE userid=14
[2017-07-13 16:47:54.509] [DEBUG] account - SELECT name,sex,headimg FROM users WHERE userid=12
[2017-07-13 16:47:54.512] [DEBUG] account - SELECT name,sex,headimg FROM users WHERE userid=13
[2017-07-13 16:47:54.512] [DEBUG] account - SELECT name,sex,headimg FROM users WHERE userid=12
[2017-07-13 16:47:54.516] [DEBUG] account - SELECT name,sex,headimg FROM users WHERE userid=13
[2017-07-13 16:47:59.683] [DEBUG] account - SELECT name,sex,headimg FROM users WHERE userid=15
[2017-07-13 16:48:06.078] [DEBUG] account - SELECT name,sex,headimg FROM users WHERE userid=15
[2017-07-13 16:48:06.079] [DEBUG] account - SELECT name,sex,headimg FROM users WHERE userid=15
[2017-07-13 16:48:06.081] [DEBUG] account - SELECT name,sex,headimg FROM users WHERE userid=15
[2017-07-13 16:48:06.083] [DEBUG] account - SELECT name,sex,headimg FROM users WHERE userid=15
[2017-07-13 16:48:06.086] [DEBUG] account - SELECT name,sex,headimg FROM users WHERE userid=15
[2017-07-13 16:48:06.088] [DEBUG] account - SELECT name,sex,headimg FROM users WHERE userid=15
[2017-07-13 16:48:06.812] [DEBUG] account - SELECT name,sex,headimg FROM users WHERE userid=12
[2017-07-13 16:48:06.819] [DEBUG] account - SELECT name,sex,headimg FROM users WHERE userid=13
[2017-07-13 16:48:06.820] [DEBUG] account - SELECT name,sex,headimg FROM users WHERE userid=14
[2017-07-13 16:48:06.824] [DEBUG] account - SELECT name,sex,headimg FROM users WHERE userid=13
[2017-07-13 16:48:06.824] [DEBUG] account - SELECT name,sex,headimg FROM users WHERE userid=12
[2017-07-13 16:48:06.825] [DEBUG] account - SELECT name,sex,headimg FROM users WHERE userid=14
[2017-07-13 16:51:14.249] [DEBUG] account - SELECT name,sex,headimg FROM users WHERE userid=12
[2017-07-13 16:51:15.363] [DEBUG] account - SELECT name,sex,headimg FROM users WHERE userid=13
[2017-07-13 16:51:15.371] [DEBUG] account - SELECT name,sex,headimg FROM users WHERE userid=14
[2017-07-13 16:51:15.382] [DEBUG] account - SELECT name,sex,headimg FROM users WHERE userid=15
[2017-07-13 16:51:34.834] [DEBUG] account - SELECT name,sex,headimg FROM users WHERE userid=12
[2017-07-13 16:51:35.663] [DEBUG] account - SELECT name,sex,headimg FROM users WHERE userid=13
[2017-07-13 16:51:35.663] [DEBUG] account - SELECT name,sex,headimg FROM users WHERE userid=14
[2017-07-13 16:51:35.664] [DEBUG] account - SELECT name,sex,headimg FROM users WHERE userid=15
[2017-07-13 16:51:45.131] [DEBUG] account - SELECT name,sex,headimg FROM users WHERE userid=13
[2017-07-13 16:51:46.288] [DEBUG] account - SELECT name,sex,headimg FROM users WHERE userid=12
[2017-07-13 16:51:46.293] [DEBUG] account - SELECT name,sex,headimg FROM users WHERE userid=14
[2017-07-13 16:51:46.308] [DEBUG] account - SELECT name,sex,headimg FROM users WHERE userid=15
[2017-07-13 16:52:06.144] [DEBUG] account - SELECT name,sex,headimg FROM users WHERE userid=14
[2017-07-13 16:52:07.214] [DEBUG] account - SELECT name,sex,headimg FROM users WHERE userid=12
[2017-07-13 16:52:07.215] [DEBUG] account - SELECT name,sex,headimg FROM users WHERE userid=13
[2017-07-13 16:52:07.217] [DEBUG] account - SELECT name,sex,headimg FROM users WHERE userid=15
[2017-07-13 16:52:10.705] [DEBUG] account - SELECT name,sex,headimg FROM users WHERE userid=14
[2017-07-13 16:52:11.602] [DEBUG] account - SELECT name,sex,headimg FROM users WHERE userid=12
[2017-07-13 16:52:11.605] [DEBUG] account - SELECT name,sex,headimg FROM users WHERE userid=13
[2017-07-13 16:52:11.606] [DEBUG] account - SELECT name,sex,headimg FROM users WHERE userid=15
[2017-07-13 16:54:17.976] [DEBUG] account - SELECT name,sex,headimg FROM users WHERE userid=16
[2017-07-13 16:56:29.320] [DEBUG] account - SELECT name,sex,headimg FROM users WHERE userid=12
[2017-07-13 16:56:30.762] [DEBUG] account - SELECT name,sex,headimg FROM users WHERE userid=13
[2017-07-13 16:56:30.774] [DEBUG] account - SELECT name,sex,headimg FROM users WHERE userid=14
[2017-07-13 16:56:30.791] [DEBUG] account - SELECT name,sex,headimg FROM users WHERE userid=15
[2017-07-13 16:56:31.549] [DEBUG] account - SELECT name,sex,headimg FROM users WHERE userid=13
[2017-07-13 16:56:32.848] [DEBUG] account - SELECT name,sex,headimg FROM users WHERE userid=12
[2017-07-13 16:56:32.850] [DEBUG] account - SELECT name,sex,headimg FROM users WHERE userid=14
[2017-07-13 16:56:32.851] [DEBUG] account - SELECT name,sex,headimg FROM users WHERE userid=15
[2017-07-13 16:56:34.254] [DEBUG] account - SELECT name,sex,headimg FROM users WHERE userid=14
[2017-07-13 16:56:35.371] [DEBUG] account - SELECT name,sex,headimg FROM users WHERE userid=12
[2017-07-13 16:56:35.375] [DEBUG] account - SELECT name,sex,headimg FROM users WHERE userid=13
[2017-07-13 16:56:35.375] [DEBUG] account - SELECT name,sex,headimg FROM users WHERE userid=15
[2017-07-13 16:56:37.046] [DEBUG] account - SELECT name,sex,headimg FROM users WHERE userid=15
[2017-07-13 16:56:38.202] [DEBUG] account - SELECT name,sex,headimg FROM users WHERE userid=12
[2017-07-13 16:56:38.203] [DEBUG] account - SELECT name,sex,headimg FROM users WHERE userid=13
[2017-07-13 16:56:38.204] [DEBUG] account - SELECT name,sex,headimg FROM users WHERE userid=14
[2017-07-13 17:01:34.846] [DEBUG] account - SELECT name,sex,headimg FROM users WHERE userid=16
[2017-07-13 17:02:37.875] [DEBUG] account - SELECT name,sex,headimg FROM users WHERE userid=17
[2017-07-13 17:02:46.842] [DEBUG] account - SELECT name,sex,headimg FROM users WHERE userid=17
[2017-07-13 17:02:46.846] [DEBUG] account - SELECT name,sex,headimg FROM users WHERE userid=17
[2017-07-13 17:02:48.609] [DEBUG] account - SELECT name,sex,headimg FROM users WHERE userid=16
[2017-07-13 17:02:48.621] [DEBUG] account - SELECT name,sex,headimg FROM users WHERE userid=16
[2017-07-13 17:03:00.709] [DEBUG] account - SELECT name,sex,headimg FROM users WHERE userid=25
[2017-07-13 17:03:09.383] [DEBUG] account - SELECT name,sex,headimg FROM users WHERE userid=25
[2017-07-13 17:03:09.384] [DEBUG] account - SELECT name,sex,headimg FROM users WHERE userid=25
[2017-07-13 17:03:09.388] [DEBUG] account - SELECT name,sex,headimg FROM users WHERE userid=25
[2017-07-13 17:03:09.390] [DEBUG] account - SELECT name,sex,headimg FROM users WHERE userid=25
[2017-07-13 17:03:11.473] [DEBUG] account - SELECT name,sex,headimg FROM users WHERE userid=16
[2017-07-13 17:03:11.476] [DEBUG] account - SELECT name,sex,headimg FROM users WHERE userid=16
[2017-07-13 17:03:11.489] [DEBUG] account - SELECT name,sex,headimg FROM users WHERE userid=17
[2017-07-13 17:03:11.491] [DEBUG] account - SELECT name,sex,headimg FROM users WHERE userid=17
[2017-07-13 17:03:17.028] [DEBUG] account - SELECT name,sex,headimg FROM users WHERE userid=18
[2017-07-13 17:03:20.770] [DEBUG] account - SELECT name,sex,headimg FROM users WHERE userid=18
[2017-07-13 17:03:20.773] [DEBUG] account - SELECT name,sex,headimg FROM users WHERE userid=18
[2017-07-13 17:03:20.775] [DEBUG] account - SELECT name,sex,headimg FROM users WHERE userid=18
[2017-07-13 17:03:20.778] [DEBUG] account - SELECT name,sex,headimg FROM users WHERE userid=18
[2017-07-13 17:03:20.784] [DEBUG] account - SELECT name,sex,headimg FROM users WHERE userid=18
[2017-07-13 17:03:20.786] [DEBUG] account - SELECT name,sex,headimg FROM users WHERE userid=18
[2017-07-13 17:03:22.775] [DEBUG] account - SELECT name,sex,headimg FROM users WHERE userid=16
[2017-07-13 17:03:22.779] [DEBUG] account - SELECT name,sex,headimg FROM users WHERE userid=16
[2017-07-13 17:03:22.794] [DEBUG] account - SELECT name,sex,headimg FROM users WHERE userid=17
[2017-07-13 17:03:22.805] [DEBUG] account - SELECT name,sex,headimg FROM users WHERE userid=17
[2017-07-13 17:03:22.816] [DEBUG] account - SELECT name,sex,headimg FROM users WHERE userid=25
[2017-07-13 17:03:22.819] [DEBUG] account - SELECT name,sex,headimg FROM users WHERE userid=25
[2017-07-13 17:10:20.336] [DEBUG] account - SELECT name,sex,headimg FROM users WHERE userid=12
[2017-07-13 17:10:21.271] [DEBUG] account - SELECT name,sex,headimg FROM users WHERE userid=13
[2017-07-13 17:10:21.273] [DEBUG] account - SELECT name,sex,headimg FROM users WHERE userid=14
[2017-07-13 17:10:21.275] [DEBUG] account - SELECT name,sex,headimg FROM users WHERE userid=15
[2017-07-13 17:10:23.030] [DEBUG] account - SELECT name,sex,headimg FROM users WHERE userid=13
[2017-07-13 17:10:23.948] [DEBUG] account - SELECT name,sex,headimg FROM users WHERE userid=12
[2017-07-13 17:10:23.950] [DEBUG] account - SELECT name,sex,headimg FROM users WHERE userid=14
[2017-07-13 17:10:23.951] [DEBUG] account - SELECT name,sex,headimg FROM users WHERE userid=15
[2017-07-13 17:10:27.165] [DEBUG] account - SELECT name,sex,headimg FROM users WHERE userid=14
[2017-07-13 17:10:28.085] [DEBUG] account - SELECT name,sex,headimg FROM users WHERE userid=12
[2017-07-13 17:10:28.087] [DEBUG] account - SELECT name,sex,headimg FROM users WHERE userid=13
[2017-07-13 17:10:28.088] [DEBUG] account - SELECT name,sex,headimg FROM users WHERE userid=15
[2017-07-13 17:10:30.138] [DEBUG] account - SELECT name,sex,headimg FROM users WHERE userid=15
[2017-07-13 17:10:31.168] [DEBUG] account - SELECT name,sex,headimg FROM users WHERE userid=12
[2017-07-13 17:10:31.170] [DEBUG] account - SELECT name,sex,headimg FROM users WHERE userid=13
[2017-07-13 17:10:31.170] [DEBUG] account - SELECT name,sex,headimg FROM users WHERE userid=14
[2017-07-13 17:12:56.269] [DEBUG] account - SELECT name,sex,headimg FROM users WHERE userid=12
[2017-07-13 17:12:57.470] [DEBUG] account - SELECT name,sex,headimg FROM users WHERE userid=13
[2017-07-13 17:12:57.474] [DEBUG] account - SELECT name,sex,headimg FROM users WHERE userid=14
[2017-07-13 17:12:57.474] [DEBUG] account - SELECT name,sex,headimg FROM users WHERE userid=15
[2017-07-13 17:13:08.659] [DEBUG] account - SELECT name,sex,headimg FROM users WHERE userid=13
[2017-07-13 17:13:09.846] [DEBUG] account - SELECT name,sex,headimg FROM users WHERE userid=12
[2017-07-13 17:13:09.854] [DEBUG] account - SELECT name,sex,headimg FROM users WHERE userid=14
[2017-07-13 17:13:09.860] [DEBUG] account - SELECT name,sex,headimg FROM users WHERE userid=15
[2017-07-13 17:14:49.140] [DEBUG] account - SELECT name,sex,headimg FROM users WHERE userid=13
[2017-07-13 17:15:03.110] [DEBUG] account - SELECT name,sex,headimg FROM users WHERE userid=12
[2017-07-13 17:15:03.122] [DEBUG] account - SELECT name,sex,headimg FROM users WHERE userid=14
[2017-07-13 17:15:03.126] [DEBUG] account - SELECT name,sex,headimg FROM users WHERE userid=15
[2017-07-13 17:15:49.638] [DEBUG] account - SELECT name,sex,headimg FROM users WHERE userid=13
[2017-07-13 17:18:35.699] [DEBUG] account - SELECT name,sex,headimg FROM users WHERE userid=12
[2017-07-13 17:18:35.700] [DEBUG] account - SELECT name,sex,headimg FROM users WHERE userid=14
[2017-07-13 17:18:35.703] [DEBUG] account - SELECT name,sex,headimg FROM users WHERE userid=15
[2017-07-13 17:18:52.762] [DEBUG] account - SELECT name,sex,headimg FROM users WHERE userid=12
[2017-07-13 17:18:53.643] [DEBUG] account - SELECT name,sex,headimg FROM users WHERE userid=13
[2017-07-13 17:18:53.644] [DEBUG] account - SELECT name,sex,headimg FROM users WHERE userid=14
[2017-07-13 17:18:53.645] [DEBUG] account - SELECT name,sex,headimg FROM users WHERE userid=15
[2017-07-13 17:19:00.541] [DEBUG] account - SELECT name,sex,headimg FROM users WHERE userid=14
[2017-07-13 17:19:01.446] [DEBUG] account - SELECT name,sex,headimg FROM users WHERE userid=12
[2017-07-13 17:19:01.449] [DEBUG] account - SELECT name,sex,headimg FROM users WHERE userid=13
[2017-07-13 17:19:01.450] [DEBUG] account - SELECT name,sex,headimg FROM users WHERE userid=15
[2017-07-13 17:19:06.292] [DEBUG] account - SELECT name,sex,headimg FROM users WHERE userid=13
[2017-07-13 17:19:07.535] [DEBUG] account - SELECT name,sex,headimg FROM users WHERE userid=12
[2017-07-13 17:19:07.536] [DEBUG] account - SELECT name,sex,headimg FROM users WHERE userid=14
[2017-07-13 17:19:07.544] [DEBUG] account - SELECT name,sex,headimg FROM users WHERE userid=15
[2017-07-13 17:19:11.368] [DEBUG] account - SELECT name,sex,headimg FROM users WHERE userid=15
[2017-07-13 17:19:12.343] [DEBUG] account - SELECT name,sex,headimg FROM users WHERE userid=12
[2017-07-13 17:19:12.344] [DEBUG] account - SELECT name,sex,headimg FROM users WHERE userid=13
[2017-07-13 17:19:12.345] [DEBUG] account - SELECT name,sex,headimg FROM users WHERE userid=14
[2017-07-13 17:21:59.524] [DEBUG] account - SELECT name,sex,headimg FROM users WHERE userid=13
[2017-07-13 17:28:15.171] [DEBUG] account - SELECT name,sex,headimg FROM users WHERE userid=12
[2017-07-13 17:28:15.177] [DEBUG] account - SELECT name,sex,headimg FROM users WHERE userid=14
[2017-07-13 17:28:15.182] [DEBUG] account - SELECT name,sex,headimg FROM users WHERE userid=15
[2017-07-13 17:28:30.347] [DEBUG] account - SELECT name,sex,headimg FROM users WHERE userid=13
[2017-07-13 17:28:31.520] [DEBUG] account - SELECT name,sex,headimg FROM users WHERE userid=12
[2017-07-13 17:28:31.525] [DEBUG] account - SELECT name,sex,headimg FROM users WHERE userid=14
[2017-07-13 17:28:31.526] [DEBUG] account - SELECT name,sex,headimg FROM users WHERE userid=15
[2017-07-13 17:31:41.446] [DEBUG] account - SELECT name,sex,headimg FROM users WHERE userid=12
[2017-07-13 17:31:42.596] [DEBUG] account - SELECT name,sex,headimg FROM users WHERE userid=13
[2017-07-13 17:31:42.599] [DEBUG] account - SELECT name,sex,headimg FROM users WHERE userid=14
[2017-07-13 17:31:42.600] [DEBUG] account - SELECT name,sex,headimg FROM users WHERE userid=15
[2017-07-13 17:31:53.777] [DEBUG] account - SELECT name,sex,headimg FROM users WHERE userid=13
[2017-07-13 17:31:54.684] [DEBUG] account - SELECT name,sex,headimg FROM users WHERE userid=12
[2017-07-13 17:31:54.686] [DEBUG] account - SELECT name,sex,headimg FROM users WHERE userid=14
[2017-07-13 17:31:54.688] [DEBUG] account - SELECT name,sex,headimg FROM users WHERE userid=15
[2017-07-13 17:34:17.123] [DEBUG] account - SELECT name,sex,headimg FROM users WHERE userid=13
[2017-07-13 17:34:18.312] [DEBUG] account - SELECT name,sex,headimg FROM users WHERE userid=12
[2017-07-13 17:34:18.315] [DEBUG] account - SELECT name,sex,headimg FROM users WHERE userid=14
[2017-07-13 17:34:18.318] [DEBUG] account - SELECT name,sex,headimg FROM users WHERE userid=15
[2017-07-13 17:34:32.143] [DEBUG] account - SELECT name,sex,headimg FROM users WHERE userid=14
[2017-07-13 17:34:33.108] [DEBUG] account - SELECT name,sex,headimg FROM users WHERE userid=12
[2017-07-13 17:34:33.109] [DEBUG] account - SELECT name,sex,headimg FROM users WHERE userid=13
[2017-07-13 17:34:33.112] [DEBUG] account - SELECT name,sex,headimg FROM users WHERE userid=15
[2017-07-13 17:34:36.180] [DEBUG] account - SELECT name,sex,headimg FROM users WHERE userid=12
[2017-07-13 17:34:37.148] [DEBUG] account - SELECT name,sex,headimg FROM users WHERE userid=13
[2017-07-13 17:34:37.148] [DEBUG] account - SELECT name,sex,headimg FROM users WHERE userid=14
[2017-07-13 17:34:37.150] [DEBUG] account - SELECT name,sex,headimg FROM users WHERE userid=15
[2017-07-13 17:34:40.123] [DEBUG] account - SELECT name,sex,headimg FROM users WHERE userid=15
[2017-07-13 17:34:41.056] [DEBUG] account - SELECT name,sex,headimg FROM users WHERE userid=12
[2017-07-13 17:34:41.057] [DEBUG] account - SELECT name,sex,headimg FROM users WHERE userid=13
[2017-07-13 17:34:41.058] [DEBUG] account - SELECT name,sex,headimg FROM users WHERE userid=14
[2017-07-13 17:35:56.334] [DEBUG] account - SELECT name,sex,headimg FROM users WHERE userid=12
[2017-07-13 17:36:06.569] [DEBUG] account - SELECT name,sex,headimg FROM users WHERE userid=13
[2017-07-13 17:36:06.571] [DEBUG] account - SELECT name,sex,headimg FROM users WHERE userid=14
[2017-07-13 17:36:06.572] [DEBUG] account - SELECT name,sex,headimg FROM users WHERE userid=15
[2017-07-13 17:39:40.636] [DEBUG] account - SELECT name,sex,headimg FROM users WHERE userid=12
[2017-07-13 17:39:41.501] [DEBUG] account - SELECT name,sex,headimg FROM users WHERE userid=13
[2017-07-13 17:39:41.503] [DEBUG] account - SELECT name,sex,headimg FROM users WHERE userid=14
[2017-07-13 17:39:41.506] [DEBUG] account - SELECT name,sex,headimg FROM users WHERE userid=15
[2017-07-13 17:40:44.213] [DEBUG] account - SELECT name,sex,headimg FROM users WHERE userid=12
[2017-07-13 17:40:48.577] [DEBUG] account - SELECT name,sex,headimg FROM users WHERE userid=13
[2017-07-13 17:40:48.580] [DEBUG] account - SELECT name,sex,headimg FROM users WHERE userid=14
[2017-07-13 17:40:48.581] [DEBUG] account - SELECT name,sex,headimg FROM users WHERE userid=15
[2017-07-13 17:44:43.467] [DEBUG] account - SELECT name,sex,headimg FROM users WHERE userid=16
[2017-07-13 17:44:46.334] [DEBUG] account - SELECT name,sex,headimg FROM users WHERE userid=17
[2017-07-13 17:44:49.000] [DEBUG] account - SELECT name,sex,headimg FROM users WHERE userid=18
[2017-07-13 17:44:52.458] [DEBUG] account - SELECT name,sex,headimg FROM users WHERE userid=25
[2017-07-13 17:45:49.590] [DEBUG] account - SELECT name,sex,headimg FROM users WHERE userid=16
[2017-07-13 17:45:49.594] [DEBUG] account - SELECT name,sex,headimg FROM users WHERE userid=16
[2017-07-13 17:45:51.318] [DEBUG] account - SELECT name,sex,headimg FROM users WHERE userid=25
[2017-07-13 17:45:51.326] [DEBUG] account - SELECT name,sex,headimg FROM users WHERE userid=25
[2017-07-13 17:45:54.698] [DEBUG] account - SELECT name,sex,headimg FROM users WHERE userid=17
[2017-07-13 17:45:54.700] [DEBUG] account - SELECT name,sex,headimg FROM users WHERE userid=17
[2017-07-13 17:45:54.705] [DEBUG] account - SELECT name,sex,headimg FROM users WHERE userid=17
[2017-07-13 17:45:54.708] [DEBUG] account - SELECT name,sex,headimg FROM users WHERE userid=17
[2017-07-13 17:45:56.884] [DEBUG] account - SELECT name,sex,headimg FROM users WHERE userid=25
[2017-07-13 17:45:56.897] [DEBUG] account - SELECT name,sex,headimg FROM users WHERE userid=25
[2017-07-13 17:45:56.910] [DEBUG] account - SELECT name,sex,headimg FROM users WHERE userid=16
[2017-07-13 17:45:56.913] [DEBUG] account - SELECT name,sex,headimg FROM users WHERE userid=16
[2017-07-13 17:46:00.220] [DEBUG] account - SELECT name,sex,headimg FROM users WHERE userid=18
[2017-07-13 17:46:00.227] [DEBUG] account - SELECT name,sex,headimg FROM users WHERE userid=18
[2017-07-13 17:46:00.231] [DEBUG] account - SELECT name,sex,headimg FROM users WHERE userid=18
[2017-07-13 17:46:00.235] [DEBUG] account - SELECT name,sex,headimg FROM users WHERE userid=18
[2017-07-13 17:46:00.239] [DEBUG] account - SELECT name,sex,headimg FROM users WHERE userid=18
[2017-07-13 17:46:00.243] [DEBUG] account - SELECT name,sex,headimg FROM users WHERE userid=18
[2017-07-13 17:46:01.644] [DEBUG] account - SELECT name,sex,headimg FROM users WHERE userid=25
[2017-07-13 17:46:01.649] [DEBUG] account - SELECT name,sex,headimg FROM users WHERE userid=25
[2017-07-13 17:46:01.652] [DEBUG] account - SELECT name,sex,headimg FROM users WHERE userid=16
[2017-07-13 17:46:01.661] [DEBUG] account - SELECT name,sex,headimg FROM users WHERE userid=16
[2017-07-13 17:46:01.666] [DEBUG] account - SELECT name,sex,headimg FROM users WHERE userid=17
[2017-07-13 17:46:01.673] [DEBUG] account - SELECT name,sex,headimg FROM users WHERE userid=17
[2017-07-13 17:48:11.074] [DEBUG] account - SELECT name,sex,headimg FROM users WHERE userid=12
[2017-07-13 17:48:12.252] [DEBUG] account - SELECT name,sex,headimg FROM users WHERE userid=13
[2017-07-13 17:48:12.258] [DEBUG] account - SELECT name,sex,headimg FROM users WHERE userid=14
[2017-07-13 17:48:12.260] [DEBUG] account - SELECT name,sex,headimg FROM users WHERE userid=15
[2017-07-13 17:48:29.045] [DEBUG] account - SELECT name,sex,headimg FROM users WHERE userid=14
[2017-07-13 17:48:29.991] [DEBUG] account - SELECT name,sex,headimg FROM users WHERE userid=12
[2017-07-13 17:48:29.993] [DEBUG] account - SELECT name,sex,headimg FROM users WHERE userid=13
[2017-07-13 17:48:29.996] [DEBUG] account - SELECT name,sex,headimg FROM users WHERE userid=15
[2017-07-13 17:48:33.744] [DEBUG] account - SELECT name,sex,headimg FROM users WHERE userid=12
[2017-07-13 17:48:34.665] [DEBUG] account - SELECT name,sex,headimg FROM users WHERE userid=13
[2017-07-13 17:48:34.667] [DEBUG] account - SELECT name,sex,headimg FROM users WHERE userid=14
[2017-07-13 17:48:34.667] [DEBUG] account - SELECT name,sex,headimg FROM users WHERE userid=15
[2017-07-13 17:48:48.297] [DEBUG] account - SELECT name,sex,headimg FROM users WHERE userid=14
[2017-07-13 17:48:49.512] [DEBUG] account - SELECT name,sex,headimg FROM users WHERE userid=12
[2017-07-13 17:48:49.514] [DEBUG] account - SELECT name,sex,headimg FROM users WHERE userid=13
[2017-07-13 17:48:49.521] [DEBUG] account - SELECT name,sex,headimg FROM users WHERE userid=15
[2017-07-13 17:48:52.827] [DEBUG] account - SELECT name,sex,headimg FROM users WHERE userid=15
[2017-07-13 17:48:53.700] [DEBUG] account - SELECT name,sex,headimg FROM users WHERE userid=12
[2017-07-13 17:48:53.701] [DEBUG] account - SELECT name,sex,headimg FROM users WHERE userid=13
[2017-07-13 17:48:53.703] [DEBUG] account - SELECT name,sex,headimg FROM users WHERE userid=14
[2017-07-13 17:49:12.656] [DEBUG] account - SELECT name,sex,headimg FROM users WHERE userid=12
[2017-07-13 17:49:14.000] [DEBUG] account - SELECT name,sex,headimg FROM users WHERE userid=13
[2017-07-13 17:49:14.001] [DEBUG] account - SELECT name,sex,headimg FROM users WHERE userid=14
[2017-07-13 17:49:14.003] [DEBUG] account - SELECT name,sex,headimg FROM users WHERE userid=15
[2017-07-13 17:49:15.964] [DEBUG] account - SELECT name,sex,headimg FROM users WHERE userid=13
[2017-07-13 17:49:17.375] [DEBUG] account - SELECT name,sex,headimg FROM users WHERE userid=12
[2017-07-13 17:49:17.380] [DEBUG] account - SELECT name,sex,headimg FROM users WHERE userid=14
[2017-07-13 17:49:17.384] [DEBUG] account - SELECT name,sex,headimg FROM users WHERE userid=15
[2017-07-13 17:49:18.984] [DEBUG] account - SELECT name,sex,headimg FROM users WHERE userid=14
[2017-07-13 17:49:20.076] [DEBUG] account - SELECT name,sex,headimg FROM users WHERE userid=12
[2017-07-13 17:49:20.078] [DEBUG] account - SELECT name,sex,headimg FROM users WHERE userid=13
[2017-07-13 17:49:20.079] [DEBUG] account - SELECT name,sex,headimg FROM users WHERE userid=15
[2017-07-13 17:49:21.746] [DEBUG] account - SELECT name,sex,headimg FROM users WHERE userid=15
[2017-07-13 17:49:22.784] [DEBUG] account - SELECT name,sex,headimg FROM users WHERE userid=12
[2017-07-13 17:49:22.785] [DEBUG] account - SELECT name,sex,headimg FROM users WHERE userid=13
[2017-07-13 17:49:22.786] [DEBUG] account - SELECT name,sex,headimg FROM users WHERE userid=14
[2017-07-13 17:53:32.495] [DEBUG] account - SELECT name,sex,headimg FROM users WHERE userid=12
[2017-07-13 17:53:33.663] [DEBUG] account - SELECT name,sex,headimg FROM users WHERE userid=13
[2017-07-13 17:53:33.666] [DEBUG] account - SELECT name,sex,headimg FROM users WHERE userid=14
[2017-07-13 17:53:33.667] [DEBUG] account - SELECT name,sex,headimg FROM users WHERE userid=15
[2017-07-13 17:55:54.739] [DEBUG] account - SELECT name,sex,headimg FROM users WHERE userid=12
[2017-07-13 17:55:55.852] [DEBUG] account - SELECT name,sex,headimg FROM users WHERE userid=13
[2017-07-13 17:55:55.858] [DEBUG] account - SELECT name,sex,headimg FROM users WHERE userid=14
[2017-07-13 17:55:55.863] [DEBUG] account - SELECT name,sex,headimg FROM users WHERE userid=15
[2017-07-13 17:58:50.088] [DEBUG] account - SELECT name,sex,headimg FROM users WHERE userid=12
[2017-07-13 17:58:51.251] [DEBUG] account - SELECT name,sex,headimg FROM users WHERE userid=13
[2017-07-13 17:58:51.254] [DEBUG] account - SELECT name,sex,headimg FROM users WHERE userid=14
[2017-07-13 17:58:51.258] [DEBUG] account - SELECT name,sex,headimg FROM users WHERE userid=15
[2017-07-13 17:58:54.184] [DEBUG] account - SELECT name,sex,headimg FROM users WHERE userid=13
[2017-07-13 17:58:55.103] [DEBUG] account - SELECT name,sex,headimg FROM users WHERE userid=12
[2017-07-13 17:58:55.106] [DEBUG] account - SELECT name,sex,headimg FROM users WHERE userid=14
[2017-07-13 17:58:55.108] [DEBUG] account - SELECT name,sex,headimg FROM users WHERE userid=15
[2017-07-13 17:58:56.890] [DEBUG] account - SELECT name,sex,headimg FROM users WHERE userid=14
[2017-07-13 17:58:57.796] [DEBUG] account - SELECT name,sex,headimg FROM users WHERE userid=12
[2017-07-13 17:58:57.797] [DEBUG] account - SELECT name,sex,headimg FROM users WHERE userid=13
[2017-07-13 17:58:57.801] [DEBUG] account - SELECT name,sex,headimg FROM users WHERE userid=15
[2017-07-13 17:58:59.748] [DEBUG] account - SELECT name,sex,headimg FROM users WHERE userid=15
[2017-07-13 17:59:00.703] [DEBUG] account - SELECT name,sex,headimg FROM users WHERE userid=12
[2017-07-13 17:59:00.704] [DEBUG] account - SELECT name,sex,headimg FROM users WHERE userid=13
[2017-07-13 17:59:00.707] [DEBUG] account - SELECT name,sex,headimg FROM users WHERE userid=14
[2017-07-13 18:05:50.800] [DEBUG] account - SELECT name,sex,headimg FROM users WHERE userid=12
[2017-07-13 18:05:51.999] [DEBUG] account - SELECT name,sex,headimg FROM users WHERE userid=14
[2017-07-13 18:05:52.002] [DEBUG] account - SELECT name,sex,headimg FROM users WHERE userid=13
[2017-07-13 18:05:52.003] [DEBUG] account - SELECT name,sex,headimg FROM users WHERE userid=15
[2017-07-13 18:07:03.316] [DEBUG] account - SELECT name,sex,headimg FROM users WHERE userid=12
[2017-07-13 18:07:04.517] [DEBUG] account - SELECT name,sex,headimg FROM users WHERE userid=14
[2017-07-13 18:07:04.518] [DEBUG] account - SELECT name,sex,headimg FROM users WHERE userid=13
[2017-07-13 18:07:04.522] [DEBUG] account - SELECT name,sex,headimg FROM users WHERE userid=15
[2017-07-13 18:07:18.736] [DEBUG] account - SELECT name,sex,headimg FROM users WHERE userid=13
[2017-07-13 18:07:19.853] [DEBUG] account - SELECT name,sex,headimg FROM users WHERE userid=12
[2017-07-13 18:07:19.853] [DEBUG] account - SELECT name,sex,headimg FROM users WHERE userid=14
[2017-07-13 18:07:19.855] [DEBUG] account - SELECT name,sex,headimg FROM users WHERE userid=15
[2017-07-13 18:07:23.153] [DEBUG] account - SELECT name,sex,headimg FROM users WHERE userid=14
[2017-07-13 18:07:24.446] [DEBUG] account - SELECT name,sex,headimg FROM users WHERE userid=12
[2017-07-13 18:07:24.454] [DEBUG] account - SELECT name,sex,headimg FROM users WHERE userid=13
[2017-07-13 18:07:24.457] [DEBUG] account - SELECT name,sex,headimg FROM users WHERE userid=15
[2017-07-13 18:07:27.030] [DEBUG] account - SELECT name,sex,headimg FROM users WHERE userid=15
[2017-07-13 18:07:28.046] [DEBUG] account - SELECT name,sex,headimg FROM users WHERE userid=12
[2017-07-13 18:07:28.049] [DEBUG] account - SELECT name,sex,headimg FROM users WHERE userid=14
[2017-07-13 18:07:28.050] [DEBUG] account - SELECT name,sex,headimg FROM users WHERE userid=13
[2017-07-13 18:14:17.042] [DEBUG] account - SELECT name,sex,headimg FROM users WHERE userid=12
[2017-07-13 18:14:18.225] [DEBUG] account - SELECT name,sex,headimg FROM users WHERE userid=14
[2017-07-13 18:14:18.231] [DEBUG] account - SELECT name,sex,headimg FROM users WHERE userid=13
[2017-07-13 18:14:18.233] [DEBUG] account - SELECT name,sex,headimg FROM users WHERE userid=15
[2017-07-13 18:14:19.935] [DEBUG] account - SELECT name,sex,headimg FROM users WHERE userid=13
[2017-07-13 18:14:21.132] [DEBUG] account - SELECT name,sex,headimg FROM users WHERE userid=12
[2017-07-13 18:14:21.133] [DEBUG] account - SELECT name,sex,headimg FROM users WHERE userid=14
[2017-07-13 18:14:21.136] [DEBUG] account - SELECT name,sex,headimg FROM users WHERE userid=15
[2017-07-13 18:14:22.624] [DEBUG] account - SELECT name,sex,headimg FROM users WHERE userid=14
[2017-07-13 18:14:23.720] [DEBUG] account - SELECT name,sex,headimg FROM users WHERE userid=12
[2017-07-13 18:14:23.728] [DEBUG] account - SELECT name,sex,headimg FROM users WHERE userid=13
[2017-07-13 18:14:23.730] [DEBUG] account - SELECT name,sex,headimg FROM users WHERE userid=15
[2017-07-13 18:14:25.478] [DEBUG] account - SELECT name,sex,headimg FROM users WHERE userid=15
[2017-07-13 18:14:26.579] [DEBUG] account - SELECT name,sex,headimg FROM users WHERE userid=12
[2017-07-13 18:14:26.581] [DEBUG] account - SELECT name,sex,headimg FROM users WHERE userid=14
[2017-07-13 18:14:26.582] [DEBUG] account - SELECT name,sex,headimg FROM users WHERE userid=13
