[2017-07-10 10:15:28.656] [INFO] account - ACCOUNT DB READY.
[2017-07-10 10:15:28.663] [INFO] account - ACCOUNT SERVER RUNNING ON: 9000
[2017-07-10 10:15:28.664] [INFO] account - AGENT CHALLENGE READY FOR CLIENT.
[2017-07-10 10:15:28.670] [INFO] account - AGENT API RUNING ON: 127.0.0.1:12581
[2017-07-10 15:48:47.524] [INFO] account - ACCOUNT DB READY.
[2017-07-10 15:48:47.537] [INFO] account - ACCOUNT SERVER RUNNING ON: 9000
[2017-07-10 15:48:47.537] [INFO] account - AGENT CHALLENGE READY FOR CLIENT.
[2017-07-10 15:48:47.539] [INFO] account - AGENT API RUNING ON: 127.0.0.1:12581
[2017-07-10 16:22:20.060] [DEBUG] account - SELECT name,sex,headimg FROM users WHERE userid=12
[2017-07-10 16:23:24.150] [DEBUG] account - SELECT name,sex,headimg FROM users WHERE userid=12
[2017-07-10 16:26:07.097] [DEBUG] account - SELECT name,sex,headimg FROM users WHERE userid=12
[2017-07-10 16:50:18.269] [DEBUG] account - SELECT name,sex,headimg FROM users WHERE userid=12
[2017-07-10 16:51:49.672] [DEBUG] account - SELECT name,sex,headimg FROM users WHERE userid=13
[2017-07-10 16:51:59.128] [DEBUG] account - SELECT name,sex,headimg FROM users WHERE userid=13
[2017-07-10 16:51:59.885] [DEBUG] account - SELECT name,sex,headimg FROM users WHERE userid=12
[2017-07-10 18:08:17.710] [DEBUG] account - SELECT name,sex,headimg FROM users WHERE userid=12
[2017-07-10 18:08:20.668] [DEBUG] account - SELECT name,sex,headimg FROM users WHERE userid=13
[2017-07-10 18:08:20.703] [DEBUG] account - SELECT name,sex,headimg FROM users WHERE userid=13
[2017-07-10 18:08:23.374] [DEBUG] account - SELECT name,sex,headimg FROM users WHERE userid=12
[2017-07-10 18:08:24.188] [DEBUG] account - SELECT name,sex,headimg FROM users WHERE userid=14
[2017-07-10 18:08:35.084] [DEBUG] account - SELECT name,sex,headimg FROM users WHERE userid=14
[2017-07-10 18:08:35.090] [DEBUG] account - SELECT name,sex,headimg FROM users WHERE userid=14
[2017-07-10 18:08:37.522] [DEBUG] account - SELECT name,sex,headimg FROM users WHERE userid=12
[2017-07-10 18:08:37.524] [DEBUG] account - SELECT name,sex,headimg FROM users WHERE userid=13
[2017-07-10 18:09:15.406] [DEBUG] account - SELECT name,sex,headimg FROM users WHERE userid=12
[2017-07-10 18:09:18.026] [DEBUG] account - SELECT name,sex,headimg FROM users WHERE userid=13
[2017-07-10 18:09:18.031] [DEBUG] account - SELECT name,sex,headimg FROM users WHERE userid=14
[2017-07-10 18:09:18.039] [DEBUG] account - SELECT name,sex,headimg FROM users WHERE userid=13
[2017-07-10 18:09:18.056] [DEBUG] account - SELECT name,sex,headimg FROM users WHERE userid=14
[2017-07-10 18:28:24.312] [DEBUG] account - SELECT name,sex,headimg FROM users WHERE userid=12
[2017-07-10 18:28:27.426] [DEBUG] account - SELECT name,sex,headimg FROM users WHERE userid=13
[2017-07-10 18:28:27.429] [DEBUG] account - SELECT name,sex,headimg FROM users WHERE userid=14
[2017-07-10 18:28:27.429] [DEBUG] account - SELECT name,sex,headimg FROM users WHERE userid=13
[2017-07-10 18:28:27.437] [DEBUG] account - SELECT name,sex,headimg FROM users WHERE userid=14
[2017-07-10 18:28:29.780] [DEBUG] account - SELECT name,sex,headimg FROM users WHERE userid=13
[2017-07-10 18:28:32.961] [DEBUG] account - SELECT name,sex,headimg FROM users WHERE userid=12
[2017-07-10 18:28:32.964] [DEBUG] account - SELECT name,sex,headimg FROM users WHERE userid=12
[2017-07-10 18:28:32.976] [DEBUG] account - SELECT name,sex,headimg FROM users WHERE userid=14
[2017-07-10 18:28:32.978] [DEBUG] account - SELECT name,sex,headimg FROM users WHERE userid=14
[2017-07-10 18:28:33.331] [DEBUG] account - SELECT name,sex,headimg FROM users WHERE userid=14
[2017-07-10 18:28:35.222] [DEBUG] account - SELECT name,sex,headimg FROM users WHERE userid=12
[2017-07-10 18:28:35.222] [DEBUG] account - SELECT name,sex,headimg FROM users WHERE userid=13
[2017-07-10 18:28:35.227] [DEBUG] account - SELECT name,sex,headimg FROM users WHERE userid=12
[2017-07-10 18:28:35.227] [DEBUG] account - SELECT name,sex,headimg FROM users WHERE userid=13
[2017-07-10 18:31:30.604] [INFO] account - ACCOUNT DB READY.
[2017-07-10 18:31:30.628] [INFO] account - ACCOUNT SERVER RUNNING ON: 9000
[2017-07-10 18:31:30.628] [INFO] account - AGENT CHALLENGE READY FOR CLIENT.
[2017-07-10 18:31:30.629] [INFO] account - AGENT API RUNING ON: 127.0.0.1:12581
[2017-07-10 18:32:29.946] [INFO] account - ACCOUNT DB READY.
[2017-07-10 18:32:29.966] [INFO] account - ACCOUNT SERVER RUNNING ON: 9000
[2017-07-10 18:32:29.966] [INFO] account - AGENT CHALLENGE READY FOR CLIENT.
[2017-07-10 18:32:29.968] [INFO] account - AGENT API RUNING ON: 127.0.0.1:12581
[2017-07-10 19:24:39.222] [DEBUG] account - SELECT name,sex,headimg FROM users WHERE userid=12
[2017-07-10 19:24:41.768] [DEBUG] account - SELECT name,sex,headimg FROM users WHERE userid=13
[2017-07-10 19:24:41.774] [DEBUG] account - SELECT name,sex,headimg FROM users WHERE userid=13
[2017-07-10 19:24:41.781] [DEBUG] account - SELECT name,sex,headimg FROM users WHERE userid=14
[2017-07-10 19:24:41.787] [DEBUG] account - SELECT name,sex,headimg FROM users WHERE userid=13
[2017-07-10 19:24:41.802] [DEBUG] account - SELECT name,sex,headimg FROM users WHERE userid=14
[2017-07-10 19:24:43.939] [DEBUG] account - SELECT name,sex,headimg FROM users WHERE userid=12
[2017-07-10 19:24:43.945] [DEBUG] account - SELECT name,sex,headimg FROM users WHERE userid=12
[2017-07-10 19:24:43.957] [DEBUG] account - SELECT name,sex,headimg FROM users WHERE userid=14
[2017-07-10 19:24:43.970] [DEBUG] account - SELECT name,sex,headimg FROM users WHERE userid=14
[2017-07-10 19:24:45.108] [DEBUG] account - SELECT name,sex,headimg FROM users WHERE userid=14
[2017-07-10 19:24:47.015] [DEBUG] account - SELECT name,sex,headimg FROM users WHERE userid=12
[2017-07-10 19:24:47.024] [DEBUG] account - SELECT name,sex,headimg FROM users WHERE userid=12
[2017-07-10 19:24:47.028] [DEBUG] account - SELECT name,sex,headimg FROM users WHERE userid=13
[2017-07-10 19:24:47.044] [DEBUG] account - SELECT name,sex,headimg FROM users WHERE userid=13
[2017-07-10 19:42:54.705] [DEBUG] account - SELECT name,sex,headimg FROM users WHERE userid=12
[2017-07-10 19:43:38.509] [DEBUG] account - SELECT name,sex,headimg FROM users WHERE userid=12
[2017-07-10 19:50:36.856] [DEBUG] account - SELECT name,sex,headimg FROM users WHERE userid=13
[2017-07-10 19:50:46.328] [DEBUG] account - SELECT name,sex,headimg FROM users WHERE userid=14
[2017-07-10 19:51:17.091] [DEBUG] account - SELECT name,sex,headimg FROM users WHERE userid=13
[2017-07-10 19:51:19.795] [DEBUG] account - SELECT name,sex,headimg FROM users WHERE userid=12
[2017-07-10 19:51:19.798] [DEBUG] account - SELECT name,sex,headimg FROM users WHERE userid=14
[2017-07-10 19:51:36.778] [DEBUG] account - SELECT name,sex,headimg FROM users WHERE userid=14
[2017-07-10 19:51:39.195] [DEBUG] account - SELECT name,sex,headimg FROM users WHERE userid=12
[2017-07-10 19:51:39.576] [DEBUG] account - SELECT name,sex,headimg FROM users WHERE userid=12
[2017-07-10 19:51:39.577] [DEBUG] account - SELECT name,sex,headimg FROM users WHERE userid=13
[2017-07-10 19:51:39.679] [DEBUG] account - SELECT name,sex,headimg FROM users WHERE userid=12
[2017-07-10 19:51:41.377] [DEBUG] account - SELECT name,sex,headimg FROM users WHERE userid=13
[2017-07-10 19:51:41.379] [DEBUG] account - SELECT name,sex,headimg FROM users WHERE userid=14
[2017-07-10 22:06:41.982] [DEBUG] account - SELECT name,sex,headimg FROM users WHERE userid=12
[2017-07-10 22:06:44.972] [DEBUG] account - SELECT name,sex,headimg FROM users WHERE userid=13
[2017-07-10 22:06:55.021] [DEBUG] account - SELECT name,sex,headimg FROM users WHERE userid=12
[2017-07-10 22:07:00.600] [DEBUG] account - SELECT name,sex,headimg FROM users WHERE userid=13
[2017-07-10 22:07:05.854] [DEBUG] account - SELECT name,sex,headimg FROM users WHERE userid=13
[2017-07-10 22:07:05.863] [DEBUG] account - SELECT name,sex,headimg FROM users WHERE userid=13
[2017-07-10 22:07:06.585] [DEBUG] account - SELECT name,sex,headimg FROM users WHERE userid=12
[2017-07-10 22:07:06.588] [DEBUG] account - SELECT name,sex,headimg FROM users WHERE userid=12
[2017-07-10 22:07:20.012] [DEBUG] account - SELECT name,sex,headimg FROM users WHERE userid=12
[2017-07-10 22:07:22.796] [DEBUG] account - SELECT name,sex,headimg FROM users WHERE userid=13
[2017-07-10 22:07:41.342] [DEBUG] account - SELECT name,sex,headimg FROM users WHERE userid=12
[2017-07-10 22:07:41.349] [DEBUG] account - SELECT name,sex,headimg FROM users WHERE userid=12
[2017-07-10 22:07:47.223] [DEBUG] account - SELECT name,sex,headimg FROM users WHERE userid=12
[2017-07-10 22:07:47.228] [DEBUG] account - SELECT name,sex,headimg FROM users WHERE userid=12
[2017-07-10 22:08:03.649] [DEBUG] account - SELECT name,sex,headimg FROM users WHERE userid=14
[2017-07-10 22:08:07.413] [DEBUG] account - SELECT name,sex,headimg FROM users WHERE userid=15
[2017-07-10 22:08:07.419] [DEBUG] account - SELECT name,sex,headimg FROM users WHERE userid=12
[2017-07-10 22:08:08.567] [DEBUG] account - SELECT name,sex,headimg FROM users WHERE userid=13
[2017-07-10 22:08:08.570] [DEBUG] account - SELECT name,sex,headimg FROM users WHERE userid=13
[2017-07-10 22:08:10.438] [DEBUG] account - SELECT name,sex,headimg FROM users WHERE userid=13
[2017-07-10 22:08:11.349] [DEBUG] account - SELECT name,sex,headimg FROM users WHERE userid=12
[2017-07-10 22:08:11.353] [DEBUG] account - SELECT name,sex,headimg FROM users WHERE userid=12
[2017-07-10 22:08:14.802] [DEBUG] account - SELECT name,sex,headimg FROM users WHERE userid=14
[2017-07-10 22:08:14.809] [DEBUG] account - SELECT name,sex,headimg FROM users WHERE userid=14
[2017-07-10 22:08:14.815] [DEBUG] account - SELECT name,sex,headimg FROM users WHERE userid=14
[2017-07-10 22:08:14.818] [DEBUG] account - SELECT name,sex,headimg FROM users WHERE userid=14
[2017-07-10 22:08:15.912] [DEBUG] account - SELECT name,sex,headimg FROM users WHERE userid=12
[2017-07-10 22:08:15.921] [DEBUG] account - SELECT name,sex,headimg FROM users WHERE userid=12
[2017-07-10 22:08:15.923] [DEBUG] account - SELECT name,sex,headimg FROM users WHERE userid=13
[2017-07-10 22:08:15.932] [DEBUG] account - SELECT name,sex,headimg FROM users WHERE userid=13
[2017-07-10 22:08:21.529] [DEBUG] account - SELECT name,sex,headimg FROM users WHERE userid=15
[2017-07-10 22:08:21.533] [DEBUG] account - SELECT name,sex,headimg FROM users WHERE userid=15
[2017-07-10 22:08:21.536] [DEBUG] account - SELECT name,sex,headimg FROM users WHERE userid=15
[2017-07-10 22:08:21.542] [DEBUG] account - SELECT name,sex,headimg FROM users WHERE userid=15
[2017-07-10 22:08:21.545] [DEBUG] account - SELECT name,sex,headimg FROM users WHERE userid=15
[2017-07-10 22:08:21.549] [DEBUG] account - SELECT name,sex,headimg FROM users WHERE userid=15
[2017-07-10 22:08:22.501] [DEBUG] account - SELECT name,sex,headimg FROM users WHERE userid=12
[2017-07-10 22:08:22.515] [DEBUG] account - SELECT name,sex,headimg FROM users WHERE userid=13
[2017-07-10 22:08:22.515] [DEBUG] account - SELECT name,sex,headimg FROM users WHERE userid=12
[2017-07-10 22:08:22.516] [DEBUG] account - SELECT name,sex,headimg FROM users WHERE userid=14
[2017-07-10 22:08:22.520] [DEBUG] account - SELECT name,sex,headimg FROM users WHERE userid=13
[2017-07-10 22:08:22.525] [DEBUG] account - SELECT name,sex,headimg FROM users WHERE userid=14
[2017-07-10 22:31:13.526] [DEBUG] account - SELECT name,sex,headimg FROM users WHERE userid=14
[2017-07-10 22:31:14.589] [DEBUG] account - SELECT name,sex,headimg FROM users WHERE userid=12
[2017-07-10 22:31:14.749] [DEBUG] account - SELECT name,sex,headimg FROM users WHERE userid=12
[2017-07-10 22:31:14.754] [DEBUG] account - SELECT name,sex,headimg FROM users WHERE userid=13
[2017-07-10 22:31:14.755] [DEBUG] account - SELECT name,sex,headimg FROM users WHERE userid=15
[2017-07-10 22:31:14.944] [DEBUG] account - SELECT name,sex,headimg FROM users WHERE userid=12
[2017-07-10 22:31:15.539] [DEBUG] account - SELECT name,sex,headimg FROM users WHERE userid=13
[2017-07-10 22:31:15.540] [DEBUG] account - SELECT name,sex,headimg FROM users WHERE userid=14
[2017-07-10 22:31:15.542] [DEBUG] account - SELECT name,sex,headimg FROM users WHERE userid=15
[2017-07-10 22:31:16.941] [DEBUG] account - SELECT name,sex,headimg FROM users WHERE userid=15
[2017-07-10 22:31:17.142] [DEBUG] account - SELECT name,sex,headimg FROM users WHERE userid=13
[2017-07-10 22:31:18.018] [DEBUG] account - SELECT name,sex,headimg FROM users WHERE userid=12
[2017-07-10 22:31:18.019] [DEBUG] account - SELECT name,sex,headimg FROM users WHERE userid=13
[2017-07-10 22:31:18.021] [DEBUG] account - SELECT name,sex,headimg FROM users WHERE userid=14
[2017-07-10 22:31:18.157] [DEBUG] account - SELECT name,sex,headimg FROM users WHERE userid=12
[2017-07-10 22:31:18.166] [DEBUG] account - SELECT name,sex,headimg FROM users WHERE userid=14
[2017-07-10 22:31:18.168] [DEBUG] account - SELECT name,sex,headimg FROM users WHERE userid=15
[2017-07-10 22:32:46.100] [DEBUG] account - SELECT name,sex,headimg FROM users WHERE userid=14
[2017-07-10 22:32:47.399] [DEBUG] account - SELECT name,sex,headimg FROM users WHERE userid=12
[2017-07-10 22:32:47.401] [DEBUG] account - SELECT name,sex,headimg FROM users WHERE userid=13
[2017-07-10 22:32:47.404] [DEBUG] account - SELECT name,sex,headimg FROM users WHERE userid=15
[2017-07-10 22:32:48.931] [DEBUG] account - SELECT name,sex,headimg FROM users WHERE userid=15
[2017-07-10 22:32:50.197] [DEBUG] account - SELECT name,sex,headimg FROM users WHERE userid=12
[2017-07-10 22:32:50.199] [DEBUG] account - SELECT name,sex,headimg FROM users WHERE userid=13
[2017-07-10 22:32:50.201] [DEBUG] account - SELECT name,sex,headimg FROM users WHERE userid=14
[2017-07-10 22:32:57.075] [DEBUG] account - SELECT name,sex,headimg FROM users WHERE userid=12
[2017-07-10 22:32:58.041] [DEBUG] account - SELECT name,sex,headimg FROM users WHERE userid=13
[2017-07-10 22:32:58.042] [DEBUG] account - SELECT name,sex,headimg FROM users WHERE userid=14
[2017-07-10 22:32:58.046] [DEBUG] account - SELECT name,sex,headimg FROM users WHERE userid=15
[2017-07-10 22:32:59.616] [DEBUG] account - SELECT name,sex,headimg FROM users WHERE userid=13
[2017-07-10 22:33:00.476] [DEBUG] account - SELECT name,sex,headimg FROM users WHERE userid=12
[2017-07-10 22:33:00.485] [DEBUG] account - SELECT name,sex,headimg FROM users WHERE userid=14
[2017-07-10 22:33:00.488] [DEBUG] account - SELECT name,sex,headimg FROM users WHERE userid=15
[2017-07-10 22:34:11.077] [DEBUG] account - SELECT name,sex,headimg FROM users WHERE userid=14
[2017-07-10 22:34:12.221] [DEBUG] account - SELECT name,sex,headimg FROM users WHERE userid=12
[2017-07-10 22:34:12.223] [DEBUG] account - SELECT name,sex,headimg FROM users WHERE userid=13
[2017-07-10 22:34:12.226] [DEBUG] account - SELECT name,sex,headimg FROM users WHERE userid=15
[2017-07-10 22:35:25.739] [DEBUG] account - SELECT name,sex,headimg FROM users WHERE userid=14
[2017-07-10 22:35:26.355] [DEBUG] account - SELECT name,sex,headimg FROM users WHERE userid=12
[2017-07-10 22:35:27.079] [DEBUG] account - SELECT name,sex,headimg FROM users WHERE userid=12
[2017-07-10 22:35:27.084] [DEBUG] account - SELECT name,sex,headimg FROM users WHERE userid=13
[2017-07-10 22:35:27.088] [DEBUG] account - SELECT name,sex,headimg FROM users WHERE userid=15
[2017-07-10 22:35:27.173] [DEBUG] account - SELECT name,sex,headimg FROM users WHERE userid=13
[2017-07-10 22:35:27.173] [DEBUG] account - SELECT name,sex,headimg FROM users WHERE userid=14
[2017-07-10 22:35:27.175] [DEBUG] account - SELECT name,sex,headimg FROM users WHERE userid=15
[2017-07-10 22:35:28.391] [DEBUG] account - SELECT name,sex,headimg FROM users WHERE userid=15
[2017-07-10 22:35:28.835] [DEBUG] account - SELECT name,sex,headimg FROM users WHERE userid=13
[2017-07-10 22:35:29.466] [DEBUG] account - SELECT name,sex,headimg FROM users WHERE userid=12
[2017-07-10 22:35:29.468] [DEBUG] account - SELECT name,sex,headimg FROM users WHERE userid=13
[2017-07-10 22:35:29.470] [DEBUG] account - SELECT name,sex,headimg FROM users WHERE userid=14
[2017-07-10 22:35:29.721] [DEBUG] account - SELECT name,sex,headimg FROM users WHERE userid=12
[2017-07-10 22:35:29.724] [DEBUG] account - SELECT name,sex,headimg FROM users WHERE userid=14
[2017-07-10 22:35:29.726] [DEBUG] account - SELECT name,sex,headimg FROM users WHERE userid=15
[2017-07-10 22:37:37.594] [DEBUG] account - SELECT name,sex,headimg FROM users WHERE userid=12
[2017-07-10 22:37:38.718] [DEBUG] account - SELECT name,sex,headimg FROM users WHERE userid=13
[2017-07-10 22:37:38.728] [DEBUG] account - SELECT name,sex,headimg FROM users WHERE userid=14
[2017-07-10 22:37:38.730] [DEBUG] account - SELECT name,sex,headimg FROM users WHERE userid=15
[2017-07-10 22:37:49.251] [DEBUG] account - SELECT name,sex,headimg FROM users WHERE userid=13
[2017-07-10 22:37:50.154] [DEBUG] account - SELECT name,sex,headimg FROM users WHERE userid=12
[2017-07-10 22:37:50.156] [DEBUG] account - SELECT name,sex,headimg FROM users WHERE userid=14
[2017-07-10 22:37:50.157] [DEBUG] account - SELECT name,sex,headimg FROM users WHERE userid=15
[2017-07-10 22:45:43.722] [DEBUG] account - SELECT name,sex,headimg FROM users WHERE userid=15
[2017-07-10 22:45:44.794] [DEBUG] account - SELECT name,sex,headimg FROM users WHERE userid=12
[2017-07-10 22:45:44.797] [DEBUG] account - SELECT name,sex,headimg FROM users WHERE userid=13
[2017-07-10 22:45:44.802] [DEBUG] account - SELECT name,sex,headimg FROM users WHERE userid=14
