[2017-07-07 09:35:43.171] [INFO] poker_goldflower - POKER GOLDFLOWER DB READY.
[2017-07-07 09:35:43.181] [INFO] poker_goldflower - POKER GOLDFLOWER HTTP SERVICE RUNNING ON:127.0.0.1:10700
[2017-07-07 09:35:43.751] [INFO] poker_goldflower - POKER GOLD FLOWER SOCKET RUNNING ON:10800
[2017-07-07 09:35:44.209] [DEBUG] poker_goldflower - Http[get_server_info][{"serverid":"1","sign":"d40c9bff35b98a82"}]
[2017-07-07 10:45:34.487] [DEBUG] poker_goldflower - Http[create_room][{"userid":"12","ingot":"2","gold":"1000","conf":"{\"server_code\":20004,\"type_index\":2,\"rule_index\":530570}","sign":"787db488df5c4223"}]
[2017-07-07 10:45:34.489] [DEBUG] poker_goldflower - SELECT * FROM rooms WHERE id = "877641"
[2017-07-07 10:45:34.498] [DEBUG] poker_goldflower - create room room config = {"uuid":"","id":"877641","num_of_games":0,"create_time":1499395535,"next_button":0,"seats":[],"watch_seats":[],"less_begin":false,"conf":{"server_type":20004,"type_index":2,"rule_index":530570,"creator":12,"double":false,"free":false,"max_games":10,"poker_nums":52,"card_nums":3},"seats_num":5,"change_info":{"less_begin":false,"current_banker_index":0,"current_banker_score":0,"current_banker_count":0,"base_score":0,"banker_circle":[0,0]}}
[2017-07-07 10:45:34.519] [DEBUG] poker_goldflower - INSERT INTO rooms(uuid,id,base_info,ip,port,create_time,server_type,server_id)                 VALUES('1499395534518877641','877641','{"server_type":20004,"type_index":2,"rule_index":530570,"creator":12,"double":false,"free":false,"max_games":10,"poker_nums":52,"card_nums":3}','127.0.0.1',10800,1499395535,20004,1)
[2017-07-07 10:45:34.530] [DEBUG] poker_goldflower - Http[enter_room][{"userid":"12","name":"独孤好运","ingot":"2","gold":"1000","roomid":"877641","sign":"0a094d6e33a81f96"}]
[2017-07-07 10:45:34.616] [DEBUG] poker_goldflower - Socket[login][{"token":"7272dc00d50ef22247ab66219d01a9cd","roomid":"877641","time":1499395534536,"sign":"5980f3eccb1aa1005e8a94db0871acf3"}]
[2017-07-07 10:45:34.617] [DEBUG] poker_goldflower - login result ==> {"errcode":0,"errmsg":"ok","data":{"roomid":"877641","conf":{"server_type":20004,"type_index":2,"rule_index":530570,"creator":12,"double":false,"free":false,"max_games":10,"poker_nums":52,"card_nums":3},"num_of_games":0,"seats":[{"userid":12,"ip":"::ffff:192.168.0.180","score":0,"name":"独孤好运","online":true,"ready":false,"seatindex":0,"watch":false}]}}
[2017-07-07 10:45:34.617] [DEBUG] poker_goldflower - broadcast[new_user_comes_push] data[{"userid":12,"ip":"::ffff:192.168.0.180","score":0,"name":"独孤好运","online":true,"ready":false,"seatindex":0,"watch":false}],sender[12]
[2017-07-07 10:45:44.247] [DEBUG] poker_goldflower - Http[enter_room][{"userid":"13","name":"上官不输","ingot":"10","gold":"1000","roomid":"877641","sign":"f58d97c214238ef3"}]
[2017-07-07 10:45:44.324] [DEBUG] poker_goldflower - Socket[login][{"token":"4dbe1c7318db31d490851fe42c9aec94","roomid":"877641","time":1499395544254,"sign":"0e05f263dfd9bd34dea86c937bb70098"}]
[2017-07-07 10:45:44.324] [DEBUG] poker_goldflower - login result ==> {"errcode":0,"errmsg":"ok","data":{"roomid":"877641","conf":{"server_type":20004,"type_index":2,"rule_index":530570,"creator":12,"double":false,"free":false,"max_games":10,"poker_nums":52,"card_nums":3},"num_of_games":0,"seats":[{"userid":12,"ip":"::ffff:192.168.0.180","score":0,"name":"独孤好运","online":true,"ready":false,"seatindex":0,"watch":false},{"userid":13,"ip":"::ffff:192.168.0.180","score":0,"name":"上官不输","online":true,"ready":false,"seatindex":1,"watch":false}]}}
[2017-07-07 10:45:44.324] [DEBUG] poker_goldflower - broadcast[new_user_comes_push] data[{"userid":13,"ip":"::ffff:192.168.0.180","score":0,"name":"上官不输","online":true,"ready":false,"seatindex":1,"watch":false}],sender[13]
[2017-07-07 10:45:45.488] [DEBUG] poker_goldflower - Socket[ready][null]
[2017-07-07 10:45:45.489] [DEBUG] poker_goldflower - send to room[user_ready_push] data[{"userid":13,"ready":true}],room_id[877641]
[2017-07-07 10:45:46.244] [DEBUG] poker_goldflower - Socket[ready][null]
[2017-07-07 10:45:46.245] [DEBUG] poker_goldflower - send to room[user_ready_push] data[{"userid":12,"ready":true}],room_id[877641]
[2017-07-07 10:45:46.672] [DEBUG] poker_goldflower - Socket[start_play][{}]
[2017-07-07 10:45:46.672] [DEBUG] poker_goldflower - game begin  room_id = 877641
[2017-07-07 10:45:46.673] [DEBUG] poker_goldflower - send to room[start_play] data[{"start_user_id":12,"start_index":0,"error_code":0,"state":1}],room_id[877641]
[2017-07-07 10:45:46.674] [DEBUG] poker_goldflower - send to room[start_play_choice] data[{"choice_index":2,"user_id":12,"user_index":0,"agree_list":{"0":1}}],room_id[877641]
[2017-07-07 10:45:47.665] [DEBUG] poker_goldflower - Socket[start_play_choice][{"agree":1}]
[2017-07-07 10:45:47.666] [DEBUG] poker_goldflower - send to room[start_play_choice] data[{"choice_index":6,"user_id":13,"user_index":1,"agree_list":{"0":1,"1":1}}],room_id[877641]
[2017-07-07 10:45:47.666] [DEBUG] poker_goldflower - send to room[start_play_end] data[{"success":1,"seat_index":0}],room_id[877641]
[2017-07-07 10:45:47.666] [DEBUG] poker_goldflower - game begin  room_id = 877641
[2017-07-07 10:45:47.667] [DEBUG] poker_goldflower - user[12],event = game_holds_push,data = {"user_id":12,"holds":[-1,-1,-1],"folds":[]}
[2017-07-07 10:45:47.667] [DEBUG] poker_goldflower - user[13],event = game_holds_push,data = {"user_id":12,"holds":[-1,-1,-1],"folds":[]}
[2017-07-07 10:45:47.667] [DEBUG] poker_goldflower - user[12],event = game_holds_push,data = {"user_id":13,"holds":[-1,-1,-1],"folds":[]}
[2017-07-07 10:45:47.667] [DEBUG] poker_goldflower - user[13],event = game_holds_push,data = {"user_id":13,"holds":[-1,-1,-1],"folds":[]}
[2017-07-07 10:45:47.667] [DEBUG] poker_goldflower - send to room[game_num_push] data[1],room_id[877641]
[2017-07-07 10:45:47.668] [DEBUG] poker_goldflower - send to room[game_begin_push] data[0],room_id[877641]
[2017-07-07 10:45:47.668] [DEBUG] poker_goldflower - send to room[game_state_push] data[{"state":4}],room_id[877641]
[2017-07-07 10:45:47.668] [DEBUG] poker_goldflower - send to room[goldflower_state] data[{"current_turn":1,"see_min_coin":1,"see_max_coin":5,"unsee_min_coin":1,"unsee_max_coin":5,"user_state":[{"seat_index":0,"current_bet_score":0,"total_bet_score":0,"see_card":false,"die":false},{"seat_index":1,"current_bet_score":0,"total_bet_score":0,"see_card":false,"die":false}]}],room_id[877641]
[2017-07-07 10:45:47.669] [DEBUG] poker_goldflower - Init game base Info to DB===> {"uuid":"1499395534518877641","game_index":1,"create_time":1499395535,"base_info":{"conf":{"server_type":20004,"type_index":2,"rule_index":530570,"creator":12,"double":false,"free":false,"max_games":10,"poker_nums":52,"card_nums":3},"seats_num":5,"current_index":0,"poker":[0,1,47,3,4,5,6,7,8,9,10,11,12,13,14,15,16,17,18,19,20,46,22,51,48,25,26,27,28,29,50,31,32,33,34,35,36,37,49,39,40,41,42,43,44,45,21,2,24,38,30,23]},"holds":[[23,30,38],[24,2,21]],"folds":[[],[]],"actions":[[],[]],"result":[0,0],"statistic":[{"win_counts":0,"lose_counts":0,"goldflower_type_count":{},"total_score":0},{"win_counts":0,"lose_counts":0,"goldflower_type_count":{},"total_score":0}],"change_info":{"state":4,"button":0,"less_begin":true,"turn":1,"current_max_bet_coin":0,"current_min_bet_coin":0,"current_bet_score_list":[0,0],"total_bet_score_list":[0,0],"see_card_list":[false,false],"die_list":[false,false]}}
[2017-07-07 10:53:28.072] [DEBUG] poker_goldflower - broadcast[user_state_push] data[{"userid":12,"online":false}],sender[12]
[2017-07-07 10:53:28.073] [DEBUG] poker_goldflower - send to room[user_ready_push] data[{"userid":12,"ready":false}],room_id[877641]
[2017-07-07 10:53:28.073] [DEBUG] poker_goldflower - user[12],event = game_sync_push,data = "{\"state\":4,\"num_of_pokers\":52,\"button\":0,\"turn\":1,\"seats\":[{\"user_id\":12,\"seat_index\":0,\"holds\":[-1,-1,-1],\"folds\":[],\"current_bet_score\":0,\"total_bet_score\":0,\"see_card\":false,\"die\":false},{\"user_id\":13,\"seat_index\":1,\"holds\":[-1,-1,-1],\"folds\":[],\"current_bet_score\":0,\"total_bet_score\":0,\"see_card\":false,\"die\":false}]}"
[2017-07-07 10:53:28.073] [DEBUG] poker_goldflower - send to room[goldflower_state] data[{"current_turn":1,"see_min_coin":1,"see_max_coin":5,"unsee_min_coin":1,"unsee_max_coin":5,"user_state":[{"seat_index":0,"current_bet_score":0,"total_bet_score":0,"see_card":false,"die":false},{"seat_index":1,"current_bet_score":0,"total_bet_score":0,"see_card":false,"die":false}]}],room_id[877641]
[2017-07-07 10:53:28.139] [DEBUG] poker_goldflower - broadcast[user_state_push] data[{"userid":13,"online":false}],sender[13]
[2017-07-07 10:53:28.139] [DEBUG] poker_goldflower - send to room[user_ready_push] data[{"userid":13,"ready":false}],room_id[877641]
[2017-07-07 10:53:28.139] [DEBUG] poker_goldflower - user[13],event = game_sync_push,data = "{\"state\":4,\"num_of_pokers\":52,\"button\":0,\"turn\":1,\"seats\":[{\"user_id\":12,\"seat_index\":0,\"holds\":[-1,-1,-1],\"folds\":[],\"current_bet_score\":0,\"total_bet_score\":0,\"see_card\":false,\"die\":false},{\"user_id\":13,\"seat_index\":1,\"holds\":[-1,-1,-1],\"folds\":[],\"current_bet_score\":0,\"total_bet_score\":0,\"see_card\":false,\"die\":false}]}"
[2017-07-07 10:53:28.139] [DEBUG] poker_goldflower - send to room[goldflower_state] data[{"current_turn":1,"see_min_coin":1,"see_max_coin":5,"unsee_min_coin":1,"unsee_max_coin":5,"user_state":[{"seat_index":0,"current_bet_score":0,"total_bet_score":0,"see_card":false,"die":false},{"seat_index":1,"current_bet_score":0,"total_bet_score":0,"see_card":false,"die":false}]}],room_id[877641]
[2017-07-07 11:29:47.121] [DEBUG] poker_goldflower - Http[enter_room][{"userid":"12","name":"独孤好运","ingot":"2","gold":"1000","roomid":"877641","sign":"0a094d6e33a81f96"}]
[2017-07-07 11:29:47.227] [DEBUG] poker_goldflower - Socket[login][{"token":"f4c1a58d233a9865cf6f051f651e85ad","roomid":"877641","time":1499398187124,"sign":"579369e786884ffbc66a440ccb7d721f"}]
[2017-07-07 11:29:47.228] [DEBUG] poker_goldflower - login result ==> {"errcode":0,"errmsg":"ok","data":{"roomid":"877641","conf":{"server_type":20004,"type_index":2,"rule_index":530570,"creator":12,"double":false,"free":false,"max_games":10,"poker_nums":52,"card_nums":3},"num_of_games":1,"seats":[{"userid":12,"ip":"::ffff:192.168.0.180","score":0,"name":"独孤好运","online":true,"ready":false,"seatindex":0,"watch":false},{"userid":13,"ip":"::ffff:192.168.0.180","score":0,"name":"上官不输","online":false,"ready":false,"seatindex":1,"watch":false}]}}
[2017-07-07 11:29:47.228] [DEBUG] poker_goldflower - broadcast[new_user_comes_push] data[{"userid":12,"ip":"::ffff:192.168.0.180","score":0,"name":"独孤好运","online":true,"ready":false,"seatindex":0,"watch":false}],sender[12]
[2017-07-07 11:29:47.228] [DEBUG] poker_goldflower - login check  game state ==4
[2017-07-07 11:29:47.228] [DEBUG] poker_goldflower - send to room[user_ready_push] data[{"userid":12,"ready":true}],room_id[877641]
[2017-07-07 11:29:47.228] [DEBUG] poker_goldflower - user[12],event = game_sync_push,data = "{\"state\":4,\"num_of_pokers\":52,\"button\":0,\"turn\":1,\"seats\":[{\"user_id\":12,\"seat_index\":0,\"holds\":[-1,-1,-1],\"folds\":[],\"current_bet_score\":0,\"total_bet_score\":0,\"see_card\":false,\"die\":false},{\"user_id\":13,\"seat_index\":1,\"holds\":[-1,-1,-1],\"folds\":[],\"current_bet_score\":0,\"total_bet_score\":0,\"see_card\":false,\"die\":false}]}"
[2017-07-07 11:29:47.228] [DEBUG] poker_goldflower - send to room[goldflower_state] data[{"current_turn":1,"see_min_coin":1,"see_max_coin":5,"unsee_min_coin":1,"unsee_max_coin":5,"user_state":[{"seat_index":0,"current_bet_score":0,"total_bet_score":0,"see_card":false,"die":false},{"seat_index":1,"current_bet_score":0,"total_bet_score":0,"see_card":false,"die":false}]}],room_id[877641]
[2017-07-07 11:30:08.571] [DEBUG] poker_goldflower - broadcast[user_state_push] data[{"userid":12,"online":false}],sender[12]
[2017-07-07 11:30:08.571] [DEBUG] poker_goldflower - send to room[user_ready_push] data[{"userid":12,"ready":false}],room_id[877641]
[2017-07-07 11:30:08.571] [DEBUG] poker_goldflower - user[12],event = game_sync_push,data = "{\"state\":4,\"num_of_pokers\":52,\"button\":0,\"turn\":1,\"seats\":[{\"user_id\":12,\"seat_index\":0,\"holds\":[-1,-1,-1],\"folds\":[],\"current_bet_score\":0,\"total_bet_score\":0,\"see_card\":false,\"die\":false},{\"user_id\":13,\"seat_index\":1,\"holds\":[-1,-1,-1],\"folds\":[],\"current_bet_score\":0,\"total_bet_score\":0,\"see_card\":false,\"die\":false}]}"
[2017-07-07 11:30:08.571] [DEBUG] poker_goldflower - send to room[goldflower_state] data[{"current_turn":1,"see_min_coin":1,"see_max_coin":5,"unsee_min_coin":1,"unsee_max_coin":5,"user_state":[{"seat_index":0,"current_bet_score":0,"total_bet_score":0,"see_card":false,"die":false},{"seat_index":1,"current_bet_score":0,"total_bet_score":0,"see_card":false,"die":false}]}],room_id[877641]
[2017-07-07 15:36:29.812] [INFO] poker_goldflower - POKER GOLDFLOWER DB READY.
[2017-07-07 15:36:29.831] [INFO] poker_goldflower - POKER GOLDFLOWER HTTP SERVICE RUNNING ON:127.0.0.1:10700
[2017-07-07 15:36:30.240] [INFO] poker_goldflower - POKER GOLD FLOWER SOCKET RUNNING ON:10800
[2017-07-07 15:36:30.861] [DEBUG] poker_goldflower - Http[get_server_info][{"serverid":"1","sign":"d40c9bff35b98a82"}]
[2017-07-07 15:41:50.063] [INFO] poker_goldflower - POKER GOLDFLOWER DB READY.
[2017-07-07 15:41:50.091] [INFO] poker_goldflower - POKER GOLDFLOWER HTTP SERVICE RUNNING ON:127.0.0.1:10700
[2017-07-07 15:41:50.307] [INFO] poker_goldflower - POKER GOLD FLOWER SOCKET RUNNING ON:10800
[2017-07-07 15:41:51.146] [DEBUG] poker_goldflower - Http[get_server_info][{"serverid":"1","sign":"d40c9bff35b98a82"}]
