[2017-07-12 09:39:58.276] [INFO] account - ACCOUNT DB READY.
[2017-07-12 09:39:58.284] [INFO] account - ACCOUNT SERVER RUNNING ON: 9000
[2017-07-12 09:39:58.284] [INFO] account - AGENT CHALLENGE READY FOR CLIENT.
[2017-07-12 09:39:58.285] [INFO] account - AGENT API RUNING ON: 127.0.0.1:12581
[2017-07-12 10:38:44.766] [INFO] account - ACCOUNT DB READY.
[2017-07-12 10:38:44.774] [INFO] account - ACCOUNT SERVER RUNNING ON: 9000
[2017-07-12 10:38:44.774] [INFO] account - AGENT CHALLENGE READY FOR CLIENT.
[2017-07-12 10:38:44.776] [INFO] account - AGENT API RUNING ON: 127.0.0.1:12581
[2017-07-12 10:39:34.514] [INFO] account - ACCOUNT DB READY.
[2017-07-12 10:39:34.522] [INFO] account - ACCOUNT SERVER RUNNING ON: 9000
[2017-07-12 10:39:34.522] [INFO] account - AGENT CHALLENGE READY FOR CLIENT.
[2017-07-12 10:39:34.524] [INFO] account - AGENT API RUNING ON: 127.0.0.1:12581
[2017-07-12 10:39:40.075] [DEBUG] account - req.query=======================> {}
[2017-07-12 10:39:40.078] [DEBUG] account - 验签=======================> false
[2017-07-12 10:39:50.074] [DEBUG] account - req.query=======================> {}
[2017-07-12 10:39:50.075] [DEBUG] account - 验签=======================> false
[2017-07-12 10:40:00.077] [DEBUG] account - req.query=======================> {}
[2017-07-12 10:40:00.078] [DEBUG] account - 验签=======================> false
[2017-07-12 10:40:10.081] [DEBUG] account - req.query=======================> {}
[2017-07-12 10:40:10.083] [DEBUG] account - 验签=======================> false
[2017-07-12 10:40:20.085] [DEBUG] account - req.query=======================> {}
[2017-07-12 10:40:20.086] [DEBUG] account - 验签=======================> false
[2017-07-12 10:40:30.085] [DEBUG] account - req.query=======================> {}
[2017-07-12 10:40:30.087] [DEBUG] account - 验签=======================> false
[2017-07-12 10:40:40.087] [DEBUG] account - req.query=======================> {}
[2017-07-12 10:40:40.089] [DEBUG] account - 验签=======================> false
[2017-07-12 10:40:50.088] [DEBUG] account - req.query=======================> {}
[2017-07-12 10:40:50.090] [DEBUG] account - 验签=======================> false
[2017-07-12 10:41:00.092] [DEBUG] account - req.query=======================> {}
[2017-07-12 10:41:00.094] [DEBUG] account - 验签=======================> false
[2017-07-12 10:41:10.092] [DEBUG] account - req.query=======================> {}
[2017-07-12 10:41:10.096] [DEBUG] account - 验签=======================> false
[2017-07-12 10:41:20.097] [DEBUG] account - req.query=======================> {}
[2017-07-12 10:41:20.098] [DEBUG] account - 验签=======================> false
[2017-07-12 10:41:30.101] [DEBUG] account - req.query=======================> {}
[2017-07-12 10:41:30.103] [DEBUG] account - 验签=======================> false
[2017-07-12 10:41:40.104] [DEBUG] account - req.query=======================> {}
[2017-07-12 10:41:40.105] [DEBUG] account - 验签=======================> false
[2017-07-12 10:41:50.104] [DEBUG] account - req.query=======================> {}
[2017-07-12 10:41:50.105] [DEBUG] account - 验签=======================> false
[2017-07-12 10:42:00.111] [DEBUG] account - req.query=======================> {}
[2017-07-12 10:42:00.112] [DEBUG] account - 验签=======================> false
[2017-07-12 10:42:10.115] [DEBUG] account - req.query=======================> {}
[2017-07-12 10:42:10.117] [DEBUG] account - 验签=======================> false
[2017-07-12 10:42:20.120] [DEBUG] account - req.query=======================> {}
[2017-07-12 10:42:20.122] [DEBUG] account - 验签=======================> false
[2017-07-12 10:42:30.120] [DEBUG] account - req.query=======================> {}
[2017-07-12 10:42:30.121] [DEBUG] account - 验签=======================> false
[2017-07-12 10:42:40.124] [DEBUG] account - req.query=======================> {}
[2017-07-12 10:42:40.129] [DEBUG] account - 验签=======================> false
[2017-07-12 10:42:50.127] [DEBUG] account - req.query=======================> {}
[2017-07-12 10:42:50.129] [DEBUG] account - 验签=======================> false
[2017-07-12 10:43:00.126] [DEBUG] account - req.query=======================> {}
[2017-07-12 10:43:00.128] [DEBUG] account - 验签=======================> false
[2017-07-12 10:43:10.133] [DEBUG] account - req.query=======================> {}
[2017-07-12 10:43:10.134] [DEBUG] account - 验签=======================> false
[2017-07-12 10:43:20.134] [DEBUG] account - req.query=======================> {}
[2017-07-12 10:43:20.136] [DEBUG] account - 验签=======================> false
[2017-07-12 10:43:30.135] [DEBUG] account - req.query=======================> {}
[2017-07-12 10:43:30.137] [DEBUG] account - 验签=======================> false
[2017-07-12 10:43:40.136] [DEBUG] account - req.query=======================> {}
[2017-07-12 10:43:40.138] [DEBUG] account - 验签=======================> false
[2017-07-12 10:43:50.139] [DEBUG] account - req.query=======================> {}
[2017-07-12 10:43:50.141] [DEBUG] account - 验签=======================> false
[2017-07-12 10:44:00.141] [DEBUG] account - req.query=======================> {}
[2017-07-12 10:44:00.143] [DEBUG] account - 验签=======================> false
[2017-07-12 10:44:10.141] [DEBUG] account - req.query=======================> {}
[2017-07-12 10:44:10.143] [DEBUG] account - 验签=======================> false
[2017-07-12 10:44:46.273] [DEBUG] account - req.query=======================> {}
[2017-07-12 10:44:46.275] [DEBUG] account - 验签=======================> false
[2017-07-12 10:44:56.279] [DEBUG] account - req.query=======================> {}
[2017-07-12 10:44:56.280] [DEBUG] account - 验签=======================> false
[2017-07-12 10:45:02.544] [DEBUG] account - req.query=======================> {}
[2017-07-12 10:45:02.546] [DEBUG] account - 验签=======================> false
[2017-07-12 10:45:12.549] [DEBUG] account - req.query=======================> {}
[2017-07-12 10:45:12.551] [DEBUG] account - 验签=======================> false
[2017-07-12 10:45:27.980] [INFO] account - ACCOUNT DB READY.
[2017-07-12 10:45:27.992] [INFO] account - ACCOUNT SERVER RUNNING ON: 9000
[2017-07-12 10:45:27.997] [INFO] account - AGENT CHALLENGE READY FOR CLIENT.
[2017-07-12 10:45:27.999] [INFO] account - AGENT API RUNING ON: 127.0.0.1:12581
[2017-07-12 10:45:37.394] [ERROR] account - get_serverinfo: error sign===> {}
[2017-07-12 10:47:24.736] [ERROR] account - get_serverinfo: error sign===> {}
[2017-07-12 10:53:32.175] [INFO] account - ACCOUNT DB READY.
[2017-07-12 10:53:32.184] [INFO] account - ACCOUNT SERVER RUNNING ON: 9000
[2017-07-12 10:53:32.184] [INFO] account - AGENT CHALLENGE READY FOR CLIENT.
[2017-07-12 10:53:32.186] [INFO] account - AGENT API RUNING ON: 127.0.0.1:12581
[2017-07-12 10:58:59.478] [INFO] account - ACCOUNT DB READY.
[2017-07-12 10:58:59.487] [INFO] account - ACCOUNT SERVER RUNNING ON: 9000
[2017-07-12 10:58:59.487] [INFO] account - AGENT CHALLENGE READY FOR CLIENT.
[2017-07-12 10:58:59.489] [INFO] account - AGENT API RUNING ON: 127.0.0.1:12581
[2017-07-12 10:59:05.567] [DEBUG] account - SELECT name,sex,headimg FROM users WHERE userid=12
[2017-07-12 11:01:43.699] [DEBUG] account - SELECT name,sex,headimg FROM users WHERE userid=12
[2017-07-12 11:09:26.861] [DEBUG] account - SELECT name,sex,headimg FROM users WHERE userid=12
[2017-07-12 11:47:38.933] [INFO] account - ACCOUNT DB READY.
[2017-07-12 11:47:38.944] [INFO] account - ACCOUNT SERVER RUNNING ON: 9000
[2017-07-12 11:47:38.944] [INFO] account - AGENT CHALLENGE READY FOR CLIENT.
[2017-07-12 11:47:38.945] [INFO] account - AGENT API RUNING ON: 127.0.0.1:12581
[2017-07-12 11:49:56.351] [DEBUG] account - SELECT name,sex,headimg FROM users WHERE userid=12
[2017-07-12 11:50:54.221] [DEBUG] account - SELECT name,sex,headimg FROM users WHERE userid=23
[2017-07-12 11:52:55.085] [DEBUG] account - SELECT name,sex,headimg FROM users WHERE userid=13
[2017-07-12 11:53:15.275] [DEBUG] account - SELECT name,sex,headimg FROM users WHERE userid=13
[2017-07-12 11:53:27.088] [DEBUG] account - SELECT name,sex,headimg FROM users WHERE userid=14
[2017-07-12 11:53:34.555] [DEBUG] account - SELECT name,sex,headimg FROM users WHERE userid=14
[2017-07-12 11:53:34.561] [DEBUG] account - SELECT name,sex,headimg FROM users WHERE userid=14
[2017-07-12 11:53:35.249] [DEBUG] account - SELECT name,sex,headimg FROM users WHERE userid=13
[2017-07-12 11:53:35.253] [DEBUG] account - SELECT name,sex,headimg FROM users WHERE userid=13
[2017-07-12 11:54:06.243] [DEBUG] account - SELECT name,sex,headimg FROM users WHERE userid=12
[2017-07-12 11:55:43.932] [DEBUG] account - SELECT name,sex,headimg FROM users WHERE userid=14
[2017-07-12 11:56:50.213] [DEBUG] account - SELECT name,sex,headimg FROM users WHERE userid=14
[2017-07-12 12:04:36.087] [DEBUG] account - SELECT name,sex,headimg FROM users WHERE userid=13
[2017-07-12 13:28:35.146] [DEBUG] account - SELECT name,sex,headimg FROM users WHERE userid=12
[2017-07-12 14:00:11.057] [DEBUG] account - SELECT name,sex,headimg FROM users WHERE userid=21
[2017-07-12 14:29:59.184] [DEBUG] account - SELECT name,sex,headimg FROM users WHERE userid=12
[2017-07-12 14:31:22.441] [DEBUG] account - SELECT name,sex,headimg FROM users WHERE userid=12
[2017-07-12 14:34:10.039] [DEBUG] account - SELECT name,sex,headimg FROM users WHERE userid=12
[2017-07-12 14:35:14.831] [DEBUG] account - SELECT name,sex,headimg FROM users WHERE userid=12
[2017-07-12 14:39:03.627] [DEBUG] account - SELECT name,sex,headimg FROM users WHERE userid=12
[2017-07-12 14:47:00.043] [DEBUG] account - SELECT name,sex,headimg FROM users WHERE userid=12
[2017-07-12 14:51:04.497] [DEBUG] account - SELECT name,sex,headimg FROM users WHERE userid=12
[2017-07-12 14:52:24.153] [DEBUG] account - SELECT name,sex,headimg FROM users WHERE userid=12
[2017-07-12 14:54:18.970] [DEBUG] account - SELECT name,sex,headimg FROM users WHERE userid=12
[2017-07-12 14:58:14.405] [DEBUG] account - SELECT name,sex,headimg FROM users WHERE userid=12
[2017-07-12 15:13:15.433] [DEBUG] account - SELECT name,sex,headimg FROM users WHERE userid=12
[2017-07-12 15:25:10.400] [DEBUG] account - SELECT name,sex,headimg FROM users WHERE userid=12
[2017-07-12 15:36:14.994] [DEBUG] account - SELECT name,sex,headimg FROM users WHERE userid=12
[2017-07-12 15:36:42.820] [DEBUG] account - SELECT name,sex,headimg FROM users WHERE userid=12
[2017-07-12 15:37:49.313] [DEBUG] account - SELECT name,sex,headimg FROM users WHERE userid=12
[2017-07-12 15:40:10.807] [DEBUG] account - SELECT name,sex,headimg FROM users WHERE userid=12
[2017-07-12 15:41:39.143] [DEBUG] account - SELECT name,sex,headimg FROM users WHERE userid=12
[2017-07-12 15:42:25.836] [DEBUG] account - SELECT name,sex,headimg FROM users WHERE userid=12
[2017-07-12 15:43:20.643] [DEBUG] account - SELECT name,sex,headimg FROM users WHERE userid=12
[2017-07-12 15:43:33.722] [DEBUG] account - SELECT name,sex,headimg FROM users WHERE userid=12
[2017-07-12 15:47:57.053] [DEBUG] account - SELECT name,sex,headimg FROM users WHERE userid=12
[2017-07-12 15:49:31.905] [DEBUG] account - SELECT name,sex,headimg FROM users WHERE userid=12
[2017-07-12 16:04:51.754] [DEBUG] account - SELECT name,sex,headimg FROM users WHERE userid=12
[2017-07-12 16:05:34.787] [DEBUG] account - SELECT name,sex,headimg FROM users WHERE userid=12
[2017-07-12 16:06:33.057] [DEBUG] account - SELECT name,sex,headimg FROM users WHERE userid=12
[2017-07-12 16:08:14.681] [DEBUG] account - SELECT name,sex,headimg FROM users WHERE userid=12
[2017-07-12 16:15:35.067] [DEBUG] account - SELECT name,sex,headimg FROM users WHERE userid=12
[2017-07-12 16:37:35.568] [INFO] account - ACCOUNT DB READY.
[2017-07-12 16:37:35.575] [INFO] account - ACCOUNT SERVER RUNNING ON: 9000
[2017-07-12 16:37:35.575] [INFO] account - AGENT CHALLENGE READY FOR CLIENT.
[2017-07-12 16:37:35.576] [INFO] account - AGENT API RUNING ON: 127.0.0.1:12581
[2017-07-12 16:41:47.474] [INFO] account - ACCOUNT DB READY.
[2017-07-12 16:41:47.485] [INFO] account - ACCOUNT SERVER RUNNING ON: 9000
[2017-07-12 16:41:47.486] [INFO] account - AGENT CHALLENGE READY FOR CLIENT.
[2017-07-12 16:41:47.487] [INFO] account - AGENT API RUNING ON: 127.0.0.1:12581
[2017-07-12 16:42:24.212] [DEBUG] account - SELECT name,sex,headimg FROM users WHERE userid=12
[2017-07-12 16:42:32.749] [DEBUG] account - SELECT name,sex,headimg FROM users WHERE userid=12
[2017-07-12 16:42:58.622] [DEBUG] account - SELECT name,sex,headimg FROM users WHERE userid=14
[2017-07-12 16:43:38.869] [DEBUG] account - SELECT name,sex,headimg FROM users WHERE userid=14
[2017-07-12 18:33:47.310] [DEBUG] account - SELECT name,sex,headimg FROM users WHERE userid=12
[2017-07-12 18:34:02.843] [DEBUG] account - SELECT name,sex,headimg FROM users WHERE userid=13
[2017-07-12 18:34:15.509] [DEBUG] account - SELECT name,sex,headimg FROM users WHERE userid=13
[2017-07-12 18:34:15.513] [DEBUG] account - SELECT name,sex,headimg FROM users WHERE userid=13
[2017-07-12 18:34:16.261] [DEBUG] account - SELECT name,sex,headimg FROM users WHERE userid=12
[2017-07-12 18:34:16.264] [DEBUG] account - SELECT name,sex,headimg FROM users WHERE userid=12
[2017-07-12 18:34:20.388] [DEBUG] account - SELECT name,sex,headimg FROM users WHERE userid=14
[2017-07-12 18:34:24.554] [DEBUG] account - SELECT name,sex,headimg FROM users WHERE userid=14
[2017-07-12 18:34:24.558] [DEBUG] account - SELECT name,sex,headimg FROM users WHERE userid=14
[2017-07-12 18:34:24.561] [DEBUG] account - SELECT name,sex,headimg FROM users WHERE userid=14
[2017-07-12 18:34:24.565] [DEBUG] account - SELECT name,sex,headimg FROM users WHERE userid=14
[2017-07-12 18:34:25.300] [DEBUG] account - SELECT name,sex,headimg FROM users WHERE userid=12
[2017-07-12 18:34:25.302] [DEBUG] account - SELECT name,sex,headimg FROM users WHERE userid=12
[2017-07-12 18:34:25.305] [DEBUG] account - SELECT name,sex,headimg FROM users WHERE userid=13
[2017-07-12 18:34:25.311] [DEBUG] account - SELECT name,sex,headimg FROM users WHERE userid=13
[2017-07-12 18:38:53.879] [WARN] account - get_serverinfo: error sign===> {}
[2017-07-12 18:39:03.883] [WARN] account - get_serverinfo: error sign===> {}
[2017-07-12 18:39:13.884] [WARN] account - get_serverinfo: error sign===> {}
[2017-07-12 18:39:23.885] [WARN] account - get_serverinfo: error sign===> {}
[2017-07-12 18:39:33.888] [WARN] account - get_serverinfo: error sign===> {}
[2017-07-12 18:39:43.888] [WARN] account - get_serverinfo: error sign===> {}
[2017-07-12 18:39:51.771] [WARN] account - get_serverinfo: error sign===> {}
[2017-07-12 18:40:01.772] [WARN] account - get_serverinfo: error sign===> {}
[2017-07-12 18:40:11.773] [WARN] account - get_serverinfo: error sign===> {}
[2017-07-12 18:40:18.480] [WARN] account - get_serverinfo: error sign===> {}
[2017-07-12 18:40:21.774] [WARN] account - get_serverinfo: error sign===> {}
[2017-07-12 18:40:28.483] [WARN] account - get_serverinfo: error sign===> {}
[2017-07-12 18:40:31.781] [WARN] account - get_serverinfo: error sign===> {}
[2017-07-12 18:40:38.485] [WARN] account - get_serverinfo: error sign===> {}
[2017-07-12 18:40:41.779] [WARN] account - get_serverinfo: error sign===> {}
