[2017-07-04 09:56:54.880] [INFO] log - ACCOUNT LOG MANAGER READY.
[2017-07-04 09:56:54.864] [INFO] log - POKER SANGONG LOG MANAGER READY.
[2017-07-04 09:56:54.932] [INFO] log - POKER OX LOG MANAGER READY.
[2017-07-04 09:56:55.169] [INFO] log - HALL LOG MANAGER READY.
[2017-07-04 09:56:55.089] [INFO] log - POKER LANDLORD LOG MANAGER READY.
[2017-07-04 09:56:55.065] [INFO] log - POKER SHISANSHUI LOG MANAGER READY.
[2017-07-04 09:56:55.132] [INFO] log - POKER RUNNING LOG MANAGER READY.
[2017-07-04 09:56:55.211] [INFO] log - POKER 10.5 POINTS LOG MANAGER READY.
[2017-07-04 09:56:55.362] [INFO] log - POKER GOLDFLOWER LOG MANAGER READY.
[2017-07-04 09:56:55.400] [INFO] log - POKER TAXAS LOG MANAGER READY.
[2017-07-04 09:56:55.513] [INFO] log - POKER 21 POINTS LOG MANAGER READY.
[2017-07-04 09:57:22.687] [INFO] log - POKER SANDAHA LOG MANAGER READY.
[2017-07-04 09:58:30.055] [INFO] log - POKER SANDAHA LOG MANAGER READY.
[2017-07-04 10:04:38.020] [INFO] log - POKER SANDAHA LOG MANAGER READY.
[2017-07-04 10:22:44.339] [INFO] log - POKER SANDAHA LOG MANAGER READY.
[2017-07-04 11:01:08.402] [INFO] log - POKER SANDAHA LOG MANAGER READY.
[2017-07-04 13:00:14.157] [INFO] log - POKER SANDAHA LOG MANAGER READY.
[2017-07-04 14:15:30.442] [INFO] log - POKER SANDAHA LOG MANAGER READY.
[2017-07-04 14:18:51.686] [INFO] log - POKER SANDAHA LOG MANAGER READY.
[2017-07-04 14:35:33.413] [INFO] log - POKER SANDAHA LOG MANAGER READY.
[2017-07-04 14:51:27.560] [INFO] log - POKER SANDAHA LOG MANAGER READY.
[2017-07-04 15:12:03.160] [INFO] log - POKER SANDAHA LOG MANAGER READY.
[2017-07-04 15:25:41.684] [INFO] log - POKER SANDAHA LOG MANAGER READY.
[2017-07-04 15:26:51.860] [INFO] log - POKER SANDAHA LOG MANAGER READY.
[2017-07-04 15:40:26.013] [INFO] log - POKER SANDAHA LOG MANAGER READY.
[2017-07-04 16:55:19.419] [INFO] log - POKER SANDAHA LOG MANAGER READY.
[2017-07-04 17:01:06.647] [INFO] log - POKER SANDAHA LOG MANAGER READY.
[2017-07-04 17:04:44.297] [INFO] log - POKER SANDAHA LOG MANAGER READY.
[2017-07-04 17:17:25.650] [INFO] log - POKER SANDAHA LOG MANAGER READY.
[2017-07-04 17:25:01.990] [DEBUG] log - insert ingot log
[2017-07-04 17:46:38.765] [INFO] log - POKER SANDAHA LOG MANAGER READY.
[2017-07-04 18:08:26.533] [DEBUG] log - insert ingot log
