[2017-07-11 09:47:23.534] [INFO] poker_taxas - POKER TAXAS DB READY.
[2017-07-11 09:47:23.554] [INFO] poker_taxas - POKER TAXAS HTTP SERVICE RUNNING ON:127.0.0.1:10900
[2017-07-11 09:47:24.096] [INFO] poker_taxas - POKER TAXAS SOCKET RUNNING ON: 11000
[2017-07-11 09:47:24.593] [DEBUG] poker_taxas - Http[get_server_info][{"serverid":"1","sign":"d40c9bff35b98a82"}]
[2017-07-11 09:58:24.055] [DEBUG] poker_taxas - Http[create_room][{"userid":"12","ingot":"183","gold":"258","conf":"{\"server_code\":20005,\"type_index\":2,\"rule_index\":534602}","sign":"2eb37ae444446ac1"}]
[2017-07-11 09:58:24.057] [DEBUG] poker_taxas - SELECT * FROM rooms WHERE id = "801767"
[2017-07-11 09:58:24.068] [DEBUG] poker_taxas - create room room config = {"uuid":"","id":"801767","num_of_games":0,"create_time":1499738305,"next_button":0,"seats":[],"watch_seats":[],"less_begin":false,"conf":{"server_type":20005,"type_index":2,"rule_index":534602,"creator":12,"double":false,"free":false,"max_games":10,"poker_nums":52,"card_nums":2},"seats_num":5,"change_info":{"less_begin":false,"current_banker_index":0,"current_banker_score":0,"current_banker_count":0,"base_score":0,"banker_circle":[0,0]}}
[2017-07-11 09:58:24.129] [DEBUG] poker_taxas - INSERT INTO rooms(uuid,id,base_info,ip,port,create_time,server_type,server_id)                 VALUES('1499738304129801767','801767','{"server_type":20005,"type_index":2,"rule_index":534602,"creator":12,"double":false,"free":false,"max_games":10,"poker_nums":52,"card_nums":2}','127.0.0.1',11000,1499738305,20005,1)
[2017-07-11 09:58:24.141] [DEBUG] poker_taxas - Http[enter_room][{"userid":"12","name":"独孤好运","ingot":"183","gold":"258","roomid":"801767","sign":"634748b2919ae7c0"}]
[2017-07-11 09:58:24.222] [DEBUG] poker_taxas - Socket[login][{"token":"9863795b1aecd7722748ca3c587c7fcb","roomid":"801767","time":1499738304147,"sign":"4a5f769b9fc30c8808a4634ba02dca77"}]
[2017-07-11 09:58:24.223] [DEBUG] poker_taxas - login result ==> {"errcode":0,"errmsg":"ok","data":{"roomid":"801767","conf":{"server_type":20005,"type_index":2,"rule_index":534602,"creator":12,"double":false,"free":false,"max_games":10,"poker_nums":52,"card_nums":2},"num_of_games":0,"seats":[{"userid":12,"ip":"::ffff:192.168.0.180","score":1000,"name":"独孤好运","online":true,"ready":false,"seatindex":0,"watch":false}]}}
[2017-07-11 09:58:24.223] [DEBUG] poker_taxas - broadcast[new_user_comes_push] data[{"userid":12,"ip":"::ffff:192.168.0.180","score":1000,"name":"独孤好运","online":true,"ready":false,"seatindex":0,"watch":false}],sender[12]
[2017-07-11 09:58:30.094] [DEBUG] poker_taxas - broadcast[user_state_push] data[{"userid":12,"online":false}],sender[12]
[2017-07-11 09:58:30.095] [DEBUG] poker_taxas - send to room[user_ready_push] data[{"userid":12,"ready":false}],room_id[801767]
[2017-07-11 09:58:42.043] [DEBUG] poker_taxas - Http[enter_room][{"userid":"12","name":"独孤好运","ingot":"183","gold":"258","roomid":"801767","sign":"634748b2919ae7c0"}]
[2017-07-11 09:58:42.149] [DEBUG] poker_taxas - Socket[login][{"token":"1b6d1dd40b4cf0163f042dc126b3d39b","roomid":"801767","time":1499738322047,"sign":"5cd4f9cd35714539d5f2c3cd0b039f57"}]
[2017-07-11 09:58:42.150] [DEBUG] poker_taxas - login result ==> {"errcode":0,"errmsg":"ok","data":{"roomid":"801767","conf":{"server_type":20005,"type_index":2,"rule_index":534602,"creator":12,"double":false,"free":false,"max_games":10,"poker_nums":52,"card_nums":2},"num_of_games":0,"seats":[{"userid":12,"ip":"::ffff:192.168.0.180","score":1000,"name":"独孤好运","online":true,"ready":false,"seatindex":0,"watch":false}]}}
[2017-07-11 09:58:42.150] [DEBUG] poker_taxas - broadcast[new_user_comes_push] data[{"userid":12,"ip":"::ffff:192.168.0.180","score":1000,"name":"独孤好运","online":true,"ready":false,"seatindex":0,"watch":false}],sender[12]
[2017-07-11 09:59:04.615] [DEBUG] poker_taxas - Http[enter_room][{"userid":"13","name":"上官不输","ingot":"110","gold":"600","roomid":"801767","sign":"b2923d6fa95ddb18"}]
[2017-07-11 09:59:04.725] [DEBUG] poker_taxas - Socket[login][{"token":"611f9f8e3c7b7d5a8d82d2c001fed6eb","roomid":"801767","time":1499738344616,"sign":"c9502416df7ee4fc2596c94e3031de8d"}]
[2017-07-11 09:59:04.725] [DEBUG] poker_taxas - login result ==> {"errcode":0,"errmsg":"ok","data":{"roomid":"801767","conf":{"server_type":20005,"type_index":2,"rule_index":534602,"creator":12,"double":false,"free":false,"max_games":10,"poker_nums":52,"card_nums":2},"num_of_games":0,"seats":[{"userid":12,"ip":"::ffff:192.168.0.180","score":1000,"name":"独孤好运","online":true,"ready":false,"seatindex":0,"watch":false},{"userid":13,"ip":"::ffff:192.168.0.180","score":1000,"name":"上官不输","online":true,"ready":false,"seatindex":1,"watch":false}]}}
[2017-07-11 09:59:04.725] [DEBUG] poker_taxas - broadcast[new_user_comes_push] data[{"userid":13,"ip":"::ffff:192.168.0.180","score":1000,"name":"上官不输","online":true,"ready":false,"seatindex":1,"watch":false}],sender[13]
[2017-07-11 09:59:06.291] [DEBUG] poker_taxas - Socket[ready][null]
[2017-07-11 09:59:06.291] [DEBUG] poker_taxas - send to room[user_ready_push] data[{"userid":13,"ready":true}],room_id[801767]
[2017-07-11 09:59:06.961] [DEBUG] poker_taxas - Socket[ready][null]
[2017-07-11 09:59:06.961] [DEBUG] poker_taxas - send to room[user_ready_push] data[{"userid":12,"ready":true}],room_id[801767]
[2017-07-11 09:59:07.373] [DEBUG] poker_taxas - Socket[start_play][{}]
[2017-07-11 09:59:07.373] [DEBUG] poker_taxas - game begin  room_id = 801767
[2017-07-11 09:59:07.373] [DEBUG] poker_taxas - send to room[start_play] data[{"start_user_id":12,"start_index":0,"error_code":0,"state":1}],room_id[801767]
[2017-07-11 09:59:07.373] [DEBUG] poker_taxas - send to room[start_play_choice] data[{"choice_index":2,"user_id":12,"user_index":0,"agree_list":{"0":1}}],room_id[801767]
[2017-07-11 09:59:08.045] [DEBUG] poker_taxas - Socket[start_play_choice][{"agree":1}]
[2017-07-11 09:59:08.045] [DEBUG] poker_taxas - send to room[start_play_choice] data[{"choice_index":6,"user_id":13,"user_index":1,"agree_list":{"0":1,"1":1}}],room_id[801767]
[2017-07-11 09:59:08.045] [DEBUG] poker_taxas - send to room[start_play_end] data[{"success":1,"seat_index":0}],room_id[801767]
[2017-07-11 09:59:08.045] [DEBUG] poker_taxas - game begin  room_id = 801767
[2017-07-11 09:59:08.045] [DEBUG] poker_taxas - user[12],event = game_holds_push,data = {"user_id":12,"holds":[40,47],"folds":[]}
[2017-07-11 09:59:08.045] [DEBUG] poker_taxas - user[13],event = game_holds_push,data = {"user_id":12,"holds":[-1,-1],"folds":[]}
[2017-07-11 09:59:08.045] [DEBUG] poker_taxas - user[12],event = game_holds_push,data = {"user_id":13,"holds":[-1,-1],"folds":[]}
[2017-07-11 09:59:08.045] [DEBUG] poker_taxas - user[13],event = game_holds_push,data = {"user_id":13,"holds":[27,31],"folds":[]}
[2017-07-11 09:59:08.045] [DEBUG] poker_taxas - send to room[game_num_push] data[1],room_id[801767]
[2017-07-11 09:59:08.045] [DEBUG] poker_taxas - send to room[game_begin_push] data[0],room_id[801767]
[2017-07-11 09:59:08.045] [DEBUG] poker_taxas - Init game base Info to DB===> {"uuid":"1499738304129801767","game_index":1,"create_time":1499738305,"base_info":{"conf":{"server_type":20005,"type_index":2,"rule_index":534602,"creator":12,"double":false,"free":false,"max_games":10,"poker_nums":52,"card_nums":2},"seats_num":5,"current_index":9,"poker":[0,1,2,3,4,5,6,7,8,9,10,43,46,13,14,15,16,17,18,19,20,21,22,23,24,25,44,49,28,29,30,48,32,33,34,35,36,37,38,39,45,50,42,11,26,51,12,41,31,27,47,40]},"holds":[[40,47],[27,31]],"folds":[[],[]],"actions":[[],[]],"result":[0,0],"statistic":[{"win_counts":0,"lose_counts":0,"taxas_type_count":{},"total_score":1000},{"win_counts":0,"lose_counts":0,"taxas_type_count":{},"total_score":1000}],"change_info":{"state":2,"button":0,"less_begin":true,"turn":1,"current_max_bet_coin":0,"current_min_bet_coin":0,"public_card":[41,12,51,26,11],"current_bet_turn":0,"current_bet_score_list":[0,0],"total_bet_score_list":[0,0],"can_win_score_list":[0,0],"empty_list":[false,false],"die_list":[false,false],"check_list":[false,false],"all_in_list":[false,false]}}
[2017-07-11 09:59:08.060] [DEBUG] poker_taxas - send to room[game_state_push] data[{"state":4}],room_id[801767]
[2017-07-11 09:59:08.060] [DEBUG] poker_taxas - Update game info to DB===> {"room_uuid":"1499738304129801767","game_index":1,"holds":[[40,47],[27,31]],"folds":[[],[]],"actions":[[],[]],"change_info":{"state":4,"button":0,"less_begin":true,"turn":1,"current_max_bet_coin":0,"current_min_bet_coin":0,"public_card":[41,12,51,26,11],"current_bet_turn":0,"current_bet_score_list":[0,10],"total_bet_score_list":[0,10],"can_win_score_list":[0,10],"empty_list":[false,false],"die_list":[false,false],"check_list":[false,false],"all_in_list":[false,false]},"result":[0,0],"statistic":[{"win_counts":0,"lose_counts":0,"taxas_type_count":{},"total_score":1000},{"win_counts":0,"lose_counts":0,"taxas_type_count":{},"total_score":1000}]}
[2017-07-11 09:59:08.060] [DEBUG] poker_taxas - send to room[betting] data[{"error_code":0,"seat_index":1,"type":1,"coin":10,"current_loop_score":10}],room_id[801767]
[2017-07-11 09:59:08.060] [DEBUG] poker_taxas - Update game info to DB===> {"room_uuid":"1499738304129801767","game_index":1,"holds":[[40,47],[27,31]],"folds":[[],[]],"actions":[[],[]],"change_info":{"state":4,"button":0,"less_begin":true,"turn":0,"current_max_bet_coin":0,"current_min_bet_coin":0,"public_card":[41,12,51,26,11],"current_bet_turn":0,"current_bet_score_list":[0,10],"total_bet_score_list":[0,10],"can_win_score_list":[0,10],"empty_list":[false,false],"die_list":[false,false],"check_list":[false,false],"all_in_list":[false,false]},"result":[0,0],"statistic":[{"win_counts":0,"lose_counts":0,"taxas_type_count":{},"total_score":1000},{"win_counts":0,"lose_counts":0,"taxas_type_count":{},"total_score":1000}]}
[2017-07-11 09:59:08.060] [DEBUG] poker_taxas - send to room[taxas_state] data[{"current_turn":0,"max_coin":10,"min_coin":10,"public_card":[-1,-1,-1,-1,-1],"current_bet_turn":0,"user_state":[{"seat_index":0,"current_bet_score":0,"total_bet_score":0,"empty":false,"die":false,"check":false,"all_in":false},{"seat_index":1,"current_bet_score":10,"total_bet_score":10,"empty":false,"die":false,"check":false,"all_in":false}]}],room_id[801767]
[2017-07-11 09:59:08.060] [DEBUG] poker_taxas - Update game info to DB===> {"room_uuid":"1499738304129801767","game_index":1,"holds":[[40,47],[27,31]],"folds":[[],[]],"actions":[[],[]],"change_info":{"state":4,"button":0,"less_begin":true,"turn":0,"current_max_bet_coin":0,"current_min_bet_coin":0,"public_card":[41,12,51,26,11],"current_bet_turn":0,"current_bet_score_list":[20,10],"total_bet_score_list":[20,10],"can_win_score_list":[30,20],"empty_list":[false,false],"die_list":[false,false],"check_list":[false,false],"all_in_list":[false,false]},"result":[0,0],"statistic":[{"win_counts":0,"lose_counts":0,"taxas_type_count":{},"total_score":1000},{"win_counts":0,"lose_counts":0,"taxas_type_count":{},"total_score":1000}]}
[2017-07-11 09:59:08.060] [DEBUG] poker_taxas - send to room[betting] data[{"error_code":0,"seat_index":0,"type":2,"coin":20,"current_loop_score":20}],room_id[801767]
[2017-07-11 09:59:08.060] [DEBUG] poker_taxas - Update game info to DB===> {"room_uuid":"1499738304129801767","game_index":1,"holds":[[40,47],[27,31]],"folds":[[],[]],"actions":[[],[]],"change_info":{"state":4,"button":0,"less_begin":true,"turn":1,"current_max_bet_coin":0,"current_min_bet_coin":0,"public_card":[41,12,51,26,11],"current_bet_turn":0,"current_bet_score_list":[20,10],"total_bet_score_list":[20,10],"can_win_score_list":[30,20],"empty_list":[false,false],"die_list":[false,false],"check_list":[false,false],"all_in_list":[false,false]},"result":[0,0],"statistic":[{"win_counts":0,"lose_counts":0,"taxas_type_count":{},"total_score":1000},{"win_counts":0,"lose_counts":0,"taxas_type_count":{},"total_score":1000}]}
[2017-07-11 09:59:08.060] [DEBUG] poker_taxas - send to room[taxas_state] data[{"current_turn":1,"max_coin":20,"min_coin":10,"public_card":[-1,-1,-1,-1,-1],"current_bet_turn":0,"user_state":[{"seat_index":0,"current_bet_score":20,"total_bet_score":20,"empty":false,"die":false,"check":false,"all_in":false},{"seat_index":1,"current_bet_score":10,"total_bet_score":10,"empty":false,"die":false,"check":false,"all_in":false}]}],room_id[801767]
[2017-07-11 09:59:18.861] [DEBUG] poker_taxas - Socket[betting][{"type":4}]
[2017-07-11 09:59:18.861] [DEBUG] poker_taxas - user[13],event = betting,data = {"error_code":304,"seat_index":0,"type":0,"coin":0,"current_loop_score":0}
[2017-07-11 09:59:26.267] [DEBUG] poker_taxas - broadcast[user_state_push] data[{"userid":13,"online":false}],sender[13]
[2017-07-11 09:59:26.268] [DEBUG] poker_taxas - send to room[user_ready_push] data[{"userid":13,"ready":false}],room_id[801767]
[2017-07-11 09:59:26.268] [DEBUG] poker_taxas - user[13],event = game_sync_push,data = "{\"state\":4,\"num_of_pokers\":43,\"button\":0,\"turn\":1,\"current_bet_turn\":0,\"public_card\":[-1,-1,-1,-1,-1],\"seats\":[{\"user_id\":12,\"seat_index\":0,\"holds\":[-1,-1],\"folds\":[],\"current_bet_score\":20,\"total_bet_score\":20,\"empty\":false,\"die\":false,\"check\":false,\"all_in\":false},{\"user_id\":13,\"seat_index\":1,\"holds\":[27,31],\"folds\":[],\"current_bet_score\":10,\"total_bet_score\":10,\"empty\":false,\"die\":false,\"check\":false,\"all_in\":false}]}"
[2017-07-11 09:59:26.268] [DEBUG] poker_taxas - send to room[taxas_state] data[{"current_turn":1,"max_coin":20,"min_coin":10,"public_card":[-1,-1,-1,-1,-1],"current_bet_turn":0,"user_state":[{"seat_index":0,"current_bet_score":20,"total_bet_score":20,"empty":false,"die":false,"check":false,"all_in":false},{"seat_index":1,"current_bet_score":10,"total_bet_score":10,"empty":false,"die":false,"check":false,"all_in":false}]}],room_id[801767]
[2017-07-11 09:59:32.376] [DEBUG] poker_taxas - Http[enter_room][{"userid":"13","name":"上官不输","ingot":"110","gold":"600","roomid":"801767","sign":"b2923d6fa95ddb18"}]
[2017-07-11 09:59:32.485] [DEBUG] poker_taxas - Socket[login][{"token":"7de2522f2f2afe18d0a58dee386e5f08","roomid":"801767","time":1499738372381,"sign":"0de208874273f03d45f3229db5a10d47"}]
[2017-07-11 09:59:32.485] [DEBUG] poker_taxas - login result ==> {"errcode":0,"errmsg":"ok","data":{"roomid":"801767","conf":{"server_type":20005,"type_index":2,"rule_index":534602,"creator":12,"double":false,"free":false,"max_games":10,"poker_nums":52,"card_nums":2},"num_of_games":1,"seats":[{"userid":12,"ip":"::ffff:192.168.0.180","score":1000,"name":"独孤好运","online":true,"ready":true,"seatindex":0,"watch":false},{"userid":13,"ip":"::ffff:192.168.0.180","score":1000,"name":"上官不输","online":true,"ready":false,"seatindex":1,"watch":false}]}}
[2017-07-11 09:59:32.486] [DEBUG] poker_taxas - broadcast[new_user_comes_push] data[{"userid":13,"ip":"::ffff:192.168.0.180","score":1000,"name":"上官不输","online":true,"ready":false,"seatindex":1,"watch":false}],sender[13]
[2017-07-11 09:59:32.486] [DEBUG] poker_taxas - login check  game state ==4
[2017-07-11 09:59:32.486] [DEBUG] poker_taxas - send to room[user_ready_push] data[{"userid":13,"ready":true}],room_id[801767]
[2017-07-11 09:59:32.487] [DEBUG] poker_taxas - user[13],event = game_sync_push,data = "{\"state\":4,\"num_of_pokers\":43,\"button\":0,\"turn\":1,\"current_bet_turn\":0,\"public_card\":[-1,-1,-1,-1,-1],\"seats\":[{\"user_id\":12,\"seat_index\":0,\"holds\":[-1,-1],\"folds\":[],\"current_bet_score\":20,\"total_bet_score\":20,\"empty\":false,\"die\":false,\"check\":false,\"all_in\":false},{\"user_id\":13,\"seat_index\":1,\"holds\":[27,31],\"folds\":[],\"current_bet_score\":10,\"total_bet_score\":10,\"empty\":false,\"die\":false,\"check\":false,\"all_in\":false}]}"
[2017-07-11 09:59:32.487] [DEBUG] poker_taxas - send to room[taxas_state] data[{"current_turn":1,"max_coin":20,"min_coin":10,"public_card":[-1,-1,-1,-1,-1],"current_bet_turn":0,"user_state":[{"seat_index":0,"current_bet_score":20,"total_bet_score":20,"empty":false,"die":false,"check":false,"all_in":false},{"seat_index":1,"current_bet_score":10,"total_bet_score":10,"empty":false,"die":false,"check":false,"all_in":false}]}],room_id[801767]
[2017-07-11 09:59:39.517] [DEBUG] poker_taxas - Socket[betting][{"type":4,"coin":40}]
[2017-07-11 09:59:39.517] [DEBUG] poker_taxas - Update game info to DB===> {"room_uuid":"1499738304129801767","game_index":1,"holds":[[40,47],[27,31]],"folds":[[],[]],"actions":[[],[]],"change_info":{"state":4,"button":0,"less_begin":true,"turn":1,"current_max_bet_coin":0,"current_min_bet_coin":0,"public_card":[41,12,51,26,11],"current_bet_turn":0,"current_bet_score_list":[20,50],"total_bet_score_list":[20,50],"can_win_score_list":[40,70],"empty_list":[false,false],"die_list":[false,false],"check_list":[false,false],"all_in_list":[false,false]},"result":[0,0],"statistic":[{"win_counts":0,"lose_counts":0,"taxas_type_count":{},"total_score":1000},{"win_counts":0,"lose_counts":0,"taxas_type_count":{},"total_score":1000}]}
[2017-07-11 09:59:39.517] [DEBUG] poker_taxas - send to room[betting] data[{"error_code":0,"seat_index":1,"type":4,"coin":40,"current_loop_score":50}],room_id[801767]
[2017-07-11 09:59:39.518] [DEBUG] poker_taxas - Update game info to DB===> {"room_uuid":"1499738304129801767","game_index":1,"holds":[[40,47],[27,31]],"folds":[[],[]],"actions":[[],[]],"change_info":{"state":4,"button":0,"less_begin":true,"turn":0,"current_max_bet_coin":0,"current_min_bet_coin":0,"public_card":[41,12,51,26,11],"current_bet_turn":0,"current_bet_score_list":[20,50],"total_bet_score_list":[20,50],"can_win_score_list":[40,70],"empty_list":[false,false],"die_list":[false,false],"check_list":[false,false],"all_in_list":[false,false]},"result":[0,0],"statistic":[{"win_counts":0,"lose_counts":0,"taxas_type_count":{},"total_score":1000},{"win_counts":0,"lose_counts":0,"taxas_type_count":{},"total_score":1000}]}
[2017-07-11 09:59:39.518] [DEBUG] poker_taxas - send to room[taxas_state] data[{"current_turn":0,"max_coin":50,"min_coin":10,"public_card":[-1,-1,-1,-1,-1],"current_bet_turn":0,"user_state":[{"seat_index":0,"current_bet_score":20,"total_bet_score":20,"empty":false,"die":false,"check":false,"all_in":false},{"seat_index":1,"current_bet_score":50,"total_bet_score":50,"empty":false,"die":false,"check":false,"all_in":false}]}],room_id[801767]
[2017-07-11 10:33:56.185] [DEBUG] poker_taxas - broadcast[user_state_push] data[{"userid":13,"online":false}],sender[13]
[2017-07-11 10:33:56.186] [DEBUG] poker_taxas - send to room[user_ready_push] data[{"userid":13,"ready":false}],room_id[801767]
[2017-07-11 10:33:56.186] [DEBUG] poker_taxas - user[13],event = game_sync_push,data = "{\"state\":4,\"num_of_pokers\":43,\"button\":0,\"turn\":0,\"current_bet_turn\":0,\"public_card\":[-1,-1,-1,-1,-1],\"seats\":[{\"user_id\":12,\"seat_index\":0,\"holds\":[-1,-1],\"folds\":[],\"current_bet_score\":20,\"total_bet_score\":20,\"empty\":false,\"die\":false,\"check\":false,\"all_in\":false},{\"user_id\":13,\"seat_index\":1,\"holds\":[27,31],\"folds\":[],\"current_bet_score\":50,\"total_bet_score\":50,\"empty\":false,\"die\":false,\"check\":false,\"all_in\":false}]}"
[2017-07-11 10:33:56.186] [DEBUG] poker_taxas - send to room[taxas_state] data[{"current_turn":0,"max_coin":50,"min_coin":10,"public_card":[-1,-1,-1,-1,-1],"current_bet_turn":0,"user_state":[{"seat_index":0,"current_bet_score":20,"total_bet_score":20,"empty":false,"die":false,"check":false,"all_in":false},{"seat_index":1,"current_bet_score":50,"total_bet_score":50,"empty":false,"die":false,"check":false,"all_in":false}]}],room_id[801767]
[2017-07-11 10:33:56.245] [DEBUG] poker_taxas - broadcast[user_state_push] data[{"userid":12,"online":false}],sender[12]
[2017-07-11 10:33:56.245] [DEBUG] poker_taxas - send to room[user_ready_push] data[{"userid":12,"ready":false}],room_id[801767]
[2017-07-11 10:33:56.245] [DEBUG] poker_taxas - user[12],event = game_sync_push,data = "{\"state\":4,\"num_of_pokers\":43,\"button\":0,\"turn\":0,\"current_bet_turn\":0,\"public_card\":[-1,-1,-1,-1,-1],\"seats\":[{\"user_id\":12,\"seat_index\":0,\"holds\":[40,47],\"folds\":[],\"current_bet_score\":20,\"total_bet_score\":20,\"empty\":false,\"die\":false,\"check\":false,\"all_in\":false},{\"user_id\":13,\"seat_index\":1,\"holds\":[-1,-1],\"folds\":[],\"current_bet_score\":50,\"total_bet_score\":50,\"empty\":false,\"die\":false,\"check\":false,\"all_in\":false}]}"
[2017-07-11 10:33:56.246] [DEBUG] poker_taxas - send to room[taxas_state] data[{"current_turn":0,"max_coin":50,"min_coin":10,"public_card":[-1,-1,-1,-1,-1],"current_bet_turn":0,"user_state":[{"seat_index":0,"current_bet_score":20,"total_bet_score":20,"empty":false,"die":false,"check":false,"all_in":false},{"seat_index":1,"current_bet_score":50,"total_bet_score":50,"empty":false,"die":false,"check":false,"all_in":false}]}],room_id[801767]
[2017-07-11 16:00:25.470] [DEBUG] poker_taxas - Http[enter_room][{"userid":"12","name":"独孤好运","ingot":"183","gold":"258","roomid":"801767","sign":"634748b2919ae7c0"}]
[2017-07-11 16:00:25.582] [DEBUG] poker_taxas - Socket[login][{"token":"6021ef7d4136413b74f045f49044d75e","roomid":"801767","time":1499760025475,"sign":"ce7ce0cfa9479910693f69bd1d64219c"}]
[2017-07-11 16:00:25.582] [DEBUG] poker_taxas - login result ==> {"errcode":0,"errmsg":"ok","data":{"roomid":"801767","conf":{"server_type":20005,"type_index":2,"rule_index":534602,"creator":12,"double":false,"free":false,"max_games":10,"poker_nums":52,"card_nums":2},"num_of_games":1,"seats":[{"userid":12,"ip":"::ffff:192.168.0.180","score":1000,"name":"独孤好运","online":true,"ready":false,"seatindex":0,"watch":false},{"userid":13,"ip":"::ffff:192.168.0.180","score":1000,"name":"上官不输","online":false,"ready":false,"seatindex":1,"watch":false}]}}
[2017-07-11 16:00:25.582] [DEBUG] poker_taxas - broadcast[new_user_comes_push] data[{"userid":12,"ip":"::ffff:192.168.0.180","score":1000,"name":"独孤好运","online":true,"ready":false,"seatindex":0,"watch":false}],sender[12]
[2017-07-11 16:00:25.582] [DEBUG] poker_taxas - login check  game state ==4
[2017-07-11 16:00:25.582] [DEBUG] poker_taxas - send to room[user_ready_push] data[{"userid":12,"ready":true}],room_id[801767]
[2017-07-11 16:00:25.582] [DEBUG] poker_taxas - user[12],event = game_sync_push,data = "{\"state\":4,\"num_of_pokers\":43,\"button\":0,\"turn\":0,\"current_bet_turn\":0,\"public_card\":[-1,-1,-1,-1,-1],\"seats\":[{\"user_id\":12,\"seat_index\":0,\"holds\":[40,47],\"folds\":[],\"current_bet_score\":20,\"total_bet_score\":20,\"empty\":false,\"die\":false,\"check\":false,\"all_in\":false},{\"user_id\":13,\"seat_index\":1,\"holds\":[-1,-1],\"folds\":[],\"current_bet_score\":50,\"total_bet_score\":50,\"empty\":false,\"die\":false,\"check\":false,\"all_in\":false}]}"
[2017-07-11 16:00:25.583] [DEBUG] poker_taxas - send to room[taxas_state] data[{"current_turn":0,"max_coin":50,"min_coin":10,"public_card":[-1,-1,-1,-1,-1],"current_bet_turn":0,"user_state":[{"seat_index":0,"current_bet_score":20,"total_bet_score":20,"empty":false,"die":false,"check":false,"all_in":false},{"seat_index":1,"current_bet_score":50,"total_bet_score":50,"empty":false,"die":false,"check":false,"all_in":false}]}],room_id[801767]
[2017-07-11 16:00:28.022] [DEBUG] poker_taxas - Http[enter_room][{"userid":"13","name":"上官不输","ingot":"110","gold":"600","roomid":"801767","sign":"b2923d6fa95ddb18"}]
[2017-07-11 16:00:28.132] [DEBUG] poker_taxas - Socket[login][{"token":"1127233b90e92241d95eb2c7e8d248e8","roomid":"801767","time":1499760028024,"sign":"e87e24c3d1e9dbf49adf07ca0ad7c855"}]
[2017-07-11 16:00:28.132] [DEBUG] poker_taxas - login result ==> {"errcode":0,"errmsg":"ok","data":{"roomid":"801767","conf":{"server_type":20005,"type_index":2,"rule_index":534602,"creator":12,"double":false,"free":false,"max_games":10,"poker_nums":52,"card_nums":2},"num_of_games":1,"seats":[{"userid":12,"ip":"::ffff:192.168.0.180","score":1000,"name":"独孤好运","online":true,"ready":true,"seatindex":0,"watch":false},{"userid":13,"ip":"::ffff:192.168.0.180","score":1000,"name":"上官不输","online":true,"ready":false,"seatindex":1,"watch":false}]}}
[2017-07-11 16:00:28.133] [DEBUG] poker_taxas - broadcast[new_user_comes_push] data[{"userid":13,"ip":"::ffff:192.168.0.180","score":1000,"name":"上官不输","online":true,"ready":false,"seatindex":1,"watch":false}],sender[13]
[2017-07-11 16:00:28.133] [DEBUG] poker_taxas - login check  game state ==4
[2017-07-11 16:00:28.133] [DEBUG] poker_taxas - send to room[user_ready_push] data[{"userid":13,"ready":true}],room_id[801767]
[2017-07-11 16:00:28.133] [DEBUG] poker_taxas - user[13],event = game_sync_push,data = "{\"state\":4,\"num_of_pokers\":43,\"button\":0,\"turn\":0,\"current_bet_turn\":0,\"public_card\":[-1,-1,-1,-1,-1],\"seats\":[{\"user_id\":12,\"seat_index\":0,\"holds\":[-1,-1],\"folds\":[],\"current_bet_score\":20,\"total_bet_score\":20,\"empty\":false,\"die\":false,\"check\":false,\"all_in\":false},{\"user_id\":13,\"seat_index\":1,\"holds\":[27,31],\"folds\":[],\"current_bet_score\":50,\"total_bet_score\":50,\"empty\":false,\"die\":false,\"check\":false,\"all_in\":false}]}"
[2017-07-11 16:00:28.133] [DEBUG] poker_taxas - send to room[taxas_state] data[{"current_turn":0,"max_coin":50,"min_coin":10,"public_card":[-1,-1,-1,-1,-1],"current_bet_turn":0,"user_state":[{"seat_index":0,"current_bet_score":20,"total_bet_score":20,"empty":false,"die":false,"check":false,"all_in":false},{"seat_index":1,"current_bet_score":50,"total_bet_score":50,"empty":false,"die":false,"check":false,"all_in":false}]}],room_id[801767]
[2017-07-11 16:00:31.448] [DEBUG] poker_taxas - Socket[dissolve_request][null]
[2017-07-11 16:00:31.448] [DEBUG] poker_taxas - broadcast[dissolve_notice_push] data[{"mask":4,"time":120,"states":[false,true]}],sender[13]
[2017-07-11 16:00:32.103] [DEBUG] poker_taxas - broadcast[dissolve_notice_push] data[{"mask":6,"time":119.345,"states":[true,true]}],sender[12]
[2017-07-11 16:00:32.104] [DEBUG] poker_taxas - user[12],event = game_holds_push,data = {"user_id":12,"holds":[40,47],"folds":[]}
[2017-07-11 16:00:32.104] [DEBUG] poker_taxas - user[13],event = game_holds_push,data = {"user_id":12,"holds":[40,47],"folds":[]}
[2017-07-11 16:00:32.104] [DEBUG] poker_taxas - user[12],event = game_holds_push,data = {"user_id":13,"holds":[27,31],"folds":[]}
[2017-07-11 16:00:32.104] [DEBUG] poker_taxas - user[13],event = game_holds_push,data = {"user_id":13,"holds":[27,31],"folds":[]}
[2017-07-11 16:00:32.105] [DEBUG] poker_taxas - send to room[game_state_push] data[{"state":1}],room_id[801767]
[2017-07-11 16:00:32.105] [DEBUG] poker_taxas - send to room[user_ready_push] data[{"userid":12,"ready":false}],room_id[801767]
[2017-07-11 16:00:32.105] [DEBUG] poker_taxas - send to room[user_ready_push] data[{"userid":13,"ready":false}],room_id[801767]
[2017-07-11 16:00:32.106] [DEBUG] poker_taxas - send to room[game_over] data[{"end_seats_data":[{"user_id":12,"public_card":[41,12,51,26,11],"holds":[40,47],"card_type":{"type":0,"max_value":0},"bet_coin":20,"end_score":0,"total_score":1000,"empty":false},{"user_id":13,"public_card":[41,12,51,26,11],"holds":[27,31],"card_type":{"type":0,"max_value":0},"bet_coin":50,"end_score":0,"total_score":1000,"empty":false}],"force":true}],room_id[801767]
[2017-07-11 16:00:32.106] [DEBUG] poker_taxas - Update game info to DB===> {"room_uuid":"1499738304129801767","game_index":1,"holds":[[],[]],"folds":[[],[]],"actions":[[],[]],"change_info":{"state":1,"button":0,"less_begin":true,"turn":0,"current_max_bet_coin":0,"current_min_bet_coin":0,"public_card":[41,12,51,26,11],"current_bet_turn":0,"current_bet_score_list":[0,0],"total_bet_score_list":[0,0],"can_win_score_list":[40,70],"empty_list":[false,false],"die_list":[false,false],"check_list":[false,false],"all_in_list":[false,false],"dissmiss":{"chose_index":6,"endTime":1499760151448,"states":[true,true]}},"result":[0,0],"statistic":[{"win_counts":0,"lose_counts":0,"taxas_type_count":{"0":1},"total_score":1000},{"win_counts":0,"lose_counts":0,"taxas_type_count":{"0":1},"total_score":1000}]}
[2017-07-11 16:00:32.107] [DEBUG] poker_taxas - send to room[game_result] data[{"over_seats_data":[{"win_counts":0,"lose_counts":0,"taxas_type_count":{"0":1},"total_score":1000},{"win_counts":0,"lose_counts":0,"taxas_type_count":{"0":1},"total_score":1000}]}],room_id[801767]
[2017-07-11 16:00:32.107] [DEBUG] poker_taxas - broadcast[user_state_push] data[{"userid":12,"online":false}],sender[12]
[2017-07-11 16:00:32.107] [DEBUG] poker_taxas - send to room[user_ready_push] data[{"userid":12,"ready":false}],room_id[801767]
[2017-07-11 16:00:32.108] [DEBUG] poker_taxas - broadcast[user_state_push] data[{"userid":13,"online":false}],sender[13]
[2017-07-11 16:00:32.108] [DEBUG] poker_taxas - send to room[user_ready_push] data[{"userid":13,"ready":false}],room_id[801767]
[2017-07-11 16:00:32.108] [DEBUG] poker_taxas - UPDATE users SET roomid = null WHERE userid = 12
[2017-07-11 16:00:32.108] [DEBUG] poker_taxas - UPDATE users SET roomid = null WHERE userid = 13
[2017-07-11 17:51:00.879] [INFO] poker_taxas - POKER TAXAS DB READY.
[2017-07-11 17:51:00.886] [INFO] poker_taxas - POKER TAXAS HTTP SERVICE RUNNING ON:127.0.0.1:10900
[2017-07-11 17:51:01.031] [INFO] poker_taxas - POKER TAXAS SOCKET RUNNING ON: 11000
[2017-07-11 17:51:01.914] [DEBUG] poker_taxas - Http[get_server_info][{"serverid":"1","sign":"d40c9bff35b98a82"}]
[2017-07-11 17:54:16.070] [DEBUG] poker_taxas - Http[get_server_info][{"serverid":"1","sign":"d40c9bff35b98a82"}]
[2017-07-11 17:58:10.260] [DEBUG] poker_taxas - Http[get_server_info][{"serverid":"1","sign":"d40c9bff35b98a82"}]
[2017-07-11 18:01:44.477] [INFO] poker_taxas - POKER TAXAS DB READY.
[2017-07-11 18:01:44.485] [INFO] poker_taxas - POKER TAXAS HTTP SERVICE RUNNING ON:127.0.0.1:10900
[2017-07-11 18:01:44.614] [INFO] poker_taxas - POKER TAXAS SOCKET RUNNING ON: 11000
[2017-07-11 18:01:45.525] [DEBUG] poker_taxas - Http[get_server_info][{"serverid":"1","sign":"d40c9bff35b98a82"}]
[2017-07-11 18:03:07.923] [DEBUG] poker_taxas - Http[create_room][{"userid":"21","ingot":"10","gold":"1000","conf":"{\"server_code\":20005,\"type_index\":2,\"rule_index\":534602}","sign":"28cf9530ece57da1"}]
[2017-07-11 18:03:07.925] [DEBUG] poker_taxas - SELECT * FROM rooms WHERE id = "091948"
[2017-07-11 18:03:07.937] [DEBUG] poker_taxas - create room room config = {"uuid":"","id":"091948","num_of_games":0,"create_time":1499767388,"next_button":0,"seats":[],"watch_seats":[],"less_begin":false,"conf":{"server_type":20005,"type_index":2,"rule_index":534602,"creator":21,"double":false,"free":false,"max_games":10,"poker_nums":52,"card_nums":2},"seats_num":5,"change_info":{"less_begin":false,"current_banker_index":0,"current_banker_score":0,"current_banker_count":0,"base_score":0,"banker_circle":[0,0]}}
[2017-07-11 18:03:07.942] [DEBUG] poker_taxas - INSERT INTO rooms(uuid,id,base_info,ip,port,create_time,server_type,server_id)                 VALUES('1499767387942091948','091948','{"server_type":20005,"type_index":2,"rule_index":534602,"creator":21,"double":false,"free":false,"max_games":10,"poker_nums":52,"card_nums":2}','127.0.0.1',11000,1499767388,20005,1)
[2017-07-11 18:03:07.956] [DEBUG] poker_taxas - Http[enter_room][{"userid":"21","name":"独孤稳赢","ingot":"10","gold":"1000","roomid":"091948","sign":"446db4deb21c3617"}]
[2017-07-11 18:03:07.984] [DEBUG] poker_taxas - Socket[login][{"token":"71866d8f85ed1a5738d26ddaa8adfdf4","roomid":"091948","time":1499767387962,"sign":"f7b8a85842337767cf0dc03573daaa31"}]
[2017-07-11 18:03:07.984] [DEBUG] poker_taxas - login result ==> {"errcode":0,"errmsg":"ok","data":{"roomid":"091948","conf":{"server_type":20005,"type_index":2,"rule_index":534602,"creator":21,"double":false,"free":false,"max_games":10,"poker_nums":52,"card_nums":2},"num_of_games":0,"seats":[{"userid":21,"ip":"::ffff:192.168.0.152","score":1000,"name":"独孤稳赢","online":true,"ready":false,"seatindex":0,"watch":false}]}}
[2017-07-11 18:03:07.985] [DEBUG] poker_taxas - broadcast[new_user_comes_push] data[{"userid":21,"ip":"::ffff:192.168.0.152","score":1000,"name":"独孤稳赢","online":true,"ready":false,"seatindex":0,"watch":false}],sender[21]
[2017-07-11 18:03:16.817] [DEBUG] poker_taxas - Http[enter_room][{"userid":"22","name":"皇甫有钱","ingot":"10","gold":"1000","roomid":"091948","sign":"3f36933232df8912"}]
[2017-07-11 18:03:16.844] [DEBUG] poker_taxas - Socket[login][{"token":"66c6a60f8a7e78a03ca61e407039d25c","roomid":"091948","time":1499767396830,"sign":"f80fbef43b6277dd0c8b4822c1e170b2"}]
[2017-07-11 18:03:16.844] [DEBUG] poker_taxas - login result ==> {"errcode":0,"errmsg":"ok","data":{"roomid":"091948","conf":{"server_type":20005,"type_index":2,"rule_index":534602,"creator":21,"double":false,"free":false,"max_games":10,"poker_nums":52,"card_nums":2},"num_of_games":0,"seats":[{"userid":21,"ip":"::ffff:192.168.0.152","score":1000,"name":"独孤稳赢","online":true,"ready":false,"seatindex":0,"watch":false},{"userid":22,"ip":"::ffff:192.168.0.152","score":1000,"name":"皇甫有钱","online":true,"ready":false,"seatindex":1,"watch":false}]}}
[2017-07-11 18:03:16.845] [DEBUG] poker_taxas - broadcast[new_user_comes_push] data[{"userid":22,"ip":"::ffff:192.168.0.152","score":1000,"name":"皇甫有钱","online":true,"ready":false,"seatindex":1,"watch":false}],sender[22]
[2017-07-11 18:03:21.175] [DEBUG] poker_taxas - Socket[transfer][{"target":22}]
[2017-07-11 18:03:21.175] [DEBUG] poker_taxas - UPDATE rooms SET base_info='{"server_type":20005,"type_index":2,"rule_index":534602,"creator":22,"double":false,"free":false,"max_games":10,"poker_nums":52,"card_nums":2}' WHERE uuid='1499767387942091948'
[2017-07-11 18:03:21.175] [DEBUG] poker_taxas - send to room[transfer] data[{"new_seat":[22,21]}],room_id[91948]
[2017-07-11 18:03:23.498] [DEBUG] poker_taxas - Socket[kick][{"target":21}]
[2017-07-11 18:03:23.499] [DEBUG] poker_taxas - user[21],event = kick,data = {"kicked":21,"new_seat":[]}
[2017-07-11 18:03:23.500] [DEBUG] poker_taxas - broadcast[user_state_push] data[{"userid":21,"online":false}],sender[21]
[2017-07-11 18:03:23.501] [DEBUG] poker_taxas - send to room[user_ready_push] data[{"userid":21,"ready":false}],room_id[91948]
[2017-07-11 18:03:23.501] [DEBUG] poker_taxas - UPDATE users SET roomid = null WHERE userid = 21
[2017-07-11 18:03:23.501] [DEBUG] poker_taxas - send to room[kick] data[{"kicked":21,"new_seat":[22]}],room_id[91948]
[2017-07-11 18:03:25.596] [DEBUG] poker_taxas - Socket[dispress][null]
[2017-07-11 18:03:25.597] [DEBUG] poker_taxas - check is room creator .....
[2017-07-11 18:03:25.597] [DEBUG] poker_taxas - check all kick all.........
[2017-07-11 18:03:25.597] [DEBUG] poker_taxas - broadcast[dispress_push] data[{}],sender[22]
[2017-07-11 18:03:25.597] [DEBUG] poker_taxas - broadcast[user_state_push] data[{"userid":22,"online":false}],sender[22]
[2017-07-11 18:03:25.597] [DEBUG] poker_taxas - send to room[user_ready_push] data[{"userid":22,"ready":false}],room_id[91948]
[2017-07-11 18:03:25.598] [DEBUG] poker_taxas - UPDATE users SET roomid = null WHERE userid = 22
[2017-07-11 18:17:47.153] [INFO] poker_taxas - POKER TAXAS DB READY.
[2017-07-11 18:17:47.178] [INFO] poker_taxas - POKER TAXAS HTTP SERVICE RUNNING ON:127.0.0.1:10900
[2017-07-11 18:17:47.304] [INFO] poker_taxas - POKER TAXAS SOCKET RUNNING ON: 11000
[2017-07-11 18:17:48.206] [DEBUG] poker_taxas - Http[get_server_info][{"serverid":"1","sign":"d40c9bff35b98a82"}]
[2017-07-11 18:29:40.752] [INFO] poker_taxas - POKER TAXAS DB READY.
[2017-07-11 18:29:40.760] [INFO] poker_taxas - POKER TAXAS HTTP SERVICE RUNNING ON:127.0.0.1:10900
[2017-07-11 18:29:41.004] [INFO] poker_taxas - POKER TAXAS SOCKET RUNNING ON: 11000
[2017-07-11 18:29:41.797] [DEBUG] poker_taxas - Http[get_server_info][{"serverid":"1","sign":"d40c9bff35b98a82"}]
