[2017-06-26 17:19:47.253] [INFO] log - ACCOUNT LOG MANAGER READY.
[2017-06-26 17:19:47.266] [INFO] log - AGENT LOG MANAGER READY.
[2017-06-26 17:19:47.274] [INFO] log - CLIENT LOG MANAGER READY.
[2017-06-26 17:19:47.274] [INFO] log - ROUTE SERVICE LOG MANAGER READY.
[2017-06-26 17:19:47.289] [INFO] log - PAY SERVICE LOG MANAGER READY.
[2017-06-26 17:21:56.898] [INFO] log - ACCOUNT LOG MANAGER READY.
[2017-06-26 17:21:56.905] [INFO] log - AGENT LOG MANAGER READY.
[2017-06-26 17:21:57.152] [INFO] log - CLIENT LOG MANAGER READY.
[2017-06-26 17:21:57.154] [INFO] log - ROUTE SERVICE LOG MANAGER READY.
[2017-06-26 17:21:57.166] [INFO] log - PAY SERVICE LOG MANAGER READY.
[2017-06-26 17:22:22.833] [INFO] log - CLIENT LOG MANAGER READY.
[2017-06-26 17:22:22.834] [INFO] log - ROUTE SERVICE LOG MANAGER READY.
[2017-06-26 17:22:22.841] [INFO] log - PAY SERVICE LOG MANAGER READY.
[2017-06-26 17:23:14.132] [INFO] log - CLIENT LOG MANAGER READY.
[2017-06-26 17:23:14.133] [INFO] log - ROUTE SERVICE LOG MANAGER READY.
[2017-06-26 17:23:14.142] [INFO] log - PAY SERVICE LOG MANAGER READY.
[2017-06-26 17:23:40.442] [INFO] log - ACCOUNT LOG MANAGER READY.
[2017-06-26 17:23:40.449] [INFO] log - AGENT LOG MANAGER READY.
[2017-06-26 17:23:40.482] [INFO] log - CLIENT LOG MANAGER READY.
[2017-06-26 17:23:40.483] [INFO] log - ROUTE SERVICE LOG MANAGER READY.
[2017-06-26 17:23:40.496] [INFO] log - PAY SERVICE LOG MANAGER READY.
[2017-06-26 18:09:41.266] [INFO] log - ACCOUNT LOG MANAGER READY.
[2017-06-26 18:09:41.275] [INFO] log - AGENT LOG MANAGER READY.
[2017-06-26 18:09:41.397] [INFO] log - CLIENT LOG MANAGER READY.
[2017-06-26 18:09:41.398] [INFO] log - ROUTE SERVICE LOG MANAGER READY.
[2017-06-26 18:09:41.419] [INFO] log - PAY SERVICE LOG MANAGER READY.
[2017-06-26 18:16:03.301] [INFO] log - GOLD FLOWER LOG MANAGER READY.
[2017-06-26 18:41:14.445] [DEBUG] log - insert ingot log
[2017-06-26 18:41:35.512] [DEBUG] log - insert gold log
[2017-06-26 18:41:39.338] [DEBUG] log - insert ingot log
[2017-06-26 18:41:43.191] [DEBUG] log - insert gold log
[2017-06-26 18:41:47.970] [DEBUG] log - insert ingot log
[2017-06-26 18:42:01.279] [DEBUG] log - insert ingot log
