[2017-07-12 09:39:58.280] [INFO] log - ACCOUNT LOG MANAGER READY.
[2017-07-12 09:39:58.363] [INFO] log - HALL LOG MANAGER READY.
[2017-07-12 09:39:58.287] [INFO] log - POKER 21 POINTS LOG MANAGER READY.
[2017-07-12 09:39:58.331] [INFO] log - POKER GOLDFLOWER LOG MANAGER READY.
[2017-07-12 09:39:58.362] [INFO] log - POKER SANDAHA LOG MANAGER READY.
[2017-07-12 09:39:58.311] [INFO] log - POKER SANGONG LOG MANAGER READY.
[2017-07-12 09:39:58.486] [INFO] log - POKER SHISANSHUI LOG MANAGER READY.
[2017-07-12 09:39:58.302] [INFO] log - POKER OX LOG MANAGER READY.
[2017-07-12 09:39:58.600] [INFO] log - POKER 10.5 POINTS LOG MANAGER READY.
[2017-07-12 09:39:58.280] [INFO] log - POKER TAXAS LOG MANAGER READY.
[2017-07-12 09:39:58.287] [INFO] log - POKER LANDLORD LOG MANAGER READY.
[2017-07-12 09:39:58.310] [INFO] log - POKER RUNNING LOG MANAGER READY.
[2017-07-12 10:38:44.771] [INFO] log - ACCOUNT LOG MANAGER READY.
[2017-07-12 10:39:34.518] [INFO] log - ACCOUNT LOG MANAGER READY.
[2017-07-12 10:45:27.984] [INFO] log - ACCOUNT LOG MANAGER READY.
[2017-07-12 10:53:32.181] [INFO] log - ACCOUNT LOG MANAGER READY.
[2017-07-12 10:58:59.484] [INFO] log - ACCOUNT LOG MANAGER READY.
[2017-07-12 11:47:38.941] [INFO] log - ACCOUNT LOG MANAGER READY.
[2017-07-12 11:48:02.795] [INFO] log - HALL LOG MANAGER READY.
[2017-07-12 15:22:33.432] [INFO] log - HALL LOG MANAGER READY.
[2017-07-12 15:24:57.830] [INFO] log - HALL LOG MANAGER READY.
[2017-07-12 15:27:47.229] [INFO] log - HALL LOG MANAGER READY.
[2017-07-12 15:31:40.275] [INFO] log - HALL LOG MANAGER READY.
[2017-07-12 15:43:48.755] [INFO] log - HALL LOG MANAGER READY.
[2017-07-12 16:23:00.981] [INFO] log - HALL LOG MANAGER READY.
[2017-07-12 16:24:31.526] [INFO] log - HALL LOG MANAGER READY.
[2017-07-12 16:26:15.540] [INFO] log - HALL LOG MANAGER READY.
[2017-07-12 16:31:29.890] [INFO] log - HALL LOG MANAGER READY.
[2017-07-12 16:32:20.949] [INFO] log - HALL LOG MANAGER READY.
[2017-07-12 16:35:34.579] [INFO] log - HALL LOG MANAGER READY.
[2017-07-12 16:36:32.476] [INFO] log - HALL LOG MANAGER READY.
[2017-07-12 16:37:35.572] [INFO] log - ACCOUNT LOG MANAGER READY.
[2017-07-12 16:37:35.547] [INFO] log - POKER TAXAS LOG MANAGER READY.
[2017-07-12 16:37:35.567] [INFO] log - POKER RUNNING LOG MANAGER READY.
[2017-07-12 16:37:35.613] [INFO] log - POKER OX LOG MANAGER READY.
[2017-07-12 16:37:35.889] [INFO] log - HALL LOG MANAGER READY.
[2017-07-12 16:37:35.928] [INFO] log - POKER GOLDFLOWER LOG MANAGER READY.
[2017-07-12 16:37:36.133] [INFO] log - POKER 10.5 POINTS LOG MANAGER READY.
[2017-07-12 16:37:36.253] [INFO] log - POKER SHISANSHUI LOG MANAGER READY.
[2017-07-12 16:37:36.257] [INFO] log - POKER LANDLORD LOG MANAGER READY.
[2017-07-12 16:37:36.329] [INFO] log - POKER SANGONG LOG MANAGER READY.
[2017-07-12 16:37:36.451] [INFO] log - POKER SANDAHA LOG MANAGER READY.
[2017-07-12 16:37:36.633] [INFO] log - POKER 21 POINTS LOG MANAGER READY.
[2017-07-12 16:41:47.074] [INFO] log - HALL LOG MANAGER READY.
[2017-07-12 16:41:47.118] [INFO] log - POKER SHISANSHUI LOG MANAGER READY.
[2017-07-12 16:41:47.480] [INFO] log - ACCOUNT LOG MANAGER READY.
[2017-07-12 16:41:47.255] [INFO] log - POKER GOLDFLOWER LOG MANAGER READY.
[2017-07-12 16:41:47.343] [INFO] log - POKER RUNNING LOG MANAGER READY.
[2017-07-12 16:41:47.585] [INFO] log - POKER OX LOG MANAGER READY.
[2017-07-12 16:41:47.659] [INFO] log - POKER SANGONG LOG MANAGER READY.
[2017-07-12 16:41:47.759] [INFO] log - POKER TAXAS LOG MANAGER READY.
[2017-07-12 16:41:47.779] [INFO] log - POKER LANDLORD LOG MANAGER READY.
[2017-07-12 16:41:47.936] [INFO] log - POKER 10.5 POINTS LOG MANAGER READY.
[2017-07-12 16:41:48.048] [INFO] log - POKER 21 POINTS LOG MANAGER READY.
[2017-07-12 16:41:48.182] [INFO] log - POKER SANDAHA LOG MANAGER READY.
[2017-07-12 16:43:05.494] [INFO] log - HALL LOG MANAGER READY.
[2017-07-12 17:02:54.973] [INFO] log - HALL LOG MANAGER READY.
[2017-07-12 17:04:45.033] [INFO] log - HALL LOG MANAGER READY.
[2017-07-12 17:11:14.018] [INFO] log - HALL LOG MANAGER READY.
[2017-07-12 18:39:25.355] [INFO] log - HALL LOG MANAGER READY.
