[2017-06-27 09:51:47.567] [INFO] log - ACCOUNT LOG MANAGER READY.
[2017-06-27 09:51:47.582] [INFO] log - AGENT LOG MANAGER READY.
[2017-06-27 09:51:47.603] [INFO] log - CLIENT LOG MANAGER READY.
[2017-06-27 09:51:47.603] [INFO] log - ROUTE SERVICE LOG MANAGER READY.
[2017-06-27 09:51:47.612] [INFO] log - PAY SERVICE LOG MANAGER READY.
[2017-06-27 09:55:41.642] [INFO] log - OX CLASIC NONE COLOR LOG MANAGER READY.
[2017-06-27 09:56:58.849] [DEBUG] log - insert ingot log
[2017-06-27 10:29:38.712] [INFO] log - OX OX LOG MANAGER READY.
[2017-06-27 10:30:29.673] [DEBUG] log - insert ingot log
[2017-06-27 10:45:52.710] [DEBUG] log - insert gold log
[2017-06-27 10:45:52.714] [DEBUG] log - insert ingot log
[2017-06-27 10:46:04.352] [DEBUG] log - insert gold log
[2017-06-27 10:46:04.353] [DEBUG] log - insert ingot log
[2017-06-27 10:46:15.456] [DEBUG] log - insert gold log
[2017-06-27 10:46:15.456] [DEBUG] log - insert ingot log
[2017-06-27 11:42:16.148] [INFO] log - ACCOUNT LOG MANAGER READY.
[2017-06-27 11:42:16.193] [INFO] log - HALL LOG MANAGER READY.
[2017-06-27 11:42:16.505] [INFO] log - POKER RUNNING LOG MANAGER READY.
[2017-06-27 11:42:16.560] [INFO] log - POKER LANDLORD LOG MANAGER READY.
[2017-06-27 11:42:16.950] [INFO] log - POKER OX LOG MANAGER READY.
[2017-06-27 11:42:17.145] [INFO] log - POKER GOLDFLOWER LOG MANAGER READY.
[2017-06-27 11:42:17.640] [INFO] log - POKER TAXAS LOG MANAGER READY.
[2017-06-27 11:42:17.842] [INFO] log - POKER SANGONG LOG MANAGER READY.
[2017-06-27 11:42:18.506] [INFO] log - POKER SHISANSHUI LOG MANAGER READY.
[2017-06-27 11:42:18.628] [INFO] log - POKER 21 POINTS LOG MANAGER READY.
[2017-06-27 11:42:19.314] [INFO] log - POKER 10.5 POINTS LOG MANAGER READY.
[2017-06-27 12:17:15.890] [INFO] log - POKER SANDAHA LOG MANAGER READY.
[2017-06-27 13:40:45.091] [INFO] log - POKER SANDAHA LOG MANAGER READY.
[2017-06-27 16:31:37.003] [INFO] log - HALL LOG MANAGER READY.
[2017-06-27 16:31:37.031] [INFO] log - ACCOUNT LOG MANAGER READY.
[2017-06-27 16:31:36.873] [INFO] log - POKER GOLDFLOWER LOG MANAGER READY.
[2017-06-27 16:31:36.873] [INFO] log - POKER OX LOG MANAGER READY.
[2017-06-27 16:31:37.012] [INFO] log - POKER TAXAS LOG MANAGER READY.
[2017-06-27 16:31:37.197] [INFO] log - POKER SANGONG LOG MANAGER READY.
[2017-06-27 16:31:37.229] [INFO] log - POKER LANDLORD LOG MANAGER READY.
[2017-06-27 16:31:37.245] [INFO] log - POKER RUNNING LOG MANAGER READY.
[2017-06-27 16:31:37.369] [INFO] log - POKER 10.5 POINTS LOG MANAGER READY.
[2017-06-27 16:31:37.511] [INFO] log - POKER SHISANSHUI LOG MANAGER READY.
[2017-06-27 16:31:37.557] [INFO] log - POKER 21 POINTS LOG MANAGER READY.
[2017-06-27 16:32:30.074] [INFO] log - POKER SANDAHA LOG MANAGER READY.
