[2017-07-10 10:15:28.673] [INFO] log - HALL LOG MANAGER READY.
[2017-07-10 10:15:28.660] [INFO] log - ACCOUNT LOG MANAGER READY.
[2017-07-10 10:15:28.638] [INFO] log - POKER GOLDFLOWER LOG MANAGER READY.
[2017-07-10 10:15:28.716] [INFO] log - POKER RUNNING LOG MANAGER READY.
[2017-07-10 10:15:28.763] [INFO] log - POKER OX LOG MANAGER READY.
[2017-07-10 10:15:28.916] [INFO] log - POKER LANDLORD LOG MANAGER READY.
[2017-07-10 10:15:29.053] [INFO] log - POKER 21 POINTS LOG MANAGER READY.
[2017-07-10 10:15:29.068] [INFO] log - POKER TAXAS LOG MANAGER READY.
[2017-07-10 10:15:29.225] [INFO] log - POKER SHISANSHUI LOG MANAGER READY.
[2017-07-10 10:15:29.350] [INFO] log - POKER 10.5 POINTS LOG MANAGER READY.
[2017-07-10 10:16:27.023] [INFO] log - POKER SANDAHA LOG MANAGER READY.
[2017-07-10 11:43:37.874] [DEBUG] log - insert ingot log
[2017-07-10 14:06:31.330] [DEBUG] log - insert ingot log
[2017-07-10 15:48:47.530] [INFO] log - ACCOUNT LOG MANAGER READY.
[2017-07-10 15:48:47.582] [INFO] log - HALL LOG MANAGER READY.
[2017-07-10 15:48:47.981] [INFO] log - POKER LANDLORD LOG MANAGER READY.
[2017-07-10 15:48:48.007] [INFO] log - POKER RUNNING LOG MANAGER READY.
[2017-07-10 15:48:48.723] [INFO] log - POKER GOLDFLOWER LOG MANAGER READY.
[2017-07-10 15:48:48.725] [INFO] log - POKER OX LOG MANAGER READY.
[2017-07-10 15:48:49.592] [INFO] log - POKER TAXAS LOG MANAGER READY.
[2017-07-10 15:48:49.870] [INFO] log - POKER SANGONG LOG MANAGER READY.
[2017-07-10 15:48:50.655] [INFO] log - POKER SHISANSHUI LOG MANAGER READY.
[2017-07-10 15:48:50.964] [INFO] log - POKER 21 POINTS LOG MANAGER READY.
[2017-07-10 15:48:51.721] [INFO] log - POKER 10.5 POINTS LOG MANAGER READY.
[2017-07-10 18:27:57.053] [INFO] log - POKER GOLDFLOWER LOG MANAGER READY.
[2017-07-10 18:31:30.609] [INFO] log - ACCOUNT LOG MANAGER READY.
[2017-07-10 18:31:30.650] [INFO] log - HALL LOG MANAGER READY.
[2017-07-10 18:31:35.262] [INFO] log - POKER RUNNING LOG MANAGER READY.
[2017-07-10 18:31:36.400] [INFO] log - POKER LANDLORD LOG MANAGER READY.
[2017-07-10 18:31:40.369] [INFO] log - POKER OX LOG MANAGER READY.
[2017-07-10 18:31:40.729] [INFO] log - POKER GOLDFLOWER LOG MANAGER READY.
[2017-07-10 18:31:45.310] [INFO] log - POKER TAXAS LOG MANAGER READY.
[2017-07-10 18:31:46.511] [INFO] log - POKER SANGONG LOG MANAGER READY.
[2017-07-10 18:31:51.126] [INFO] log - POKER SHISANSHUI LOG MANAGER READY.
[2017-07-10 18:31:52.420] [INFO] log - POKER 21 POINTS LOG MANAGER READY.
[2017-07-10 18:31:56.418] [INFO] log - POKER 10.5 POINTS LOG MANAGER READY.
[2017-07-10 18:32:29.963] [INFO] log - ACCOUNT LOG MANAGER READY.
[2017-07-10 18:32:30.056] [INFO] log - HALL LOG MANAGER READY.
[2017-07-10 18:32:31.380] [INFO] log - POKER RUNNING LOG MANAGER READY.
[2017-07-10 18:32:31.724] [INFO] log - POKER LANDLORD LOG MANAGER READY.
[2017-07-10 18:32:33.309] [INFO] log - POKER OX LOG MANAGER READY.
[2017-07-10 18:32:33.805] [INFO] log - POKER GOLDFLOWER LOG MANAGER READY.
[2017-07-10 18:32:36.103] [INFO] log - POKER TAXAS LOG MANAGER READY.
[2017-07-10 18:32:36.676] [INFO] log - POKER SANGONG LOG MANAGER READY.
[2017-07-10 18:32:39.996] [INFO] log - POKER SHISANSHUI LOG MANAGER READY.
[2017-07-10 18:32:40.458] [INFO] log - POKER 21 POINTS LOG MANAGER READY.
[2017-07-10 18:32:44.277] [INFO] log - POKER 10.5 POINTS LOG MANAGER READY.
[2017-07-10 22:12:34.226] [DEBUG] log - insert ingot log
