[2017-07-11 09:47:23.541] [INFO] account - ACCOUNT DB READY.
[2017-07-11 09:47:23.547] [INFO] account - ACCOUNT SERVER RUNNING ON: 9000
[2017-07-11 09:47:23.548] [INFO] account - AGENT CHALLENGE READY FOR CLIENT.
[2017-07-11 09:47:23.549] [INFO] account - AGENT API RUNING ON: 127.0.0.1:12581
[2017-07-11 09:47:46.953] [DEBUG] account - SELECT name,sex,headimg FROM users WHERE userid=12
[2017-07-11 09:48:18.767] [DEBUG] account - SELECT name,sex,headimg FROM users WHERE userid=13
[2017-07-11 09:48:26.352] [DEBUG] account - SELECT name,sex,headimg FROM users WHERE userid=13
[2017-07-11 09:48:26.354] [DEBUG] account - SELECT name,sex,headimg FROM users WHERE userid=13
[2017-07-11 09:48:27.177] [DEBUG] account - SELECT name,sex,headimg FROM users WHERE userid=12
[2017-07-11 09:48:27.179] [DEBUG] account - SELECT name,sex,headimg FROM users WHERE userid=12
[2017-07-11 09:48:31.449] [DEBUG] account - SELECT name,sex,headimg FROM users WHERE userid=14
[2017-07-11 09:49:18.762] [DEBUG] account - SELECT name,sex,headimg FROM users WHERE userid=14
[2017-07-11 09:49:18.765] [DEBUG] account - SELECT name,sex,headimg FROM users WHERE userid=14
[2017-07-11 09:49:18.768] [DEBUG] account - SELECT name,sex,headimg FROM users WHERE userid=14
[2017-07-11 09:49:18.771] [DEBUG] account - SELECT name,sex,headimg FROM users WHERE userid=14
[2017-07-11 09:49:19.627] [DEBUG] account - SELECT name,sex,headimg FROM users WHERE userid=12
[2017-07-11 09:49:19.632] [DEBUG] account - SELECT name,sex,headimg FROM users WHERE userid=13
[2017-07-11 09:49:19.633] [DEBUG] account - SELECT name,sex,headimg FROM users WHERE userid=12
[2017-07-11 09:49:19.636] [DEBUG] account - SELECT name,sex,headimg FROM users WHERE userid=13
[2017-07-11 09:50:55.023] [DEBUG] account - SELECT name,sex,headimg FROM users WHERE userid=12
[2017-07-11 09:50:56.010] [DEBUG] account - SELECT name,sex,headimg FROM users WHERE userid=13
[2017-07-11 09:50:56.011] [DEBUG] account - SELECT name,sex,headimg FROM users WHERE userid=14
[2017-07-11 09:50:58.133] [DEBUG] account - SELECT name,sex,headimg FROM users WHERE userid=13
[2017-07-11 09:50:59.122] [DEBUG] account - SELECT name,sex,headimg FROM users WHERE userid=12
[2017-07-11 09:50:59.123] [DEBUG] account - SELECT name,sex,headimg FROM users WHERE userid=14
[2017-07-11 09:51:00.991] [DEBUG] account - SELECT name,sex,headimg FROM users WHERE userid=14
[2017-07-11 09:51:01.883] [DEBUG] account - SELECT name,sex,headimg FROM users WHERE userid=12
[2017-07-11 09:51:01.883] [DEBUG] account - SELECT name,sex,headimg FROM users WHERE userid=13
[2017-07-11 09:58:41.988] [DEBUG] account - SELECT name,sex,headimg FROM users WHERE userid=12
[2017-07-11 09:58:56.738] [DEBUG] account - SELECT name,sex,headimg FROM users WHERE userid=13
[2017-07-11 09:59:04.740] [DEBUG] account - SELECT name,sex,headimg FROM users WHERE userid=13
[2017-07-11 09:59:05.611] [DEBUG] account - SELECT name,sex,headimg FROM users WHERE userid=12
[2017-07-11 09:59:32.321] [DEBUG] account - SELECT name,sex,headimg FROM users WHERE userid=13
[2017-07-11 09:59:33.218] [DEBUG] account - SELECT name,sex,headimg FROM users WHERE userid=12
[2017-07-11 09:59:33.222] [DEBUG] account - SELECT name,sex,headimg FROM users WHERE userid=12
[2017-07-11 16:00:25.418] [DEBUG] account - SELECT name,sex,headimg FROM users WHERE userid=12
[2017-07-11 16:00:26.397] [DEBUG] account - SELECT name,sex,headimg FROM users WHERE userid=13
[2017-07-11 16:00:26.400] [DEBUG] account - SELECT name,sex,headimg FROM users WHERE userid=13
[2017-07-11 16:00:27.972] [DEBUG] account - SELECT name,sex,headimg FROM users WHERE userid=13
[2017-07-11 16:00:28.876] [DEBUG] account - SELECT name,sex,headimg FROM users WHERE userid=12
[2017-07-11 16:00:28.878] [DEBUG] account - SELECT name,sex,headimg FROM users WHERE userid=12
[2017-07-11 16:00:58.040] [DEBUG] account - SELECT name,sex,headimg FROM users WHERE userid=12
[2017-07-11 16:01:07.723] [DEBUG] account - SELECT name,sex,headimg FROM users WHERE userid=13
[2017-07-11 16:01:13.369] [DEBUG] account - SELECT name,sex,headimg FROM users WHERE userid=13
[2017-07-11 16:01:13.372] [DEBUG] account - SELECT name,sex,headimg FROM users WHERE userid=13
[2017-07-11 16:01:14.130] [DEBUG] account - SELECT name,sex,headimg FROM users WHERE userid=12
[2017-07-11 16:01:14.132] [DEBUG] account - SELECT name,sex,headimg FROM users WHERE userid=12
[2017-07-11 16:04:54.627] [DEBUG] account - SELECT name,sex,headimg FROM users WHERE userid=12
[2017-07-11 16:04:55.715] [DEBUG] account - SELECT name,sex,headimg FROM users WHERE userid=13
[2017-07-11 16:04:55.718] [DEBUG] account - SELECT name,sex,headimg FROM users WHERE userid=13
[2017-07-11 16:04:57.257] [DEBUG] account - SELECT name,sex,headimg FROM users WHERE userid=13
[2017-07-11 16:04:58.184] [DEBUG] account - SELECT name,sex,headimg FROM users WHERE userid=12
[2017-07-11 16:04:58.187] [DEBUG] account - SELECT name,sex,headimg FROM users WHERE userid=12
[2017-07-11 16:07:10.617] [DEBUG] account - SELECT name,sex,headimg FROM users WHERE userid=12
[2017-07-11 16:07:11.770] [DEBUG] account - SELECT name,sex,headimg FROM users WHERE userid=13
[2017-07-11 16:07:11.784] [DEBUG] account - SELECT name,sex,headimg FROM users WHERE userid=13
[2017-07-11 16:07:14.076] [DEBUG] account - SELECT name,sex,headimg FROM users WHERE userid=13
[2017-07-11 16:07:15.044] [DEBUG] account - SELECT name,sex,headimg FROM users WHERE userid=12
[2017-07-11 16:07:15.046] [DEBUG] account - SELECT name,sex,headimg FROM users WHERE userid=12
[2017-07-11 16:09:29.380] [DEBUG] account - SELECT name,sex,headimg FROM users WHERE userid=12
[2017-07-11 16:09:34.083] [DEBUG] account - SELECT name,sex,headimg FROM users WHERE userid=13
[2017-07-11 16:09:34.086] [DEBUG] account - SELECT name,sex,headimg FROM users WHERE userid=13
[2017-07-11 16:09:43.598] [DEBUG] account - SELECT name,sex,headimg FROM users WHERE userid=13
[2017-07-11 16:09:44.520] [DEBUG] account - SELECT name,sex,headimg FROM users WHERE userid=12
[2017-07-11 16:09:44.524] [DEBUG] account - SELECT name,sex,headimg FROM users WHERE userid=12
[2017-07-11 16:10:12.673] [DEBUG] account - SELECT name,sex,headimg FROM users WHERE userid=12
[2017-07-11 16:10:16.608] [DEBUG] account - SELECT name,sex,headimg FROM users WHERE userid=13
[2017-07-11 16:11:14.934] [DEBUG] account - SELECT name,sex,headimg FROM users WHERE userid=12
[2017-07-11 16:11:16.271] [DEBUG] account - SELECT name,sex,headimg FROM users WHERE userid=13
[2017-07-11 16:11:16.277] [DEBUG] account - SELECT name,sex,headimg FROM users WHERE userid=13
[2017-07-11 16:11:32.531] [DEBUG] account - SELECT name,sex,headimg FROM users WHERE userid=13
[2017-07-11 16:11:33.500] [DEBUG] account - SELECT name,sex,headimg FROM users WHERE userid=12
[2017-07-11 16:11:33.503] [DEBUG] account - SELECT name,sex,headimg FROM users WHERE userid=12
[2017-07-11 16:11:57.938] [DEBUG] account - SELECT name,sex,headimg FROM users WHERE userid=12
[2017-07-11 16:11:58.996] [DEBUG] account - SELECT name,sex,headimg FROM users WHERE userid=13
[2017-07-11 16:11:58.999] [DEBUG] account - SELECT name,sex,headimg FROM users WHERE userid=13
[2017-07-11 16:12:03.060] [DEBUG] account - SELECT name,sex,headimg FROM users WHERE userid=13
[2017-07-11 16:12:04.042] [DEBUG] account - SELECT name,sex,headimg FROM users WHERE userid=12
[2017-07-11 16:12:04.045] [DEBUG] account - SELECT name,sex,headimg FROM users WHERE userid=12
[2017-07-11 16:13:53.544] [DEBUG] account - SELECT name,sex,headimg FROM users WHERE userid=12
[2017-07-11 16:13:54.656] [DEBUG] account - SELECT name,sex,headimg FROM users WHERE userid=13
[2017-07-11 16:13:54.659] [DEBUG] account - SELECT name,sex,headimg FROM users WHERE userid=13
[2017-07-11 16:13:56.114] [DEBUG] account - SELECT name,sex,headimg FROM users WHERE userid=13
[2017-07-11 16:13:57.079] [DEBUG] account - SELECT name,sex,headimg FROM users WHERE userid=12
[2017-07-11 16:13:57.082] [DEBUG] account - SELECT name,sex,headimg FROM users WHERE userid=12
[2017-07-11 16:14:20.820] [DEBUG] account - SELECT name,sex,headimg FROM users WHERE userid=12
[2017-07-11 16:14:22.055] [DEBUG] account - SELECT name,sex,headimg FROM users WHERE userid=13
[2017-07-11 16:14:22.057] [DEBUG] account - SELECT name,sex,headimg FROM users WHERE userid=13
[2017-07-11 16:15:46.110] [DEBUG] account - SELECT name,sex,headimg FROM users WHERE userid=12
[2017-07-11 16:15:47.057] [DEBUG] account - SELECT name,sex,headimg FROM users WHERE userid=13
[2017-07-11 16:15:47.059] [DEBUG] account - SELECT name,sex,headimg FROM users WHERE userid=13
[2017-07-11 16:15:51.954] [DEBUG] account - SELECT name,sex,headimg FROM users WHERE userid=13
[2017-07-11 16:15:53.024] [DEBUG] account - SELECT name,sex,headimg FROM users WHERE userid=12
[2017-07-11 16:15:53.027] [DEBUG] account - SELECT name,sex,headimg FROM users WHERE userid=12
[2017-07-11 16:18:12.462] [DEBUG] account - SELECT name,sex,headimg FROM users WHERE userid=12
[2017-07-11 16:18:13.506] [DEBUG] account - SELECT name,sex,headimg FROM users WHERE userid=13
[2017-07-11 16:18:13.509] [DEBUG] account - SELECT name,sex,headimg FROM users WHERE userid=13
[2017-07-11 16:18:15.342] [DEBUG] account - SELECT name,sex,headimg FROM users WHERE userid=13
[2017-07-11 16:18:16.228] [DEBUG] account - SELECT name,sex,headimg FROM users WHERE userid=12
[2017-07-11 16:18:16.232] [DEBUG] account - SELECT name,sex,headimg FROM users WHERE userid=12
[2017-07-11 16:21:09.647] [DEBUG] account - SELECT name,sex,headimg FROM users WHERE userid=12
[2017-07-11 16:21:10.845] [DEBUG] account - SELECT name,sex,headimg FROM users WHERE userid=13
[2017-07-11 16:21:10.848] [DEBUG] account - SELECT name,sex,headimg FROM users WHERE userid=13
[2017-07-11 16:21:13.760] [DEBUG] account - SELECT name,sex,headimg FROM users WHERE userid=13
[2017-07-11 16:21:14.729] [DEBUG] account - SELECT name,sex,headimg FROM users WHERE userid=12
[2017-07-11 16:21:14.732] [DEBUG] account - SELECT name,sex,headimg FROM users WHERE userid=12
[2017-07-11 16:22:55.631] [DEBUG] account - SELECT name,sex,headimg FROM users WHERE userid=12
[2017-07-11 16:22:56.830] [DEBUG] account - SELECT name,sex,headimg FROM users WHERE userid=13
[2017-07-11 16:22:56.833] [DEBUG] account - SELECT name,sex,headimg FROM users WHERE userid=13
[2017-07-11 16:22:59.316] [DEBUG] account - SELECT name,sex,headimg FROM users WHERE userid=13
[2017-07-11 16:23:00.249] [DEBUG] account - SELECT name,sex,headimg FROM users WHERE userid=12
[2017-07-11 16:23:00.252] [DEBUG] account - SELECT name,sex,headimg FROM users WHERE userid=12
[2017-07-11 16:24:26.016] [DEBUG] account - SELECT name,sex,headimg FROM users WHERE userid=12
[2017-07-11 16:24:27.178] [DEBUG] account - SELECT name,sex,headimg FROM users WHERE userid=13
[2017-07-11 16:24:27.181] [DEBUG] account - SELECT name,sex,headimg FROM users WHERE userid=13
[2017-07-11 16:26:35.235] [DEBUG] account - SELECT name,sex,headimg FROM users WHERE userid=12
[2017-07-11 16:26:36.378] [DEBUG] account - SELECT name,sex,headimg FROM users WHERE userid=13
[2017-07-11 16:26:36.381] [DEBUG] account - SELECT name,sex,headimg FROM users WHERE userid=13
[2017-07-11 16:29:07.494] [DEBUG] account - SELECT name,sex,headimg FROM users WHERE userid=12
[2017-07-11 16:29:08.658] [DEBUG] account - SELECT name,sex,headimg FROM users WHERE userid=13
[2017-07-11 16:29:08.661] [DEBUG] account - SELECT name,sex,headimg FROM users WHERE userid=13
[2017-07-11 16:29:28.700] [DEBUG] account - SELECT name,sex,headimg FROM users WHERE userid=12
[2017-07-11 16:29:29.880] [DEBUG] account - SELECT name,sex,headimg FROM users WHERE userid=13
[2017-07-11 16:29:29.882] [DEBUG] account - SELECT name,sex,headimg FROM users WHERE userid=13
[2017-07-11 16:29:54.589] [DEBUG] account - SELECT name,sex,headimg FROM users WHERE userid=13
[2017-07-11 16:29:55.492] [DEBUG] account - SELECT name,sex,headimg FROM users WHERE userid=12
[2017-07-11 16:29:55.497] [DEBUG] account - SELECT name,sex,headimg FROM users WHERE userid=12
[2017-07-11 16:30:35.992] [DEBUG] account - SELECT name,sex,headimg FROM users WHERE userid=12
[2017-07-11 16:30:37.117] [DEBUG] account - SELECT name,sex,headimg FROM users WHERE userid=13
[2017-07-11 16:30:37.121] [DEBUG] account - SELECT name,sex,headimg FROM users WHERE userid=13
[2017-07-11 16:30:43.765] [DEBUG] account - SELECT name,sex,headimg FROM users WHERE userid=13
[2017-07-11 16:30:44.717] [DEBUG] account - SELECT name,sex,headimg FROM users WHERE userid=12
[2017-07-11 16:30:44.721] [DEBUG] account - SELECT name,sex,headimg FROM users WHERE userid=12
[2017-07-11 16:33:04.404] [DEBUG] account - SELECT name,sex,headimg FROM users WHERE userid=13
[2017-07-11 16:33:05.302] [DEBUG] account - SELECT name,sex,headimg FROM users WHERE userid=12
[2017-07-11 16:33:05.308] [DEBUG] account - SELECT name,sex,headimg FROM users WHERE userid=12
[2017-07-11 16:36:15.869] [DEBUG] account - SELECT name,sex,headimg FROM users WHERE userid=12
[2017-07-11 16:36:17.001] [DEBUG] account - SELECT name,sex,headimg FROM users WHERE userid=13
[2017-07-11 16:36:17.005] [DEBUG] account - SELECT name,sex,headimg FROM users WHERE userid=13
[2017-07-11 16:36:18.375] [DEBUG] account - SELECT name,sex,headimg FROM users WHERE userid=13
[2017-07-11 16:36:19.387] [DEBUG] account - SELECT name,sex,headimg FROM users WHERE userid=12
[2017-07-11 16:36:19.389] [DEBUG] account - SELECT name,sex,headimg FROM users WHERE userid=12
[2017-07-11 16:37:21.496] [DEBUG] account - SELECT name,sex,headimg FROM users WHERE userid=12
[2017-07-11 16:37:22.650] [DEBUG] account - SELECT name,sex,headimg FROM users WHERE userid=13
[2017-07-11 16:37:22.652] [DEBUG] account - SELECT name,sex,headimg FROM users WHERE userid=13
[2017-07-11 16:37:23.910] [DEBUG] account - SELECT name,sex,headimg FROM users WHERE userid=13
[2017-07-11 16:37:24.875] [DEBUG] account - SELECT name,sex,headimg FROM users WHERE userid=12
[2017-07-11 16:37:24.878] [DEBUG] account - SELECT name,sex,headimg FROM users WHERE userid=12
[2017-07-11 16:48:21.369] [DEBUG] account - SELECT name,sex,headimg FROM users WHERE userid=12
[2017-07-11 16:48:22.268] [DEBUG] account - SELECT name,sex,headimg FROM users WHERE userid=13
[2017-07-11 16:48:22.271] [DEBUG] account - SELECT name,sex,headimg FROM users WHERE userid=13
[2017-07-11 16:48:24.087] [DEBUG] account - SELECT name,sex,headimg FROM users WHERE userid=13
[2017-07-11 16:48:37.237] [DEBUG] account - SELECT name,sex,headimg FROM users WHERE userid=12
[2017-07-11 16:48:38.201] [DEBUG] account - SELECT name,sex,headimg FROM users WHERE userid=13
[2017-07-11 16:48:38.204] [DEBUG] account - SELECT name,sex,headimg FROM users WHERE userid=13
[2017-07-11 16:48:40.250] [DEBUG] account - SELECT name,sex,headimg FROM users WHERE userid=13
[2017-07-11 16:49:00.813] [DEBUG] account - SELECT name,sex,headimg FROM users WHERE userid=12
[2017-07-11 16:49:03.435] [DEBUG] account - SELECT name,sex,headimg FROM users WHERE userid=13
[2017-07-11 16:49:14.608] [DEBUG] account - SELECT name,sex,headimg FROM users WHERE userid=13
[2017-07-11 16:49:14.610] [DEBUG] account - SELECT name,sex,headimg FROM users WHERE userid=13
[2017-07-11 16:49:15.452] [DEBUG] account - SELECT name,sex,headimg FROM users WHERE userid=12
[2017-07-11 16:49:15.455] [DEBUG] account - SELECT name,sex,headimg FROM users WHERE userid=12
[2017-07-11 16:56:36.761] [DEBUG] account - SELECT name,sex,headimg FROM users WHERE userid=12
[2017-07-11 16:56:37.905] [DEBUG] account - SELECT name,sex,headimg FROM users WHERE userid=13
[2017-07-11 16:56:37.908] [DEBUG] account - SELECT name,sex,headimg FROM users WHERE userid=13
[2017-07-11 16:56:39.302] [DEBUG] account - SELECT name,sex,headimg FROM users WHERE userid=13
[2017-07-11 16:56:40.356] [DEBUG] account - SELECT name,sex,headimg FROM users WHERE userid=12
[2017-07-11 16:56:40.359] [DEBUG] account - SELECT name,sex,headimg FROM users WHERE userid=12
[2017-07-11 16:57:34.546] [DEBUG] account - SELECT name,sex,headimg FROM users WHERE userid=12
[2017-07-11 16:57:35.680] [DEBUG] account - SELECT name,sex,headimg FROM users WHERE userid=13
[2017-07-11 16:57:35.684] [DEBUG] account - SELECT name,sex,headimg FROM users WHERE userid=13
[2017-07-11 16:57:37.071] [DEBUG] account - SELECT name,sex,headimg FROM users WHERE userid=13
[2017-07-11 16:57:38.033] [DEBUG] account - SELECT name,sex,headimg FROM users WHERE userid=12
[2017-07-11 16:57:38.035] [DEBUG] account - SELECT name,sex,headimg FROM users WHERE userid=12
[2017-07-11 16:58:13.459] [DEBUG] account - SELECT name,sex,headimg FROM users WHERE userid=12
[2017-07-11 16:58:14.672] [DEBUG] account - SELECT name,sex,headimg FROM users WHERE userid=13
[2017-07-11 16:58:14.674] [DEBUG] account - SELECT name,sex,headimg FROM users WHERE userid=13
[2017-07-11 16:58:21.889] [DEBUG] account - SELECT name,sex,headimg FROM users WHERE userid=13
[2017-07-11 16:58:23.132] [DEBUG] account - SELECT name,sex,headimg FROM users WHERE userid=12
[2017-07-11 16:58:23.151] [DEBUG] account - SELECT name,sex,headimg FROM users WHERE userid=12
[2017-07-11 16:59:18.658] [DEBUG] account - SELECT name,sex,headimg FROM users WHERE userid=12
[2017-07-11 16:59:19.622] [DEBUG] account - SELECT name,sex,headimg FROM users WHERE userid=13
[2017-07-11 16:59:19.624] [DEBUG] account - SELECT name,sex,headimg FROM users WHERE userid=13
[2017-07-11 16:59:21.133] [DEBUG] account - SELECT name,sex,headimg FROM users WHERE userid=13
[2017-07-11 16:59:22.078] [DEBUG] account - SELECT name,sex,headimg FROM users WHERE userid=12
[2017-07-11 16:59:22.081] [DEBUG] account - SELECT name,sex,headimg FROM users WHERE userid=12
[2017-07-11 16:59:55.213] [DEBUG] account - SELECT name,sex,headimg FROM users WHERE userid=12
[2017-07-11 16:59:56.313] [DEBUG] account - SELECT name,sex,headimg FROM users WHERE userid=13
[2017-07-11 16:59:56.316] [DEBUG] account - SELECT name,sex,headimg FROM users WHERE userid=13
[2017-07-11 16:59:57.775] [DEBUG] account - SELECT name,sex,headimg FROM users WHERE userid=13
[2017-07-11 16:59:58.806] [DEBUG] account - SELECT name,sex,headimg FROM users WHERE userid=12
[2017-07-11 16:59:58.809] [DEBUG] account - SELECT name,sex,headimg FROM users WHERE userid=12
[2017-07-11 17:01:35.929] [DEBUG] account - SELECT name,sex,headimg FROM users WHERE userid=12
[2017-07-11 17:01:37.073] [DEBUG] account - SELECT name,sex,headimg FROM users WHERE userid=13
[2017-07-11 17:01:37.077] [DEBUG] account - SELECT name,sex,headimg FROM users WHERE userid=13
[2017-07-11 17:01:38.551] [DEBUG] account - SELECT name,sex,headimg FROM users WHERE userid=13
[2017-07-11 17:01:39.522] [DEBUG] account - SELECT name,sex,headimg FROM users WHERE userid=12
[2017-07-11 17:01:39.525] [DEBUG] account - SELECT name,sex,headimg FROM users WHERE userid=12
[2017-07-11 17:03:14.989] [DEBUG] account - SELECT name,sex,headimg FROM users WHERE userid=12
[2017-07-11 17:03:16.118] [DEBUG] account - SELECT name,sex,headimg FROM users WHERE userid=13
[2017-07-11 17:03:16.122] [DEBUG] account - SELECT name,sex,headimg FROM users WHERE userid=13
[2017-07-11 17:03:17.367] [DEBUG] account - SELECT name,sex,headimg FROM users WHERE userid=13
[2017-07-11 17:03:18.321] [DEBUG] account - SELECT name,sex,headimg FROM users WHERE userid=12
[2017-07-11 17:03:18.324] [DEBUG] account - SELECT name,sex,headimg FROM users WHERE userid=12
[2017-07-11 17:03:48.597] [DEBUG] account - SELECT name,sex,headimg FROM users WHERE userid=12
[2017-07-11 17:03:49.727] [DEBUG] account - SELECT name,sex,headimg FROM users WHERE userid=13
[2017-07-11 17:03:49.729] [DEBUG] account - SELECT name,sex,headimg FROM users WHERE userid=13
[2017-07-11 17:03:50.808] [DEBUG] account - SELECT name,sex,headimg FROM users WHERE userid=13
[2017-07-11 17:03:51.872] [DEBUG] account - SELECT name,sex,headimg FROM users WHERE userid=12
[2017-07-11 17:03:51.874] [DEBUG] account - SELECT name,sex,headimg FROM users WHERE userid=12
[2017-07-11 17:05:36.085] [DEBUG] account - SELECT name,sex,headimg FROM users WHERE userid=12
[2017-07-11 17:05:37.189] [DEBUG] account - SELECT name,sex,headimg FROM users WHERE userid=13
[2017-07-11 17:05:37.197] [DEBUG] account - SELECT name,sex,headimg FROM users WHERE userid=13
[2017-07-11 17:05:38.493] [DEBUG] account - SELECT name,sex,headimg FROM users WHERE userid=13
[2017-07-11 17:05:39.374] [DEBUG] account - SELECT name,sex,headimg FROM users WHERE userid=12
[2017-07-11 17:05:39.378] [DEBUG] account - SELECT name,sex,headimg FROM users WHERE userid=12
[2017-07-11 17:08:51.726] [DEBUG] account - SELECT name,sex,headimg FROM users WHERE userid=12
[2017-07-11 17:08:52.846] [DEBUG] account - SELECT name,sex,headimg FROM users WHERE userid=13
[2017-07-11 17:08:52.849] [DEBUG] account - SELECT name,sex,headimg FROM users WHERE userid=13
[2017-07-11 17:08:55.483] [DEBUG] account - SELECT name,sex,headimg FROM users WHERE userid=13
[2017-07-11 17:08:56.414] [DEBUG] account - SELECT name,sex,headimg FROM users WHERE userid=12
[2017-07-11 17:08:56.418] [DEBUG] account - SELECT name,sex,headimg FROM users WHERE userid=12
[2017-07-11 17:13:07.776] [DEBUG] account - SELECT name,sex,headimg FROM users WHERE userid=12
[2017-07-11 17:13:08.928] [DEBUG] account - SELECT name,sex,headimg FROM users WHERE userid=13
[2017-07-11 17:13:08.933] [DEBUG] account - SELECT name,sex,headimg FROM users WHERE userid=13
[2017-07-11 17:13:10.444] [DEBUG] account - SELECT name,sex,headimg FROM users WHERE userid=13
[2017-07-11 17:13:11.406] [DEBUG] account - SELECT name,sex,headimg FROM users WHERE userid=12
[2017-07-11 17:13:11.410] [DEBUG] account - SELECT name,sex,headimg FROM users WHERE userid=12
[2017-07-11 17:14:36.541] [DEBUG] account - SELECT name,sex,headimg FROM users WHERE userid=12
[2017-07-11 17:14:37.673] [DEBUG] account - SELECT name,sex,headimg FROM users WHERE userid=13
[2017-07-11 17:14:37.676] [DEBUG] account - SELECT name,sex,headimg FROM users WHERE userid=13
[2017-07-11 17:14:39.562] [DEBUG] account - SELECT name,sex,headimg FROM users WHERE userid=13
[2017-07-11 17:14:40.522] [DEBUG] account - SELECT name,sex,headimg FROM users WHERE userid=12
[2017-07-11 17:14:40.525] [DEBUG] account - SELECT name,sex,headimg FROM users WHERE userid=12
[2017-07-11 17:23:59.024] [DEBUG] account - SELECT name,sex,headimg FROM users WHERE userid=12
[2017-07-11 17:24:00.362] [DEBUG] account - SELECT name,sex,headimg FROM users WHERE userid=13
[2017-07-11 17:24:11.568] [DEBUG] account - SELECT name,sex,headimg FROM users WHERE userid=12
[2017-07-11 17:24:12.730] [DEBUG] account - SELECT name,sex,headimg FROM users WHERE userid=13
[2017-07-11 17:24:14.622] [DEBUG] account - SELECT name,sex,headimg FROM users WHERE userid=13
[2017-07-11 17:24:15.647] [DEBUG] account - SELECT name,sex,headimg FROM users WHERE userid=12
[2017-07-11 17:25:57.657] [DEBUG] account - SELECT name,sex,headimg FROM users WHERE userid=12
[2017-07-11 17:25:58.930] [DEBUG] account - SELECT name,sex,headimg FROM users WHERE userid=13
[2017-07-11 17:26:00.289] [DEBUG] account - SELECT name,sex,headimg FROM users WHERE userid=13
[2017-07-11 17:26:01.376] [DEBUG] account - SELECT name,sex,headimg FROM users WHERE userid=12
[2017-07-11 17:27:32.236] [DEBUG] account - SELECT name,sex,headimg FROM users WHERE userid=14
[2017-07-11 17:27:39.833] [DEBUG] account - SELECT name,sex,headimg FROM users WHERE userid=14
[2017-07-11 17:27:39.836] [DEBUG] account - SELECT name,sex,headimg FROM users WHERE userid=14
[2017-07-11 17:27:39.839] [DEBUG] account - SELECT name,sex,headimg FROM users WHERE userid=14
[2017-07-11 17:27:39.843] [DEBUG] account - SELECT name,sex,headimg FROM users WHERE userid=14
[2017-07-11 17:27:40.790] [DEBUG] account - SELECT name,sex,headimg FROM users WHERE userid=13
[2017-07-11 17:27:40.792] [DEBUG] account - SELECT name,sex,headimg FROM users WHERE userid=12
[2017-07-11 17:27:40.793] [DEBUG] account - SELECT name,sex,headimg FROM users WHERE userid=13
[2017-07-11 17:27:40.795] [DEBUG] account - SELECT name,sex,headimg FROM users WHERE userid=12
[2017-07-11 17:50:58.906] [INFO] account - ACCOUNT DB READY.
[2017-07-11 17:50:58.921] [INFO] account - ACCOUNT SERVER RUNNING ON: 9000
[2017-07-11 17:50:58.921] [INFO] account - AGENT CHALLENGE READY FOR CLIENT.
[2017-07-11 17:50:58.923] [INFO] account - AGENT API RUNING ON: 127.0.0.1:12581
[2017-07-11 17:55:27.204] [DEBUG] account - SELECT name,sex,headimg FROM users WHERE userid=21
[2017-07-11 17:55:29.513] [DEBUG] account - SELECT name,sex,headimg FROM users WHERE userid=12
[2017-07-11 17:55:31.096] [DEBUG] account - SELECT name,sex,headimg FROM users WHERE userid=22
[2017-07-11 17:55:42.432] [DEBUG] account - SELECT name,sex,headimg FROM users WHERE userid=22
[2017-07-11 17:55:42.438] [DEBUG] account - SELECT name,sex,headimg FROM users WHERE userid=22
[2017-07-11 17:55:42.959] [DEBUG] account - SELECT name,sex,headimg FROM users WHERE userid=21
[2017-07-11 17:55:42.963] [DEBUG] account - SELECT name,sex,headimg FROM users WHERE userid=21
[2017-07-11 17:59:07.628] [DEBUG] account - SELECT name,sex,headimg FROM users WHERE userid=21
[2017-07-11 17:59:08.330] [DEBUG] account - SELECT name,sex,headimg FROM users WHERE userid=22
[2017-07-11 17:59:08.334] [DEBUG] account - SELECT name,sex,headimg FROM users WHERE userid=22
[2017-07-11 17:59:31.573] [DEBUG] account - SELECT name,sex,headimg FROM users WHERE userid=21
[2017-07-11 17:59:32.226] [DEBUG] account - SELECT name,sex,headimg FROM users WHERE userid=22
[2017-07-11 17:59:32.231] [DEBUG] account - SELECT name,sex,headimg FROM users WHERE userid=22
[2017-07-11 17:59:34.612] [DEBUG] account - SELECT name,sex,headimg FROM users WHERE userid=22
[2017-07-11 17:59:35.256] [DEBUG] account - SELECT name,sex,headimg FROM users WHERE userid=21
[2017-07-11 17:59:35.261] [DEBUG] account - SELECT name,sex,headimg FROM users WHERE userid=21
[2017-07-11 18:01:42.505] [INFO] account - ACCOUNT DB READY.
[2017-07-11 18:01:42.518] [INFO] account - ACCOUNT SERVER RUNNING ON: 9000
[2017-07-11 18:01:42.519] [INFO] account - AGENT CHALLENGE READY FOR CLIENT.
[2017-07-11 18:01:42.520] [INFO] account - AGENT API RUNING ON: 127.0.0.1:12581
[2017-07-11 18:05:47.581] [DEBUG] account - SELECT name,sex,headimg FROM users WHERE userid=21
[2017-07-11 18:05:50.941] [DEBUG] account - SELECT name,sex,headimg FROM users WHERE userid=22
[2017-07-11 18:06:42.136] [DEBUG] account - SELECT name,sex,headimg FROM users WHERE userid=21
[2017-07-11 18:06:42.858] [DEBUG] account - SELECT name,sex,headimg FROM users WHERE userid=22
[2017-07-11 18:06:42.861] [DEBUG] account - SELECT name,sex,headimg FROM users WHERE userid=22
[2017-07-11 18:06:44.800] [DEBUG] account - SELECT name,sex,headimg FROM users WHERE userid=22
[2017-07-11 18:06:45.407] [DEBUG] account - SELECT name,sex,headimg FROM users WHERE userid=21
[2017-07-11 18:06:45.411] [DEBUG] account - SELECT name,sex,headimg FROM users WHERE userid=21
[2017-07-11 18:07:14.360] [DEBUG] account - SELECT name,sex,headimg FROM users WHERE userid=21
[2017-07-11 18:07:15.077] [DEBUG] account - SELECT name,sex,headimg FROM users WHERE userid=22
[2017-07-11 18:07:15.082] [DEBUG] account - SELECT name,sex,headimg FROM users WHERE userid=22
[2017-07-11 18:07:16.456] [DEBUG] account - SELECT name,sex,headimg FROM users WHERE userid=22
[2017-07-11 18:07:17.084] [DEBUG] account - SELECT name,sex,headimg FROM users WHERE userid=21
[2017-07-11 18:07:17.088] [DEBUG] account - SELECT name,sex,headimg FROM users WHERE userid=21
[2017-07-11 18:17:45.079] [INFO] account - ACCOUNT DB READY.
[2017-07-11 18:17:45.094] [INFO] account - ACCOUNT SERVER RUNNING ON: 9000
[2017-07-11 18:17:45.094] [INFO] account - AGENT CHALLENGE READY FOR CLIENT.
[2017-07-11 18:17:45.095] [INFO] account - AGENT API RUNING ON: 127.0.0.1:12581
[2017-07-11 18:29:40.838] [INFO] account - ACCOUNT DB READY.
[2017-07-11 18:29:40.844] [INFO] account - ACCOUNT SERVER RUNNING ON: 9000
[2017-07-11 18:29:40.845] [INFO] account - AGENT CHALLENGE READY FOR CLIENT.
[2017-07-11 18:29:40.847] [INFO] account - AGENT API RUNING ON: 127.0.0.1:12581
