[2017-07-14 09:37:47.666] [INFO] log - ACCOUNT LOG MANAGER READY.
[2017-07-14 09:37:47.620] [INFO] log - HALL LOG MANAGER READY.
[2017-07-14 09:37:48.148] [INFO] log - POKER SANDAHA LOG MANAGER READY.
[2017-07-14 09:37:48.211] [INFO] log - POKER TAXAS LOG MANAGER READY.
[2017-07-14 09:37:48.196] [INFO] log - POKER SANGONG LOG MANAGER READY.
[2017-07-14 09:37:47.698] [INFO] log - POKER RUNNING LOG MANAGER READY.
[2017-07-14 09:37:47.744] [INFO] log - POKER OX LOG MANAGER READY.
[2017-07-14 09:37:48.070] [INFO] log - POKER 21 POINTS LOG MANAGER READY.
[2017-07-14 09:37:48.336] [INFO] log - POKER SHISANSHUI LOG MANAGER READY.
[2017-07-14 09:37:48.398] [INFO] log - POKER 10.5 POINTS LOG MANAGER READY.
[2017-07-14 09:37:48.446] [INFO] log - POKER LANDLORD LOG MANAGER READY.
[2017-07-14 09:37:48.476] [INFO] log - POKER GOLDFLOWER LOG MANAGER READY.
[2017-07-14 23:38:12.058] [INFO] log - ACCOUNT LOG MANAGER READY.
[2017-07-14 23:38:12.229] [INFO] log - HALL LOG MANAGER READY.
[2017-07-14 23:38:12.146] [INFO] log - POKER RUNNING LOG MANAGER READY.
[2017-07-14 23:38:12.180] [INFO] log - POKER OX LOG MANAGER READY.
[2017-07-14 23:38:12.216] [INFO] log - POKER LANDLORD LOG MANAGER READY.
[2017-07-14 23:38:12.346] [INFO] log - POKER GOLDFLOWER LOG MANAGER READY.
[2017-07-14 23:38:12.403] [INFO] log - POKER TAXAS LOG MANAGER READY.
[2017-07-14 23:38:12.468] [INFO] log - POKER SHISANSHUI LOG MANAGER READY.
[2017-07-14 23:38:12.628] [INFO] log - POKER SANGONG LOG MANAGER READY.
[2017-07-14 23:38:12.733] [INFO] log - POKER 21 POINTS LOG MANAGER READY.
[2017-07-14 23:38:12.775] [INFO] log - POKER 10.5 POINTS LOG MANAGER READY.
[2017-07-14 23:38:12.980] [INFO] log - POKER SANDAHA LOG MANAGER READY.
[2017-07-14 23:58:27.168] [INFO] log - ACCOUNT LOG MANAGER READY.
[2017-07-14 23:58:27.204] [INFO] log - HALL LOG MANAGER READY.
[2017-07-14 23:58:28.679] [INFO] log - POKER RUNNING LOG MANAGER READY.
[2017-07-14 23:58:28.739] [INFO] log - POKER LANDLORD LOG MANAGER READY.
[2017-07-14 23:58:30.061] [INFO] log - POKER OX LOG MANAGER READY.
[2017-07-14 23:58:30.243] [INFO] log - POKER GOLDFLOWER LOG MANAGER READY.
[2017-07-14 23:58:31.567] [INFO] log - POKER TAXAS LOG MANAGER READY.
[2017-07-14 23:58:31.800] [INFO] log - POKER SANGONG LOG MANAGER READY.
[2017-07-14 23:58:32.953] [INFO] log - POKER SHISANSHUI LOG MANAGER READY.
[2017-07-14 23:58:33.349] [INFO] log - POKER 21 POINTS LOG MANAGER READY.
[2017-07-14 23:58:34.323] [INFO] log - POKER 10.5 POINTS LOG MANAGER READY.
[2017-07-14 23:58:34.675] [INFO] log - POKER SANDAHA LOG MANAGER READY.
[2017-07-14 23:58:50.632] [INFO] log - ACCOUNT LOG MANAGER READY.
[2017-07-14 23:58:50.640] [INFO] log - HALL LOG MANAGER READY.
[2017-07-14 23:58:50.695] [INFO] log - POKER RUNNING LOG MANAGER READY.
[2017-07-14 23:58:50.753] [INFO] log - POKER LANDLORD LOG MANAGER READY.
[2017-07-14 23:58:50.832] [INFO] log - POKER OX LOG MANAGER READY.
[2017-07-14 23:58:50.982] [INFO] log - POKER SANGONG LOG MANAGER READY.
[2017-07-14 23:58:50.987] [INFO] log - POKER GOLDFLOWER LOG MANAGER READY.
[2017-07-14 23:58:50.952] [INFO] log - POKER TAXAS LOG MANAGER READY.
[2017-07-14 23:58:51.159] [INFO] log - POKER SHISANSHUI LOG MANAGER READY.
[2017-07-14 23:58:51.249] [INFO] log - POKER 21 POINTS LOG MANAGER READY.
[2017-07-14 23:58:51.321] [INFO] log - POKER SANDAHA LOG MANAGER READY.
[2017-07-14 23:58:51.439] [INFO] log - POKER 10.5 POINTS LOG MANAGER READY.
