[2017-06-27 09:51:47.568] [INFO] http - ACCOUNT HTTP SERVICE READY.
[2017-06-27 09:51:47.583] [INFO] http - AGENT HTTP SERVICE READY.
[2017-06-27 09:51:47.607] [INFO] http - CLIENT HTTP SERVICE READY.
[2017-06-27 09:51:47.610] [INFO] http - ROOM SERVICE HTTP SERVICE READY.
[2017-06-27 09:51:47.612] [INFO] http - PAY SERVICE HTTP SERVICE READY.
[2017-06-27 09:51:47.660] [INFO] http - POKER SANGONG HTTP SERVICE READY.
[2017-06-27 09:51:47.705] [INFO] http - POKER SHISANSHUI HTTP SERVICE READY.
[2017-06-27 09:51:47.740] [INFO] http - POKER 21 POINTS HTTP SERVICE READY.
[2017-06-27 09:51:47.778] [INFO] http - POKER OX HTTP SERVICE READY.
[2017-06-27 09:51:47.750] [INFO] http - POKER TAXAS HTTP SERVICE READY.
[2017-06-27 09:51:47.639] [INFO] http - POKER LANDLORD HTTP SERVICE READY.
[2017-06-27 09:51:47.671] [INFO] http - POKER RUNNING HTTP SERVICE READY.
[2017-06-27 09:51:47.857] [INFO] http - POKER GOLDFLOWER HTTP SERVICE READY.
[2017-06-27 09:51:47.947] [INFO] http - POKER 10.5 POINTS HTTP SERVICE READY.
[2017-06-27 11:42:16.147] [INFO] http - ACCOUNT HTTP SERVICE READY.
[2017-06-27 11:42:16.194] [INFO] http - HALL HTTP SERVICE READY.
[2017-06-27 11:42:16.505] [INFO] http - POKER RUNNING HTTP SERVICE READY.
[2017-06-27 11:42:16.561] [INFO] http - POKER LANDLORD HTTP SERVICE READY.
[2017-06-27 11:42:16.951] [INFO] http - POKER OX HTTP SERVICE READY.
[2017-06-27 11:42:17.146] [INFO] http - POKER GOLDFLOWER HTTP SERVICE READY.
[2017-06-27 11:42:17.641] [INFO] http - POKER TAXAS HTTP SERVICE READY.
[2017-06-27 11:42:17.843] [INFO] http - POKER SANGONG HTTP SERVICE READY.
[2017-06-27 11:42:18.506] [INFO] http - POKER SHISANSHUI HTTP SERVICE READY.
[2017-06-27 11:42:18.629] [INFO] http - POKER 21 POINTS HTTP SERVICE READY.
[2017-06-27 11:42:19.315] [INFO] http - POKER 10.5 POINTS HTTP SERVICE READY.
[2017-06-27 12:17:15.891] [INFO] http - POKER SANDAHA HTTP SERVICE READY.
[2017-06-27 12:17:20.739] [ERROR] http - problem with request: read ECONNRESET
[2017-06-27 13:40:45.093] [INFO] http - POKER SANDAHA HTTP SERVICE READY.
[2017-06-27 16:31:37.003] [INFO] http - HALL HTTP SERVICE READY.
[2017-06-27 16:31:37.031] [INFO] http - ACCOUNT HTTP SERVICE READY.
[2017-06-27 16:31:36.873] [INFO] http - POKER GOLDFLOWER HTTP SERVICE READY.
[2017-06-27 16:31:36.873] [INFO] http - POKER OX HTTP SERVICE READY.
[2017-06-27 16:31:37.012] [INFO] http - POKER TAXAS HTTP SERVICE READY.
[2017-06-27 16:31:37.197] [INFO] http - POKER SANGONG HTTP SERVICE READY.
[2017-06-27 16:31:37.229] [INFO] http - POKER LANDLORD HTTP SERVICE READY.
[2017-06-27 16:31:37.245] [INFO] http - POKER RUNNING HTTP SERVICE READY.
[2017-06-27 16:31:37.369] [INFO] http - POKER 10.5 POINTS HTTP SERVICE READY.
[2017-06-27 16:31:37.511] [INFO] http - POKER SHISANSHUI HTTP SERVICE READY.
[2017-06-27 16:31:37.557] [INFO] http - POKER 21 POINTS HTTP SERVICE READY.
[2017-06-27 16:32:30.075] [INFO] http - POKER SANDAHA HTTP SERVICE READY.
