[2017-07-05 09:38:23.292] [INFO] log - ACCOUNT LOG MANAGER READY.
[2017-07-05 09:38:23.307] [INFO] log - HALL LOG MANAGER READY.
[2017-07-05 09:38:23.370] [INFO] log - POKER RUNNING LOG MANAGER READY.
[2017-07-05 09:38:23.448] [INFO] log - POKER OX LOG MANAGER READY.
[2017-07-05 09:38:23.448] [INFO] log - POKER GOLDFLOWER LOG MANAGER READY.
[2017-07-05 09:38:23.557] [INFO] log - POKER 21 POINTS LOG MANAGER READY.
[2017-07-05 09:38:23.479] [INFO] log - POKER LANDLORD LOG MANAGER READY.
[2017-07-05 09:38:23.635] [INFO] log - POKER SHISANSHUI LOG MANAGER READY.
[2017-07-05 09:38:23.791] [INFO] log - POKER 10.5 POINTS LOG MANAGER READY.
[2017-07-05 09:38:23.847] [INFO] log - POKER TAXAS LOG MANAGER READY.
[2017-07-05 09:38:24.019] [INFO] log - POKER SANGONG LOG MANAGER READY.
[2017-07-05 09:38:53.158] [INFO] log - POKER SANDAHA LOG MANAGER READY.
[2017-07-05 09:49:09.647] [INFO] log - POKER SANDAHA LOG MANAGER READY.
[2017-07-05 10:16:47.283] [INFO] log - POKER SANDAHA LOG MANAGER READY.
[2017-07-05 10:19:07.949] [INFO] log - POKER SANDAHA LOG MANAGER READY.
[2017-07-05 11:02:42.282] [INFO] log - POKER SANDAHA LOG MANAGER READY.
[2017-07-05 11:55:32.136] [DEBUG] log - insert ingot log
[2017-07-05 14:18:56.083] [DEBUG] log - insert ingot log
[2017-07-05 14:29:01.043] [DEBUG] log - insert ingot log
[2017-07-05 15:46:56.270] [INFO] log - POKER SANDAHA LOG MANAGER READY.
[2017-07-05 16:06:20.429] [DEBUG] log - insert ingot log
[2017-07-05 16:14:18.494] [INFO] log - POKER SANDAHA LOG MANAGER READY.
[2017-07-05 16:17:40.434] [INFO] log - POKER SANDAHA LOG MANAGER READY.
[2017-07-05 16:52:57.803] [INFO] log - POKER SANDAHA LOG MANAGER READY.
[2017-07-05 17:09:44.771] [INFO] log - POKER SANDAHA LOG MANAGER READY.
[2017-07-05 17:29:04.706] [INFO] log - POKER SANDAHA LOG MANAGER READY.
[2017-07-05 17:32:09.209] [DEBUG] log - insert ingot log
