[2017-07-11 09:47:23.544] [INFO] log - ACCOUNT LOG MANAGER READY.
[2017-07-11 09:47:23.538] [INFO] log - HALL LOG MANAGER READY.
[2017-07-11 09:47:23.539] [INFO] log - POKER SHISANSHUI LOG MANAGER READY.
[2017-07-11 09:47:23.572] [INFO] log - POKER LANDLORD LOG MANAGER READY.
[2017-07-11 09:47:23.637] [INFO] log - POKER 10.5 POINTS LOG MANAGER READY.
[2017-07-11 09:47:23.538] [INFO] log - POKER TAXAS LOG MANAGER READY.
[2017-07-11 09:47:23.544] [INFO] log - POKER SANGONG LOG MANAGER READY.
[2017-07-11 09:47:23.543] [INFO] log - POKER GOLDFLOWER LOG MANAGER READY.
[2017-07-11 09:47:23.537] [INFO] log - POKER OX LOG MANAGER READY.
[2017-07-11 09:47:23.546] [INFO] log - POKER 21 POINTS LOG MANAGER READY.
[2017-07-11 09:47:23.566] [INFO] log - POKER RUNNING LOG MANAGER READY.
[2017-07-11 09:47:58.209] [INFO] log - POKER SANDAHA LOG MANAGER READY.
[2017-07-11 15:45:47.839] [INFO] log - POKER RUNNING LOG MANAGER READY.
[2017-07-11 16:11:03.536] [INFO] log - POKER RUNNING LOG MANAGER READY.
[2017-07-11 16:13:37.069] [INFO] log - POKER RUNNING LOG MANAGER READY.
[2017-07-11 16:18:38.020] [INFO] log - POKER RUNNING LOG MANAGER READY.
[2017-07-11 16:43:14.098] [INFO] log - POKER RUNNING LOG MANAGER READY.
[2017-07-11 16:43:26.919] [INFO] log - POKER RUNNING LOG MANAGER READY.
[2017-07-11 16:45:01.050] [INFO] log - POKER RUNNING LOG MANAGER READY.
[2017-07-11 17:30:18.259] [DEBUG] log - insert ingot log
[2017-07-11 17:50:58.903] [INFO] log - HALL LOG MANAGER READY.
[2017-07-11 17:50:58.916] [INFO] log - ACCOUNT LOG MANAGER READY.
[2017-07-11 17:50:59.391] [INFO] log - POKER LANDLORD LOG MANAGER READY.
[2017-07-11 17:50:59.489] [INFO] log - POKER RUNNING LOG MANAGER READY.
[2017-07-11 17:51:00.012] [INFO] log - POKER OX LOG MANAGER READY.
[2017-07-11 17:51:00.302] [INFO] log - POKER GOLDFLOWER LOG MANAGER READY.
[2017-07-11 17:51:00.883] [INFO] log - POKER TAXAS LOG MANAGER READY.
[2017-07-11 17:51:01.392] [INFO] log - POKER SANGONG LOG MANAGER READY.
[2017-07-11 17:51:02.044] [INFO] log - POKER SHISANSHUI LOG MANAGER READY.
[2017-07-11 17:51:02.526] [INFO] log - POKER 21 POINTS LOG MANAGER READY.
[2017-07-11 17:51:03.171] [INFO] log - POKER 10.5 POINTS LOG MANAGER READY.
[2017-07-11 17:51:11.718] [INFO] log - POKER SANDAHA LOG MANAGER READY.
[2017-07-11 17:54:15.381] [INFO] log - HALL LOG MANAGER READY.
[2017-07-11 17:58:09.241] [INFO] log - HALL LOG MANAGER READY.
[2017-07-11 17:58:46.812] [INFO] log - POKER LANDLORD LOG MANAGER READY.
[2017-07-11 18:01:42.516] [INFO] log - ACCOUNT LOG MANAGER READY.
[2017-07-11 18:01:42.564] [INFO] log - HALL LOG MANAGER READY.
[2017-07-11 18:01:43.045] [INFO] log - POKER LANDLORD LOG MANAGER READY.
[2017-07-11 18:01:43.069] [INFO] log - POKER RUNNING LOG MANAGER READY.
[2017-07-11 18:01:43.643] [INFO] log - POKER OX LOG MANAGER READY.
[2017-07-11 18:01:43.929] [INFO] log - POKER GOLDFLOWER LOG MANAGER READY.
[2017-07-11 18:01:44.482] [INFO] log - POKER TAXAS LOG MANAGER READY.
[2017-07-11 18:01:45.014] [INFO] log - POKER SANGONG LOG MANAGER READY.
[2017-07-11 18:01:45.583] [INFO] log - POKER SHISANSHUI LOG MANAGER READY.
[2017-07-11 18:01:46.203] [INFO] log - POKER 21 POINTS LOG MANAGER READY.
[2017-07-11 18:01:46.824] [INFO] log - POKER 10.5 POINTS LOG MANAGER READY.
[2017-07-11 18:06:12.628] [INFO] log - POKER SANDAHA LOG MANAGER READY.
[2017-07-11 18:17:45.090] [INFO] log - ACCOUNT LOG MANAGER READY.
[2017-07-11 18:17:45.097] [INFO] log - HALL LOG MANAGER READY.
[2017-07-11 18:17:45.578] [INFO] log - POKER RUNNING LOG MANAGER READY.
[2017-07-11 18:17:45.590] [INFO] log - POKER LANDLORD LOG MANAGER READY.
[2017-07-11 18:17:46.154] [INFO] log - POKER OX LOG MANAGER READY.
[2017-07-11 18:17:46.332] [INFO] log - POKER GOLDFLOWER LOG MANAGER READY.
[2017-07-11 18:17:47.174] [INFO] log - POKER TAXAS LOG MANAGER READY.
[2017-07-11 18:17:47.548] [INFO] log - POKER SANGONG LOG MANAGER READY.
[2017-07-11 18:17:48.367] [INFO] log - POKER SHISANSHUI LOG MANAGER READY.
[2017-07-11 18:17:48.772] [INFO] log - POKER 21 POINTS LOG MANAGER READY.
[2017-07-11 18:17:49.539] [INFO] log - POKER SANDAHA LOG MANAGER READY.
[2017-07-11 18:17:49.539] [INFO] log - POKER 10.5 POINTS LOG MANAGER READY.
[2017-07-11 18:29:40.842] [INFO] log - ACCOUNT LOG MANAGER READY.
[2017-07-11 18:29:40.816] [INFO] log - HALL LOG MANAGER READY.
[2017-07-11 18:29:40.799] [INFO] log - POKER SHISANSHUI LOG MANAGER READY.
[2017-07-11 18:29:40.757] [INFO] log - POKER TAXAS LOG MANAGER READY.
[2017-07-11 18:29:40.941] [INFO] log - POKER OX LOG MANAGER READY.
[2017-07-11 18:29:40.948] [INFO] log - POKER RUNNING LOG MANAGER READY.
[2017-07-11 18:29:41.056] [INFO] log - POKER SANGONG LOG MANAGER READY.
[2017-07-11 18:29:41.326] [INFO] log - POKER GOLDFLOWER LOG MANAGER READY.
[2017-07-11 18:29:41.515] [INFO] log - POKER 21 POINTS LOG MANAGER READY.
[2017-07-11 18:29:41.516] [INFO] log - POKER LANDLORD LOG MANAGER READY.
[2017-07-11 18:29:41.616] [INFO] log - POKER 10.5 POINTS LOG MANAGER READY.
[2017-07-11 18:29:41.731] [INFO] log - POKER SANDAHA LOG MANAGER READY.
