[2017-07-03 15:06:04.316] [INFO] log - HALL LOG MANAGER READY.
[2017-07-03 15:06:04.362] [INFO] log - ACCOUNT LOG MANAGER READY.
[2017-07-03 15:06:04.347] [INFO] log - POKER LANDLORD LOG MANAGER READY.
[2017-07-03 15:06:04.315] [INFO] log - POKER SHISANSHUI LOG MANAGER READY.
[2017-07-03 15:06:04.346] [INFO] log - POKER 21 POINTS LOG MANAGER READY.
[2017-07-03 15:06:04.331] [INFO] log - POKER 10.5 POINTS LOG MANAGER READY.
[2017-07-03 15:06:04.331] [INFO] log - POKER OX LOG MANAGER READY.
[2017-07-03 15:06:04.315] [INFO] log - POKER RUNNING LOG MANAGER READY.
[2017-07-03 15:06:04.346] [INFO] log - POKER SANGONG LOG MANAGER READY.
[2017-07-03 15:06:04.331] [INFO] log - POKER TAXAS LOG MANAGER READY.
[2017-07-03 15:06:04.331] [INFO] log - POKER GOLDFLOWER LOG MANAGER READY.
[2017-07-03 15:06:28.319] [INFO] log - POKER SANDAHA LOG MANAGER READY.
[2017-07-03 15:27:56.155] [INFO] log - POKER SANDAHA LOG MANAGER READY.
[2017-07-03 15:51:41.885] [INFO] log - POKER SANDAHA LOG MANAGER READY.
[2017-07-03 16:16:22.476] [INFO] log - ACCOUNT LOG MANAGER READY.
[2017-07-03 16:16:22.505] [INFO] log - HALL LOG MANAGER READY.
[2017-07-03 16:16:24.228] [INFO] log - POKER LANDLORD LOG MANAGER READY.
[2017-07-03 16:16:24.253] [INFO] log - POKER RUNNING LOG MANAGER READY.
[2017-07-03 16:16:25.869] [INFO] log - POKER OX LOG MANAGER READY.
[2017-07-03 16:16:26.018] [INFO] log - POKER GOLDFLOWER LOG MANAGER READY.
[2017-07-03 16:16:27.571] [INFO] log - POKER TAXAS LOG MANAGER READY.
[2017-07-03 16:16:27.790] [INFO] log - POKER SANGONG LOG MANAGER READY.
[2017-07-03 16:16:29.075] [INFO] log - POKER SHISANSHUI LOG MANAGER READY.
[2017-07-03 16:16:29.377] [INFO] log - POKER 21 POINTS LOG MANAGER READY.
[2017-07-03 16:16:30.526] [INFO] log - POKER 10.5 POINTS LOG MANAGER READY.
[2017-07-03 16:16:58.032] [INFO] log - POKER SANDAHA LOG MANAGER READY.
[2017-07-03 16:29:27.221] [ERROR] log - INSERT CREATE ROOM LOG: Error: ER_NO_SUCH_TABLE: Table 'log_100001.create_room_log' doesn't exist
    at Query.Sequence._packetToError (E:\WorkSpace\server\server\node_modules\mysql\lib\protocol\sequences\Sequence.js:52:14)
    at Query.ErrorPacket (E:\WorkSpace\server\server\node_modules\mysql\lib\protocol\sequences\Query.js:77:18)
    at Protocol._parsePacket (E:\WorkSpace\server\server\node_modules\mysql\lib\protocol\Protocol.js:280:23)
    at Parser.write (E:\WorkSpace\server\server\node_modules\mysql\lib\protocol\Parser.js:75:12)
    at Protocol.write (E:\WorkSpace\server\server\node_modules\mysql\lib\protocol\Protocol.js:39:16)
    at Socket.<anonymous> (E:\WorkSpace\server\server\node_modules\mysql\lib\Connection.js:103:28)
    at emitOne (events.js:96:13)
    at Socket.emit (events.js:189:7)
    at readableAddChunk (_stream_readable.js:176:18)
    at Socket.Readable.push (_stream_readable.js:134:10)
    --------------------
    at Protocol._enqueue (E:\WorkSpace\server\server\node_modules\mysql\lib\protocol\Protocol.js:141:48)
    at PoolConnection.query (E:\WorkSpace\server\server\node_modules\mysql\lib\Connection.js:208:25)
    at E:\WorkSpace\server\server\utils\logdb.js:33:18
    at Handshake.onConnect [as _callback] (E:\WorkSpace\server\server\node_modules\mysql\lib\Pool.js:64:7)
    at Handshake.Sequence.end (E:\WorkSpace\server\server\node_modules\mysql\lib\protocol\sequences\Sequence.js:86:24)
    at Handshake.Sequence.OkPacket (E:\WorkSpace\server\server\node_modules\mysql\lib\protocol\sequences\Sequence.js:95:8)
    at Protocol._parsePacket (E:\WorkSpace\server\server\node_modules\mysql\lib\protocol\Protocol.js:280:23)
    at Parser.write (E:\WorkSpace\server\server\node_modules\mysql\lib\protocol\Parser.js:75:12)
    at Protocol.write (E:\WorkSpace\server\server\node_modules\mysql\lib\protocol\Protocol.js:39:16)
    at Socket.<anonymous> (E:\WorkSpace\server\server\node_modules\mysql\lib\Connection.js:103:28)
[2017-07-03 16:34:31.215] [INFO] log - POKER SANDAHA LOG MANAGER READY.
[2017-07-03 16:36:24.727] [INFO] log - POKER SANDAHA LOG MANAGER READY.
[2017-07-03 16:40:36.104] [INFO] log - POKER SANDAHA LOG MANAGER READY.
[2017-07-03 16:43:37.497] [INFO] log - POKER SANDAHA LOG MANAGER READY.
[2017-07-03 16:52:13.304] [INFO] log - POKER SANDAHA LOG MANAGER READY.
[2017-07-03 16:53:55.637] [INFO] log - POKER SANDAHA LOG MANAGER READY.
[2017-07-03 16:58:59.500] [INFO] log - POKER SANDAHA LOG MANAGER READY.
